Locating server…
Booting server...
Setting up server…
Listening for messages…
Searching for Tailwind CSS projects in the workspace's folders.
{"tailwind":{"version":"3.4.17","features":["layer:base","separator:root","content-list","jit","css-at-config-as-project","relative-content-paths","transpiled-configs"],"isDefaultVersion":true},"path":"/home/nika/Documents/ENSIASD/tec_web/miniprojet/forum/vendor/laravel/framework/src/Illuminate/Foundation/resources/exceptions/renderer/tailwind.config.js"}
{"tailwind":{"version":"4.1.1","features":["css-at-theme","layer:base","content-list","source-inline","source-not"],"isDefaultVersion":true},"path":"/home/nika/Documents/ENSIASD/tec_web/miniprojet/forum/resources/css/app.css"}
{"tailwind":{"version":"4.1.1","features":["css-at-theme","layer:base","content-list","source-inline","source-not"],"isDefaultVersion":true},"path":"/home/nika/Documents/ENSIASD/tec_web/miniprojet/forum/vendor/laravel/framework/src/Illuminate/Foundation/resources/exceptions/renderer/dark-mode.css"}
{"tailwind":{"version":"4.1.1","features":["css-at-theme","layer:base","content-list","source-inline","source-not"],"isDefaultVersion":true},"path":"/home/nika/Documents/ENSIASD/tec_web/miniprojet/forum/vendor/laravel/framework/src/Illuminate/Foundation/resources/exceptions/renderer/light-mode.css"}
{"tailwind":{"version":"4.1.1","features":["css-at-theme","layer:base","content-list","source-inline","source-not"],"isDefaultVersion":true},"path":"/home/nika/Documents/ENSIASD/tec_web/miniprojet/forum/vendor/laravel/framework/src/Illuminate/Foundation/resources/exceptions/renderer/styles.css"}
[Warn  - 1:10:09 AM] The config /home/nika/Documents/ENSIASD/tec_web/miniprojet/forum/vendor/laravel/framework/src/Illuminate/Foundation/resources/exceptions/renderer/styles.css looks like it might be for a different Tailwind CSS version. Skipping.
[Global] Creating projects: [{"folder":"/home/nika/Documents/ENSIASD/tec_web/miniprojet/forum","config":"/home/nika/Documents/ENSIASD/tec_web/miniprojet/forum/vendor/laravel/framework/src/Illuminate/Foundation/resources/exceptions/renderer/tailwind.config.js","selectors":[{"pattern":"/home/nika/Documents/ENSIASD/tec_web/miniprojet/forum/vendor/laravel/framework/src/Illuminate/Foundation/resources/exceptions/renderer/tailwind.config.js","priority":0},{"pattern":"/home/nika/Documents/ENSIASD/tec_web/miniprojet/forum/vendor/laravel/framework/src/Illuminate/Foundation/resources/exceptions/renderer/**","priority":3}],"user":false,"tailwind":{"version":"3.4.17","features":["layer:base","separator:root","content-list","jit","css-at-config-as-project","relative-content-paths","transpiled-configs"],"isDefaultVersion":true}},{"folder":"/home/nika/Documents/ENSIASD/tec_web/miniprojet/forum","config":"/home/nika/Documents/ENSIASD/tec_web/miniprojet/forum/resources/css/app.css","selectors":[{"pattern":"/home/nika/Documents/ENSIASD/tec_web/miniprojet/forum/resources/css/app.css","priority":0},{"pattern":"/home/nika/Documents/ENSIASD/tec_web/miniprojet/forum/resources/css/**","priority":2},{"pattern":"/home/nika/Documents/ENSIASD/tec_web/miniprojet/forum/**","priority":4}],"user":false,"tailwind":{"version":"4.1.1","features":["css-at-theme","layer:base","content-list","source-inline","source-not"],"isDefaultVersion":true}},{"folder":"/home/nika/Documents/ENSIASD/tec_web/miniprojet/forum","config":"/home/nika/Documents/ENSIASD/tec_web/miniprojet/forum/vendor/laravel/framework/src/Illuminate/Foundation/resources/exceptions/renderer/dark-mode.css","selectors":[{"pattern":"/home/nika/Documents/ENSIASD/tec_web/miniprojet/forum/vendor/laravel/framework/src/Illuminate/Foundation/resources/exceptions/renderer/dark-mode.css","priority":0},{"pattern":"/home/nika/Documents/ENSIASD/tec_web/miniprojet/forum/vendor/laravel/framework/src/Illuminate/Foundation/resources/exceptions/renderer/**","priority":2}],"user":false,"tailwind":{"version":"4.1.1","features":["css-at-theme","layer:base","content-list","source-inline","source-not"],"isDefaultVersion":true}},{"folder":"/home/nika/Documents/ENSIASD/tec_web/miniprojet/forum","config":"/home/nika/Documents/ENSIASD/tec_web/miniprojet/forum/vendor/laravel/framework/src/Illuminate/Foundation/resources/exceptions/renderer/light-mode.css","selectors":[{"pattern":"/home/nika/Documents/ENSIASD/tec_web/miniprojet/forum/vendor/laravel/framework/src/Illuminate/Foundation/resources/exceptions/renderer/light-mode.css","priority":0},{"pattern":"/home/nika/Documents/ENSIASD/tec_web/miniprojet/forum/vendor/laravel/framework/src/Illuminate/Foundation/resources/exceptions/renderer/**","priority":2}],"user":false,"tailwind":{"version":"4.1.1","features":["css-at-theme","layer:base","content-list","source-inline","source-not"],"isDefaultVersion":true}}]
[Global] Preparing projects...
[Global] Adding watch patterns: /home/nika/Documents/ENSIASD/tec_web/miniprojet/forum/vendor/laravel/framework/src/Illuminate/Foundation/resources/exceptions/renderer/tailwind.config.js, /home/nika/Documents/ENSIASD/tec_web/miniprojet/forum/vendor/laravel/framework/src/Illuminate/Foundation/resources/exceptions/renderer, /home/nika/Documents/ENSIASD/tec_web/miniprojet/forum/vendor/laravel/framework/src/Illuminate/Foundation/resources/exceptions, /home/nika/Documents/ENSIASD/tec_web/miniprojet/forum/vendor/laravel/framework/src/Illuminate/Foundation/resources, /home/nika/Documents/ENSIASD/tec_web/miniprojet/forum/vendor/laravel/framework/src/Illuminate/Foundation, /home/nika/Documents/ENSIASD/tec_web/miniprojet/forum/vendor/laravel/framework/src/Illuminate, /home/nika/Documents/ENSIASD/tec_web/miniprojet/forum/vendor/laravel/framework/src, /home/nika/Documents/ENSIASD/tec_web/miniprojet/forum/vendor/laravel/framework, /home/nika/Documents/ENSIASD/tec_web/miniprojet/forum/vendor/laravel, /home/nika/Documents/ENSIASD/tec_web/miniprojet/forum/vendor, /home/nika/Documents/ENSIASD/tec_web/miniprojet/forum
[Global] Initializing projects...
[Global] Initialized 0 projects
[resources/css/app.css] Initializing...
[Global] Adding watch patterns: /home/nika/Documents/ENSIASD/tec_web/miniprojet/forum/resources/css/app.css, /home/nika/Documents/ENSIASD/tec_web/miniprojet/forum/resources/css, /home/nika/Documents/ENSIASD/tec_web/miniprojet/forum/resources
[resources/css/app.css] Failed to load workspace modules.
[resources/css/app.css] Using bundled version of `tailwindcss`: v4.1.1
[resources/css/app.css] Building...
[Error - 1:12:10 AM] Loading fallback stylesheet for: tailwindcss
