Locating server…
Booting server...
Setting up server…
Listening for messages…
[Info  - 1:46:54 AM] [GLOBAL] No matching project for document {
  fsPath: '/home/nika/Documents/ENSIASD/tec_web/miniprojet/v2/forum/.env',
  normalPath: '/home/nika/Documents/ENSIASD/tec_web/miniprojet/v2/forum/.env'
}
Searching for Tailwind CSS projects in the workspace's folders.
{"tailwind":{"version":"4.1.1","features":["css-at-theme","layer:base","content-list","source-inline","source-not"],"isDefaultVersion":true},"path":"/home/nika/Documents/ENSIASD/tec_web/miniprojet/v2/forum/resources/css/app.css"}
[Global] Creating projects: [{"folder":"/home/nika/Documents/ENSIASD/tec_web/miniprojet/v2/forum","config":"/home/nika/Documents/ENSIASD/tec_web/miniprojet/v2/forum/resources/css/app.css","selectors":[{"pattern":"/home/nika/Documents/ENSIASD/tec_web/miniprojet/v2/forum/resources/css/app.css","priority":0},{"pattern":"/home/nika/Documents/ENSIASD/tec_web/miniprojet/v2/forum/resources/css/**","priority":2},{"pattern":"/home/nika/Documents/ENSIASD/tec_web/miniprojet/v2/forum/**","priority":4},{"pattern":"/home/nika/Documents/ENSIASD/tec_web/miniprojet/v2/forum/**","priority":5}],"user":false,"tailwind":{"version":"4.1.1","features":["css-at-theme","layer:base","content-list","source-inline","source-not"],"isDefaultVersion":true}}]
[Global] Preparing projects...
[Global] Initializing projects...
[Global] Initialized 0 projects
[resources/css/app.css] Initializing...
[Global] Adding watch patterns: /home/nika/Documents/ENSIASD/tec_web/miniprojet/v2/forum/resources/css/app.css, /home/nika/Documents/ENSIASD/tec_web/miniprojet/v2/forum/resources/css, /home/nika/Documents/ENSIASD/tec_web/miniprojet/v2/forum/resources, /home/nika/Documents/ENSIASD/tec_web/miniprojet/v2/forum
[resources/css/app.css] Failed to load workspace modules.
[resources/css/app.css] Using bundled version of `tailwindcss`: v4.1.1
[resources/css/app.css] Building...
[Error - 1:48:34 AM] Loading fallback stylesheet for: tailwindcss
----------
RESTARTING
----------
[Info  - 1:49:56 AM] [GLOBAL] No matching project for document {
  fsPath: '/home/nika/Documents/ENSIASD/tec_web/miniprojet/v2/forum/database/seeders/SampleDataSeeder.php',
  normalPath: '/home/nika/Documents/ENSIASD/tec_web/miniprojet/v2/forum/database/seeders/SampleDataSeeder.php'
}
Searching for Tailwind CSS projects in the workspace's folders.
[Global] Creating projects: []
[Global] Preparing projects...
[Global] Initializing projects...
[Info  - 1:49:56 AM] [GLOBAL] No matching project for document {
  fsPath: '/home/nika/Documents/ENSIASD/tec_web/miniprojet/v2/forum/database/seeders/SampleDataSeeder.php',
  normalPath: '/home/nika/Documents/ENSIASD/tec_web/miniprojet/v2/forum/database/seeders/SampleDataSeeder.php'
}
[Global] Initialized 0 projects
[Info  - 1:49:56 AM] [GLOBAL] No matching project for document {
  fsPath: '/home/nika/Documents/ENSIASD/tec_web/miniprojet/v2/forum/database/seeders/SampleDataSeeder.php',
  normalPath: '/home/nika/Documents/ENSIASD/tec_web/miniprojet/v2/forum/database/seeders/SampleDataSeeder.php'
}
[Info  - 1:49:56 AM] [GLOBAL] No matching project for document {
  fsPath: '/home/nika/Documents/ENSIASD/tec_web/miniprojet/v2/forum/database/seeders/SampleDataSeeder.php',
  normalPath: '/home/nika/Documents/ENSIASD/tec_web/miniprojet/v2/forum/database/seeders/SampleDataSeeder.php'
}
[Info  - 1:49:56 AM] [GLOBAL] No matching project for document {
  fsPath: '/home/nika/Documents/ENSIASD/tec_web/miniprojet/v2/forum/database/seeders/SampleDataSeeder.php',
  normalPath: '/home/nika/Documents/ENSIASD/tec_web/miniprojet/v2/forum/database/seeders/SampleDataSeeder.php'
}
[Info  - 1:49:57 AM] [GLOBAL] No matching project for document {
  fsPath: '/home/nika/Documents/ENSIASD/tec_web/miniprojet/v2/forum/database/seeders/SampleDataSeeder.php',
  normalPath: '/home/nika/Documents/ENSIASD/tec_web/miniprojet/v2/forum/database/seeders/SampleDataSeeder.php'
}
[Info  - 1:49:57 AM] [GLOBAL] No matching project for document {
  fsPath: '/home/nika/Documents/ENSIASD/tec_web/miniprojet/v2/forum/database/seeders/SampleDataSeeder.php',
  normalPath: '/home/nika/Documents/ENSIASD/tec_web/miniprojet/v2/forum/database/seeders/SampleDataSeeder.php'
}
