2025-05-18 01:10:02.137 [info] Reading sessions from keychain...
2025-05-18 01:10:02.137 [info] Getting sessions for all scopes...
2025-05-18 01:10:02.137 [info] Getting sessions for all scopes...
2025-05-18 01:10:02.137 [info] Getting sessions for all scopes...
2025-05-18 01:10:02.137 [info] Getting sessions for all scopes...
2025-05-18 01:10:02.137 [info] Getting sessions for all scopes...
2025-05-18 01:10:02.137 [info] Getting sessions for all scopes...
2025-05-18 01:10:02.137 [info] Getting sessions for all scopes...
2025-05-18 01:10:02.137 [info] Got 0 sessions for ...
2025-05-18 01:10:02.137 [info] Got 0 sessions for ...
2025-05-18 01:10:02.137 [info] Got 0 sessions for ...
2025-05-18 01:10:02.137 [info] Got 0 sessions for ...
2025-05-18 01:10:02.137 [info] Got 0 sessions for ...
2025-05-18 01:10:02.137 [info] Got 0 sessions for ...
2025-05-18 01:10:02.137 [info] Got 0 sessions for ...
2025-05-18 01:10:02.174 [info] Getting sessions for all scopes...
2025-05-18 01:10:02.174 [info] Got 0 sessions for ...
2025-05-18 01:10:02.174 [info] Getting sessions for all scopes...
2025-05-18 01:10:02.174 [info] Got 0 sessions for ...
2025-05-18 01:10:02.174 [info] Getting sessions for all scopes...
2025-05-18 01:10:02.174 [info] Got 0 sessions for ...
2025-05-18 01:10:02.174 [info] Getting sessions for all scopes...
2025-05-18 01:10:02.174 [info] Got 0 sessions for ...
2025-05-18 01:10:02.174 [info] Getting sessions for all scopes...
2025-05-18 01:10:02.174 [info] Got 0 sessions for ...
2025-05-18 01:10:02.175 [info] Getting sessions for all scopes...
2025-05-18 01:10:02.175 [info] Got 0 sessions for ...
2025-05-18 01:10:03.324 [info] Getting sessions for all scopes...
2025-05-18 01:10:03.324 [info] Got 0 sessions for ...
2025-05-18 01:10:03.365 [info] Getting sessions for all scopes...
2025-05-18 01:10:03.365 [info] Got 0 sessions for ...
2025-05-18 01:10:03.699 [info] Getting sessions for all scopes...
2025-05-18 01:10:03.699 [info] Got 0 sessions for ...
2025-05-18 01:10:03.699 [info] Getting sessions for all scopes...
2025-05-18 01:10:03.699 [info] Got 0 sessions for ...
2025-05-18 01:10:03.699 [info] Getting sessions for project,read:org,read:user,repo,user:email,workflow...
2025-05-18 01:10:03.699 [info] Got 0 sessions for project,read:org,read:user,repo,user:email,workflow...
2025-05-18 01:10:03.699 [info] Getting sessions for all scopes...
2025-05-18 01:10:03.699 [info] Got 0 sessions for ...
2025-05-18 01:10:03.699 [info] Getting sessions for all scopes...
2025-05-18 01:10:03.699 [info] Got 0 sessions for ...
2025-05-18 01:10:03.857 [info] Getting sessions for all scopes...
2025-05-18 01:10:03.857 [info] Got 0 sessions for ...
2025-05-18 01:10:03.857 [info] Getting sessions for read:user,repo,user:email,workflow...
2025-05-18 01:10:03.857 [info] Got 0 sessions for read:user,repo,user:email,workflow...
2025-05-18 01:10:03.970 [info] Getting sessions for user:email...
2025-05-18 01:10:03.970 [info] Got 0 sessions for user:email...
2025-05-18 01:10:03.970 [info] Getting sessions for read:user,repo,user:email,workflow...
2025-05-18 01:10:03.970 [info] Got 0 sessions for read:user,repo,user:email,workflow...
2025-05-18 01:10:03.970 [info] Getting sessions for read:user,repo,user:email,workflow...
2025-05-18 01:10:03.970 [info] Got 0 sessions for read:user,repo,user:email,workflow...
2025-05-18 01:10:03.995 [info] Getting sessions for read:user...
2025-05-18 01:10:03.995 [info] Got 0 sessions for read:user...
2025-05-18 01:10:04.007 [info] Getting sessions for all scopes...
2025-05-18 01:10:04.007 [info] Got 0 sessions for ...
2025-05-18 01:10:04.255 [info] Getting sessions for read:user,repo,user:email...
2025-05-18 01:10:04.255 [info] Got 0 sessions for read:user,repo,user:email...
2025-05-18 01:10:04.344 [info] Getting sessions for user:email...
2025-05-18 01:10:04.344 [info] Got 0 sessions for user:email...
2025-05-18 01:10:04.435 [info] Getting sessions for read:user,repo,user:email,workflow...
2025-05-18 01:10:04.435 [info] Got 0 sessions for read:user,repo,user:email,workflow...
2025-05-18 01:10:04.435 [info] Getting sessions for user:email...
2025-05-18 01:10:04.435 [info] Got 0 sessions for user:email...
2025-05-18 01:10:04.435 [info] Getting sessions for read:user,repo,user:email,workflow...
2025-05-18 01:10:04.435 [info] Got 0 sessions for read:user,repo,user:email,workflow...
2025-05-18 01:10:04.608 [info] Getting sessions for all scopes...
2025-05-18 01:10:04.608 [info] Got 0 sessions for ...
2025-05-18 01:10:04.651 [info] Getting sessions for user:email...
2025-05-18 01:10:04.651 [info] Got 0 sessions for user:email...
2025-05-18 01:10:05.600 [info] Getting sessions for all scopes...
2025-05-18 01:10:05.600 [info] Got 0 sessions for ...
2025-05-18 01:10:05.653 [info] Getting sessions for user:email...
2025-05-18 01:10:05.653 [info] Got 0 sessions for user:email...
2025-05-18 01:10:05.678 [info] Getting sessions for all scopes...
2025-05-18 01:10:05.678 [info] Got 0 sessions for ...
2025-05-18 01:10:05.678 [info] Getting sessions for user:email...
2025-05-18 01:10:05.678 [info] Got 0 sessions for user:email...
2025-05-18 01:10:05.898 [info] Getting sessions for all scopes...
2025-05-18 01:10:05.898 [info] Got 0 sessions for ...
2025-05-18 01:10:05.899 [info] Getting sessions for read:user,repo,user:email,workflow...
2025-05-18 01:10:05.899 [info] Got 0 sessions for read:user,repo,user:email,workflow...
2025-05-18 01:10:05.900 [info] Getting sessions for all scopes...
2025-05-18 01:10:05.900 [info] Got 0 sessions for ...
2025-05-18 01:10:05.900 [info] Getting sessions for user:email...
2025-05-18 01:10:05.900 [info] Got 0 sessions for user:email...
2025-05-18 01:10:18.827 [info] Logging in with 'any' account...
2025-05-18 01:10:18.827 [info] Logging in for the following scopes: read:user repo user:email workflow
2025-05-18 01:10:18.849 [info] Trying without local server... (read:user repo user:email workflow)
2025-05-18 01:10:23.521 [error] User Cancelled
2025-05-18 01:10:24.564 [info] Trying with local server... (read:user repo user:email workflow)
2025-05-18 01:10:29.502 [info] Exchanging code for token...
2025-05-18 01:10:30.059 [info] Token exchange success!
2025-05-18 01:10:30.061 [info] Getting user info...
2025-05-18 01:10:30.667 [info] Got account info!
2025-05-18 01:10:30.667 [info] Storing 1 sessions...
2025-05-18 01:10:30.670 [info] Reading sessions from keychain...
2025-05-18 01:10:30.670 [info] Stored 1 sessions!
2025-05-18 01:10:30.670 [info] Login success!
2025-05-18 01:10:30.679 [info] Got stored sessions!
2025-05-18 01:10:30.679 [info] Got 1 verified sessions.
2025-05-18 01:10:30.680 [info] Getting sessions for all scopes...
2025-05-18 01:10:30.680 [info] Got 1 sessions for ...
2025-05-18 01:10:30.681 [info] Getting sessions for all scopes...
2025-05-18 01:10:30.681 [info] Got 1 sessions for ...
2025-05-18 01:10:30.681 [info] Getting sessions for all scopes...
2025-05-18 01:10:30.681 [info] Got 1 sessions for ...
2025-05-18 01:10:30.682 [info] Getting sessions for all scopes...
2025-05-18 01:10:30.682 [info] Got 1 sessions for ...
2025-05-18 01:10:30.682 [info] Getting sessions for all scopes...
2025-05-18 01:10:30.682 [info] Got 1 sessions for ...
2025-05-18 01:10:30.683 [info] Getting sessions for all scopes...
2025-05-18 01:10:30.683 [info] Got 1 sessions for ...
2025-05-18 01:10:30.683 [info] Getting sessions for all scopes...
2025-05-18 01:10:30.683 [info] Got 1 sessions for ...
2025-05-18 01:10:30.683 [info] Getting sessions for all scopes...
2025-05-18 01:10:30.683 [info] Got 1 sessions for ...
2025-05-18 01:10:30.684 [info] Getting sessions for project,read:org,read:user,repo,user:email,workflow...
2025-05-18 01:10:30.684 [info] Got 0 sessions for project,read:org,read:user,repo,user:email,workflow...
2025-05-18 01:10:30.684 [info] Getting sessions for read:user,repo,user:email,workflow...
2025-05-18 01:10:30.684 [info] Got 1 sessions for read:user,repo,user:email,workflow...
2025-05-18 01:10:30.684 [info] Getting sessions for read:user,repo,user:email,workflow...
2025-05-18 01:10:30.684 [info] Got 1 sessions for read:user,repo,user:email,workflow...
2025-05-18 01:10:30.730 [info] Getting sessions for read:user,repo,user:email,workflow...
2025-05-18 01:10:30.730 [info] Got 1 sessions for read:user,repo,user:email,workflow...
2025-05-18 01:10:30.730 [info] Getting sessions for read:user,repo,user:email,workflow...
2025-05-18 01:10:30.730 [info] Got 1 sessions for read:user,repo,user:email,workflow...
2025-05-18 01:10:30.790 [info] Getting sessions for all scopes...
2025-05-18 01:10:30.790 [info] Got 1 sessions for ...
2025-05-18 01:10:30.792 [info] Getting sessions for read:user,repo,user:email,workflow...
2025-05-18 01:10:30.792 [info] Got 1 sessions for read:user,repo,user:email,workflow...
2025-05-18 01:10:30.809 [info] Getting sessions for all scopes...
2025-05-18 01:10:30.809 [info] Got 1 sessions for ...
2025-05-18 01:10:30.809 [info] Getting sessions for read:user,repo,user:email,workflow...
2025-05-18 01:10:30.809 [info] Got 1 sessions for read:user,repo,user:email,workflow...
2025-05-18 01:10:31.366 [info] Getting sessions for read:user,repo,user:email,workflow...
2025-05-18 01:10:31.366 [info] Got 1 sessions for read:user,repo,user:email,workflow...
2025-05-18 01:10:31.446 [info] Getting sessions for read:user,repo,user:email,workflow...
2025-05-18 01:10:31.446 [info] Got 1 sessions for read:user,repo,user:email,workflow...
2025-05-18 01:10:31.934 [info] Getting sessions for all scopes...
2025-05-18 01:10:31.934 [info] Got 1 sessions for ...
2025-05-18 01:10:31.934 [info] Getting sessions for all scopes...
2025-05-18 01:10:31.934 [info] Got 1 sessions for ...
2025-05-18 01:10:31.935 [info] Getting sessions for read:user,repo,user:email,workflow...
2025-05-18 01:10:31.935 [info] Got 1 sessions for read:user,repo,user:email,workflow...
2025-05-18 01:10:31.936 [info] Getting sessions for all scopes...
2025-05-18 01:10:31.936 [info] Got 1 sessions for ...
2025-05-18 01:10:31.937 [info] Getting sessions for read:user,repo,user:email,workflow...
2025-05-18 01:10:31.937 [info] Got 1 sessions for read:user,repo,user:email,workflow...
2025-05-18 01:10:31.985 [info] Getting sessions for all scopes...
2025-05-18 01:10:31.985 [info] Got 1 sessions for ...
2025-05-18 01:10:31.985 [info] Getting sessions for all scopes...
2025-05-18 01:10:31.985 [info] Got 1 sessions for ...
2025-05-18 01:10:31.986 [info] Getting sessions for read:user,repo,user:email,workflow...
2025-05-18 01:10:31.986 [info] Got 1 sessions for read:user,repo,user:email,workflow...
2025-05-18 01:10:31.988 [info] Getting sessions for all scopes...
2025-05-18 01:10:31.988 [info] Got 1 sessions for ...
2025-05-18 01:10:31.989 [info] Getting sessions for all scopes...
2025-05-18 01:10:31.989 [info] Got 1 sessions for ...
2025-05-18 01:10:31.989 [info] Getting sessions for all scopes...
2025-05-18 01:10:31.989 [info] Got 1 sessions for ...
2025-05-18 01:10:31.990 [info] Getting sessions for read:user,repo,user:email,workflow...
2025-05-18 01:10:31.990 [info] Got 1 sessions for read:user,repo,user:email,workflow...
2025-05-18 01:25:33.577 [info] Getting sessions for all scopes...
2025-05-18 01:25:33.577 [info] Got 1 sessions for ...
2025-05-18 01:25:33.580 [info] Getting sessions for read:user,repo,user:email,workflow...
2025-05-18 01:25:33.580 [info] Got 1 sessions for read:user,repo,user:email,workflow...
2025-05-18 01:40:33.585 [info] Getting sessions for all scopes...
2025-05-18 01:40:33.585 [info] Got 1 sessions for ...
2025-05-18 01:40:33.588 [info] Getting sessions for read:user,repo,user:email,workflow...
2025-05-18 01:40:33.588 [info] Got 1 sessions for read:user,repo,user:email,workflow...
2025-05-18 01:40:33.591 [info] Getting sessions for all scopes...
2025-05-18 01:40:33.591 [info] Got 1 sessions for ...
2025-05-18 01:40:33.594 [info] Getting sessions for read:user,repo,user:email,workflow...
2025-05-18 01:40:33.594 [info] Got 1 sessions for read:user,repo,user:email,workflow...
2025-05-18 01:40:35.186 [info] Getting sessions for all scopes...
2025-05-18 01:40:35.186 [info] Got 1 sessions for ...
2025-05-18 01:40:35.186 [info] Getting sessions for all scopes...
2025-05-18 01:40:35.186 [info] Got 1 sessions for ...
2025-05-18 01:40:35.187 [info] Getting sessions for read:user,repo,user:email,workflow...
2025-05-18 01:40:35.187 [info] Got 1 sessions for read:user,repo,user:email,workflow...
2025-05-18 01:40:35.188 [info] Getting sessions for all scopes...
2025-05-18 01:40:35.188 [info] Got 1 sessions for ...
2025-05-18 01:40:35.189 [info] Getting sessions for read:user,repo,user:email,workflow...
2025-05-18 01:40:35.189 [info] Got 1 sessions for read:user,repo,user:email,workflow...
2025-05-18 01:40:35.191 [info] Getting sessions for all scopes...
2025-05-18 01:40:35.191 [info] Got 1 sessions for ...
2025-05-18 01:40:35.191 [info] Getting sessions for read:user,repo,user:email,workflow...
2025-05-18 01:40:35.191 [info] Got 1 sessions for read:user,repo,user:email,workflow...
2025-05-18 12:09:22.788 [info] Getting sessions for all scopes...
2025-05-18 12:09:22.788 [info] Got 1 sessions for ...
2025-05-18 12:09:22.791 [info] Getting sessions for read:user,repo,user:email,workflow...
2025-05-18 12:09:22.791 [info] Got 1 sessions for read:user,repo,user:email,workflow...
2025-05-18 12:09:22.794 [info] Getting sessions for all scopes...
2025-05-18 12:09:22.794 [info] Got 1 sessions for ...
2025-05-18 12:09:22.796 [info] Getting sessions for read:user,repo,user:email,workflow...
2025-05-18 12:09:22.796 [info] Got 1 sessions for read:user,repo,user:email,workflow...
2025-05-18 12:09:25.391 [info] Getting sessions for all scopes...
2025-05-18 12:09:25.391 [info] Got 1 sessions for ...
2025-05-18 12:09:25.391 [info] Getting sessions for all scopes...
2025-05-18 12:09:25.391 [info] Got 1 sessions for ...
2025-05-18 12:09:25.393 [info] Getting sessions for read:user,repo,user:email,workflow...
2025-05-18 12:09:25.393 [info] Got 1 sessions for read:user,repo,user:email,workflow...
2025-05-18 12:09:25.395 [info] Getting sessions for all scopes...
2025-05-18 12:09:25.395 [info] Got 1 sessions for ...
2025-05-18 12:09:25.396 [info] Getting sessions for read:user,repo,user:email,workflow...
2025-05-18 12:09:25.396 [info] Got 1 sessions for read:user,repo,user:email,workflow...
2025-05-18 12:09:25.398 [info] Getting sessions for all scopes...
2025-05-18 12:09:25.398 [info] Got 1 sessions for ...
2025-05-18 12:09:25.399 [info] Getting sessions for read:user,repo,user:email,workflow...
2025-05-18 12:09:25.399 [info] Got 1 sessions for read:user,repo,user:email,workflow...
2025-05-18 12:24:25.403 [info] Getting sessions for all scopes...
2025-05-18 12:24:25.403 [info] Got 1 sessions for ...
2025-05-18 12:24:25.405 [info] Getting sessions for read:user,repo,user:email,workflow...
2025-05-18 12:24:25.405 [info] Got 1 sessions for read:user,repo,user:email,workflow...
2025-05-18 12:34:29.889 [info] Getting sessions for read:user,repo,user:email,workflow...
2025-05-18 12:34:29.889 [info] Got 1 sessions for read:user,repo,user:email,workflow...
2025-05-18 12:39:25.902 [info] Getting sessions for all scopes...
2025-05-18 12:39:25.902 [info] Got 1 sessions for ...
2025-05-18 12:39:25.904 [info] Getting sessions for read:user,repo,user:email,workflow...
2025-05-18 12:39:25.904 [info] Got 1 sessions for read:user,repo,user:email,workflow...
2025-05-18 12:39:25.907 [info] Getting sessions for all scopes...
2025-05-18 12:39:25.907 [info] Got 1 sessions for ...
2025-05-18 12:39:25.910 [info] Getting sessions for read:user,repo,user:email,workflow...
2025-05-18 12:39:25.910 [info] Got 1 sessions for read:user,repo,user:email,workflow...
2025-05-18 12:39:27.423 [info] Getting sessions for all scopes...
2025-05-18 12:39:27.423 [info] Got 1 sessions for ...
2025-05-18 12:39:27.423 [info] Getting sessions for all scopes...
2025-05-18 12:39:27.423 [info] Got 1 sessions for ...
2025-05-18 12:39:27.425 [info] Getting sessions for read:user,repo,user:email,workflow...
2025-05-18 12:39:27.425 [info] Got 1 sessions for read:user,repo,user:email,workflow...
2025-05-18 12:39:27.428 [info] Getting sessions for all scopes...
2025-05-18 12:39:27.428 [info] Got 1 sessions for ...
2025-05-18 12:39:27.429 [info] Getting sessions for read:user,repo,user:email,workflow...
2025-05-18 12:39:27.429 [info] Got 1 sessions for read:user,repo,user:email,workflow...
2025-05-18 12:39:27.431 [info] Getting sessions for all scopes...
2025-05-18 12:39:27.431 [info] Got 1 sessions for ...
2025-05-18 12:39:27.432 [info] Getting sessions for read:user,repo,user:email,workflow...
2025-05-18 12:39:27.432 [info] Got 1 sessions for read:user,repo,user:email,workflow...
2025-05-18 12:39:29.619 [info] Getting sessions for all scopes...
2025-05-18 12:39:29.619 [info] Got 1 sessions for ...
2025-05-18 12:39:29.619 [info] Getting sessions for read:user,repo,user:email,workflow...
2025-05-18 12:39:29.619 [info] Got 1 sessions for read:user,repo,user:email,workflow...
2025-05-18 12:54:29.695 [info] Getting sessions for all scopes...
2025-05-18 12:54:29.695 [info] Got 1 sessions for ...
2025-05-18 12:54:29.696 [info] Getting sessions for read:user,repo,user:email,workflow...
2025-05-18 12:54:29.696 [info] Got 1 sessions for read:user,repo,user:email,workflow...
2025-05-18 12:54:29.696 [info] Getting sessions for all scopes...
2025-05-18 12:54:29.696 [info] Got 1 sessions for ...
2025-05-18 12:54:29.697 [info] Getting sessions for read:user,repo,user:email,workflow...
2025-05-18 12:54:29.697 [info] Got 1 sessions for read:user,repo,user:email,workflow...
2025-05-18 13:00:03.308 [info] Getting sessions for read:user,repo,user:email,workflow...
2025-05-18 13:00:03.308 [info] Got 1 sessions for read:user,repo,user:email,workflow...
2025-05-18 13:09:30.823 [info] Getting sessions for all scopes...
2025-05-18 13:09:30.823 [info] Got 1 sessions for ...
2025-05-18 13:09:30.826 [info] Getting sessions for read:user,repo,user:email,workflow...
2025-05-18 13:09:30.826 [info] Got 1 sessions for read:user,repo,user:email,workflow...
2025-05-18 13:09:30.829 [info] Getting sessions for all scopes...
2025-05-18 13:09:30.829 [info] Got 1 sessions for ...
2025-05-18 13:09:30.832 [info] Getting sessions for read:user,repo,user:email,workflow...
2025-05-18 13:09:30.832 [info] Got 1 sessions for read:user,repo,user:email,workflow...
2025-05-18 13:09:32.864 [info] Getting sessions for all scopes...
2025-05-18 13:09:32.864 [info] Got 1 sessions for ...
2025-05-18 13:09:32.865 [info] Getting sessions for all scopes...
2025-05-18 13:09:32.865 [info] Got 1 sessions for ...
2025-05-18 13:09:32.867 [info] Getting sessions for read:user,repo,user:email,workflow...
2025-05-18 13:09:32.867 [info] Got 1 sessions for read:user,repo,user:email,workflow...
2025-05-18 13:09:32.869 [info] Getting sessions for all scopes...
2025-05-18 13:09:32.869 [info] Got 1 sessions for ...
2025-05-18 13:09:32.871 [info] Getting sessions for read:user,repo,user:email,workflow...
2025-05-18 13:09:32.871 [info] Got 1 sessions for read:user,repo,user:email,workflow...
2025-05-18 13:09:32.875 [info] Getting sessions for all scopes...
2025-05-18 13:09:32.875 [info] Got 1 sessions for ...
2025-05-18 13:09:32.877 [info] Getting sessions for read:user,repo,user:email,workflow...
2025-05-18 13:09:32.877 [info] Got 1 sessions for read:user,repo,user:email,workflow...
2025-05-18 13:24:32.884 [info] Getting sessions for all scopes...
2025-05-18 13:24:32.884 [info] Got 1 sessions for ...
2025-05-18 13:24:32.886 [info] Getting sessions for read:user,repo,user:email,workflow...
2025-05-18 13:24:32.886 [info] Got 1 sessions for read:user,repo,user:email,workflow...
2025-05-18 13:24:32.889 [info] Getting sessions for all scopes...
2025-05-18 13:24:32.889 [info] Got 1 sessions for ...
2025-05-18 13:24:32.891 [info] Getting sessions for read:user,repo,user:email,workflow...
2025-05-18 13:24:32.891 [info] Got 1 sessions for read:user,repo,user:email,workflow...
2025-05-18 13:26:36.987 [info] Getting sessions for read:user,repo,user:email,workflow...
2025-05-18 13:26:36.988 [info] Got 1 sessions for read:user,repo,user:email,workflow...
2025-05-18 13:39:33.867 [info] Getting sessions for all scopes...
2025-05-18 13:39:33.867 [info] Got 1 sessions for ...
2025-05-18 13:39:33.870 [info] Getting sessions for read:user,repo,user:email,workflow...
2025-05-18 13:39:33.870 [info] Got 1 sessions for read:user,repo,user:email,workflow...
2025-05-18 13:39:33.872 [info] Getting sessions for all scopes...
2025-05-18 13:39:33.872 [info] Got 1 sessions for ...
2025-05-18 13:39:33.875 [info] Getting sessions for read:user,repo,user:email,workflow...
2025-05-18 13:39:33.875 [info] Got 1 sessions for read:user,repo,user:email,workflow...
2025-05-18 13:39:35.401 [info] Getting sessions for all scopes...
2025-05-18 13:39:35.401 [info] Got 1 sessions for ...
2025-05-18 13:39:35.402 [info] Getting sessions for all scopes...
2025-05-18 13:39:35.402 [info] Got 1 sessions for ...
2025-05-18 13:39:35.403 [info] Getting sessions for read:user,repo,user:email,workflow...
2025-05-18 13:39:35.403 [info] Got 1 sessions for read:user,repo,user:email,workflow...
2025-05-18 13:39:35.405 [info] Getting sessions for all scopes...
2025-05-18 13:39:35.405 [info] Got 1 sessions for ...
2025-05-18 13:39:35.407 [info] Getting sessions for read:user,repo,user:email,workflow...
2025-05-18 13:39:35.407 [info] Got 1 sessions for read:user,repo,user:email,workflow...
2025-05-18 13:39:35.413 [info] Getting sessions for all scopes...
2025-05-18 13:39:35.413 [info] Got 1 sessions for ...
2025-05-18 13:39:35.415 [info] Getting sessions for read:user,repo,user:email,workflow...
2025-05-18 13:39:35.415 [info] Got 1 sessions for read:user,repo,user:email,workflow...
2025-05-18 13:39:36.481 [info] Getting sessions for all scopes...
2025-05-18 13:39:36.481 [info] Got 1 sessions for ...
2025-05-18 13:39:36.482 [info] Getting sessions for read:user,repo,user:email,workflow...
2025-05-18 13:39:36.482 [info] Got 1 sessions for read:user,repo,user:email,workflow...
2025-05-18 13:54:36.485 [info] Getting sessions for all scopes...
2025-05-18 13:54:36.486 [info] Got 1 sessions for ...
2025-05-18 13:54:36.488 [info] Getting sessions for read:user,repo,user:email,workflow...
2025-05-18 13:54:36.488 [info] Got 1 sessions for read:user,repo,user:email,workflow...
2025-05-18 14:01:39.519 [info] Getting sessions for read:user,repo,user:email,workflow...
2025-05-18 14:01:39.519 [info] Got 1 sessions for read:user,repo,user:email,workflow...
2025-05-18 14:09:36.493 [info] Getting sessions for all scopes...
2025-05-18 14:09:36.493 [info] Got 1 sessions for ...
2025-05-18 14:09:36.495 [info] Getting sessions for read:user,repo,user:email,workflow...
2025-05-18 14:09:36.495 [info] Got 1 sessions for read:user,repo,user:email,workflow...
2025-05-18 14:09:36.498 [info] Getting sessions for all scopes...
2025-05-18 14:09:36.498 [info] Got 1 sessions for ...
2025-05-18 14:09:36.500 [info] Getting sessions for read:user,repo,user:email,workflow...
2025-05-18 14:09:36.500 [info] Got 1 sessions for read:user,repo,user:email,workflow...
2025-05-18 14:09:38.492 [info] Getting sessions for all scopes...
2025-05-18 14:09:38.493 [info] Got 1 sessions for ...
2025-05-18 14:09:38.493 [info] Getting sessions for all scopes...
2025-05-18 14:09:38.493 [info] Got 1 sessions for ...
2025-05-18 14:09:38.493 [info] Getting sessions for read:user,repo,user:email,workflow...
2025-05-18 14:09:38.493 [info] Got 1 sessions for read:user,repo,user:email,workflow...
2025-05-18 14:09:38.494 [info] Getting sessions for all scopes...
2025-05-18 14:09:38.494 [info] Got 1 sessions for ...
2025-05-18 14:09:38.495 [info] Getting sessions for read:user,repo,user:email,workflow...
2025-05-18 14:09:38.495 [info] Got 1 sessions for read:user,repo,user:email,workflow...
2025-05-18 14:09:38.496 [info] Getting sessions for all scopes...
2025-05-18 14:09:38.496 [info] Got 1 sessions for ...
2025-05-18 14:09:38.497 [info] Getting sessions for read:user,repo,user:email,workflow...
2025-05-18 14:09:38.497 [info] Got 1 sessions for read:user,repo,user:email,workflow...
2025-05-18 14:21:58.406 [info] Getting sessions for all scopes...
2025-05-18 14:21:58.406 [info] Got 1 sessions for ...
2025-05-18 14:21:58.407 [info] Getting sessions for read:user,repo,user:email,workflow...
2025-05-18 14:21:58.407 [info] Got 1 sessions for read:user,repo,user:email,workflow...
2025-05-18 14:21:59.802 [info] Getting sessions for all scopes...
2025-05-18 14:21:59.802 [info] Got 1 sessions for ...
2025-05-18 14:21:59.802 [info] Getting sessions for read:user,repo,user:email,workflow...
2025-05-18 14:21:59.802 [info] Got 1 sessions for read:user,repo,user:email,workflow...
2025-05-18 14:22:00.593 [info] Getting sessions for all scopes...
2025-05-18 14:22:00.593 [info] Got 1 sessions for ...
2025-05-18 14:22:00.595 [info] Getting sessions for read:user,repo,user:email,workflow...
2025-05-18 14:22:00.595 [info] Got 1 sessions for read:user,repo,user:email,workflow...
