2025-05-17 01:50:30.600 [info] Reading sessions from keychain...
2025-05-17 01:50:30.600 [info] Getting sessions for all scopes...
2025-05-17 01:50:30.600 [info] Getting sessions for all scopes...
2025-05-17 01:50:30.600 [info] Got 0 sessions for ...
2025-05-17 01:50:30.600 [info] Got 0 sessions for ...
2025-05-17 01:50:30.600 [info] Getting sessions for all scopes...
2025-05-17 01:50:30.600 [info] Got 0 sessions for ...
2025-05-17 01:50:30.600 [info] Getting sessions for all scopes...
2025-05-17 01:50:30.600 [info] Got 0 sessions for ...
2025-05-17 01:50:30.600 [info] Getting sessions for all scopes...
2025-05-17 01:50:30.600 [info] Got 0 sessions for ...
2025-05-17 01:50:30.600 [info] Getting sessions for all scopes...
2025-05-17 01:50:30.600 [info] Got 0 sessions for ...
2025-05-17 01:50:30.600 [info] Getting sessions for all scopes...
2025-05-17 01:50:30.600 [info] Got 0 sessions for ...
2025-05-17 01:50:30.600 [info] Getting sessions for all scopes...
2025-05-17 01:50:30.600 [info] Got 0 sessions for ...
2025-05-17 01:50:30.600 [info] Getting sessions for all scopes...
2025-05-17 01:50:30.600 [info] Got 0 sessions for ...
2025-05-17 01:50:30.600 [info] Getting sessions for all scopes...
2025-05-17 01:50:30.600 [info] Got 0 sessions for ...
2025-05-17 01:50:30.600 [info] Getting sessions for all scopes...
2025-05-17 01:50:30.600 [info] Got 0 sessions for ...
2025-05-17 01:50:30.600 [info] Getting sessions for all scopes...
2025-05-17 01:50:30.600 [info] Got 0 sessions for ...
2025-05-17 01:50:30.600 [info] Getting sessions for all scopes...
2025-05-17 01:50:30.600 [info] Got 0 sessions for ...
2025-05-17 01:50:30.600 [info] Getting sessions for all scopes...
2025-05-17 01:50:30.600 [info] Got 0 sessions for ...
2025-05-17 01:50:32.025 [info] Getting sessions for all scopes...
2025-05-17 01:50:32.025 [info] Got 0 sessions for ...
2025-05-17 01:50:32.317 [info] Getting sessions for read:user,repo,user:email,workflow...
2025-05-17 01:50:32.317 [info] Got 0 sessions for read:user,repo,user:email,workflow...
2025-05-17 01:50:32.318 [info] Getting sessions for all scopes...
2025-05-17 01:50:32.318 [info] Got 0 sessions for ...
2025-05-17 01:50:32.318 [info] Getting sessions for all scopes...
2025-05-17 01:50:32.318 [info] Got 0 sessions for ...
2025-05-17 01:50:32.341 [info] Getting sessions for all scopes...
2025-05-17 01:50:32.341 [info] Got 0 sessions for ...
2025-05-17 01:50:32.490 [info] Getting sessions for project,read:org,read:user,repo,user:email,workflow...
2025-05-17 01:50:32.490 [info] Got 0 sessions for project,read:org,read:user,repo,user:email,workflow...
2025-05-17 01:50:32.492 [info] Getting sessions for all scopes...
2025-05-17 01:50:32.492 [info] Got 0 sessions for ...
2025-05-17 01:50:32.505 [info] Getting sessions for all scopes...
2025-05-17 01:50:32.505 [info] Got 0 sessions for ...
2025-05-17 01:50:32.505 [info] Getting sessions for read:user,repo,user:email,workflow...
2025-05-17 01:50:32.505 [info] Got 0 sessions for read:user,repo,user:email,workflow...
2025-05-17 01:50:32.564 [info] Getting sessions for user:email...
2025-05-17 01:50:32.564 [info] Got 0 sessions for user:email...
2025-05-17 01:50:32.564 [info] Getting sessions for read:user,repo,user:email,workflow...
2025-05-17 01:50:32.564 [info] Got 0 sessions for read:user,repo,user:email,workflow...
2025-05-17 01:50:32.571 [info] Getting sessions for read:user,repo,user:email,workflow...
2025-05-17 01:50:32.571 [info] Got 0 sessions for read:user,repo,user:email,workflow...
2025-05-17 01:50:32.582 [info] Getting sessions for read:user...
2025-05-17 01:50:32.582 [info] Got 0 sessions for read:user...
2025-05-17 01:50:32.824 [info] Getting sessions for all scopes...
2025-05-17 01:50:32.824 [info] Got 0 sessions for ...
2025-05-17 01:50:32.839 [info] Getting sessions for read:user,repo,user:email...
2025-05-17 01:50:32.839 [info] Got 0 sessions for read:user,repo,user:email...
2025-05-17 01:50:32.867 [info] Getting sessions for user:email...
2025-05-17 01:50:32.867 [info] Got 0 sessions for user:email...
2025-05-17 01:50:32.883 [info] Getting sessions for user:email...
2025-05-17 01:50:32.883 [info] Got 0 sessions for user:email...
2025-05-17 01:50:32.887 [info] Getting sessions for read:user,repo,user:email,workflow...
2025-05-17 01:50:32.887 [info] Got 0 sessions for read:user,repo,user:email,workflow...
2025-05-17 01:50:33.004 [info] Getting sessions for all scopes...
2025-05-17 01:50:33.004 [info] Got 0 sessions for ...
2025-05-17 01:50:33.020 [info] Getting sessions for user:email...
2025-05-17 01:50:33.020 [info] Got 0 sessions for user:email...
2025-05-17 01:50:33.236 [info] Getting sessions for all scopes...
2025-05-17 01:50:33.236 [info] Got 0 sessions for ...
2025-05-17 01:50:33.289 [info] Getting sessions for user:email...
2025-05-17 01:50:33.289 [info] Got 0 sessions for user:email...
2025-05-17 01:50:33.314 [info] Getting sessions for all scopes...
2025-05-17 01:50:33.314 [info] Got 0 sessions for ...
2025-05-17 01:50:33.315 [info] Getting sessions for user:email...
2025-05-17 01:50:33.315 [info] Got 0 sessions for user:email...
2025-05-17 01:50:33.535 [info] Getting sessions for all scopes...
2025-05-17 01:50:33.535 [info] Got 0 sessions for ...
2025-05-17 01:50:33.535 [info] Getting sessions for read:user,repo,user:email,workflow...
2025-05-17 01:50:33.535 [info] Got 0 sessions for read:user,repo,user:email,workflow...
2025-05-17 01:50:33.536 [info] Getting sessions for all scopes...
2025-05-17 01:50:33.536 [info] Got 0 sessions for ...
2025-05-17 01:50:33.537 [info] Getting sessions for user:email...
2025-05-17 01:50:33.537 [info] Got 0 sessions for user:email...
