2025-05-04 13:17:21.022 [info] Laravel Extra Intellisense Started...
2025-05-04 13:17:21.022 [info] Laravel Extra Intellisense command started: HTTP Routes
2025-05-04 13:17:21.023 [info] Laravel Extra Intellisense command started: Views paths
2025-05-04 13:17:21.023 [info] Laravel Extra Intellisense command started: Configs
2025-05-04 13:17:21.023 [info] Laravel Extra Intellisense command started: Translation namespaces
2025-05-04 13:17:21.023 [info] Laravel Extra Intellisense command started: Middlewares
2025-05-04 13:17:21.023 [info] Laravel Extra Intellisense command started: Application Models
2025-05-04 13:17:21.023 [info] Laravel Extra Intellisense command started: Auth Data
2025-05-04 13:17:21.023 [info] Laravel Extra Intellisense command started: Eloquent Attributes and Relations
2025-05-04 13:17:21.023 [info] Laravel Extra Intellisense command started: Custom Blade Directives
2025-05-04 13:17:21.023 [info] Laravel Extra Intellisense Resolved: HTTP Routes
2025-05-04 13:17:21.023 [info] Laravel Extra Intellisense Resolved: Views paths
2025-05-04 13:17:21.023 [info] Laravel Extra Intellisense command started: Views
2025-05-04 13:17:21.023 [info] Laravel Extra Intellisense Resolved: Configs
2025-05-04 13:17:21.023 [info] Laravel Extra Intellisense Resolved: Translation namespaces
2025-05-04 13:17:21.023 [info] Laravel Extra Intellisense command started: Translation Path
2025-05-04 13:17:21.023 [info] Laravel Extra Intellisense Resolved: Middlewares
2025-05-04 13:17:21.023 [info] Laravel Extra Intellisense Resolved: Application Models
2025-05-04 13:17:21.032 [info] Laravel Extra Intellisense Resolved: Eloquent Attributes and Relations
2025-05-04 13:17:21.032 [info] Laravel Extra Intellisense Resolved: Custom Blade Directives
2025-05-04 13:17:21.032 [info] Laravel Extra Intellisense Resolved: Auth Data
2025-05-04 13:17:21.205 [info] Laravel Extra Intellisense Resolved: Views
2025-05-04 13:17:21.236 [info] Laravel Extra Intellisense Resolved: Translation Path
2025-05-04 13:18:20.398 [info] Laravel Extra Intellisense command started: Application Models
2025-05-04 13:18:20.398 [info] Laravel Extra Intellisense command started: Auth Data
2025-05-04 13:18:20.560 [info] Laravel Extra Intellisense Resolved: Application Models
2025-05-04 13:18:20.573 [info] Laravel Extra Intellisense Resolved: Auth Data
2025-05-04 13:19:07.658 [info] Laravel Extra Intellisense command started: Eloquent Attributes and Relations
2025-05-04 13:19:07.849 [info] Laravel Extra Intellisense Resolved: Eloquent Attributes and Relations
2025-05-04 13:19:20.406 [info] Laravel Extra Intellisense command started: Application Models
2025-05-04 13:19:20.406 [info] Laravel Extra Intellisense command started: Auth Data
2025-05-04 13:19:20.578 [info] Laravel Extra Intellisense Resolved: Application Models
2025-05-04 13:19:20.591 [info] Laravel Extra Intellisense Resolved: Auth Data
2025-05-04 13:20:20.401 [info] Laravel Extra Intellisense command started: Application Models
2025-05-04 13:20:20.401 [info] Laravel Extra Intellisense command started: Auth Data
2025-05-04 13:20:20.585 [info] Laravel Extra Intellisense Resolved: Application Models
2025-05-04 13:20:20.594 [info] Laravel Extra Intellisense Resolved: Auth Data
2025-05-04 13:20:22.052 [info] Laravel Extra Intellisense command started: Eloquent Attributes and Relations
2025-05-04 13:20:22.243 [info] Laravel Extra Intellisense Resolved: Eloquent Attributes and Relations
2025-05-04 13:21:11.321 [info] Laravel Extra Intellisense command started: Eloquent Attributes and Relations
2025-05-04 13:21:11.521 [info] Laravel Extra Intellisense Resolved: Eloquent Attributes and Relations
2025-05-04 13:21:20.402 [info] Laravel Extra Intellisense command started: Application Models
2025-05-04 13:21:20.402 [info] Laravel Extra Intellisense command started: Auth Data
2025-05-04 13:21:20.547 [info] Laravel Extra Intellisense Resolved: Application Models
2025-05-04 13:21:20.560 [info] Laravel Extra Intellisense Resolved: Auth Data
2025-05-04 13:21:57.430 [info] Laravel Extra Intellisense command started: Eloquent Attributes and Relations
2025-05-04 13:21:57.657 [info] Laravel Extra Intellisense Resolved: Eloquent Attributes and Relations
2025-05-04 13:22:20.400 [info] Laravel Extra Intellisense command started: Application Models
2025-05-04 13:22:20.400 [info] Laravel Extra Intellisense command started: Auth Data
2025-05-04 13:22:20.563 [info] Laravel Extra Intellisense Resolved: Application Models
2025-05-04 13:22:20.573 [info] Laravel Extra Intellisense Resolved: Auth Data
2025-05-04 13:22:20.867 [info] Laravel Extra Intellisense command started: Eloquent Attributes and Relations
2025-05-04 13:22:21.066 [info] Laravel Extra Intellisense Resolved: Eloquent Attributes and Relations
2025-05-04 13:23:20.402 [info] Laravel Extra Intellisense command started: Application Models
2025-05-04 13:23:20.402 [info] Laravel Extra Intellisense command started: Auth Data
2025-05-04 13:23:20.567 [info] Laravel Extra Intellisense Resolved: Application Models
2025-05-04 13:23:20.578 [info] Laravel Extra Intellisense Resolved: Auth Data
2025-05-04 13:24:20.407 [info] Laravel Extra Intellisense command started: Application Models
2025-05-04 13:24:20.407 [info] Laravel Extra Intellisense command started: Auth Data
2025-05-04 13:24:20.579 [info] Laravel Extra Intellisense Resolved: Application Models
2025-05-04 13:24:20.607 [info] Laravel Extra Intellisense Resolved: Auth Data
2025-05-04 13:25:20.403 [info] Laravel Extra Intellisense command started: Application Models
2025-05-04 13:25:20.403 [info] Laravel Extra Intellisense command started: Auth Data
2025-05-04 13:25:20.565 [info] Laravel Extra Intellisense Resolved: Application Models
2025-05-04 13:25:20.574 [info] Laravel Extra Intellisense Resolved: Auth Data
2025-05-04 13:26:20.406 [info] Laravel Extra Intellisense command started: Application Models
2025-05-04 13:26:20.406 [info] Laravel Extra Intellisense command started: Auth Data
2025-05-04 13:26:20.563 [info] Laravel Extra Intellisense Resolved: Application Models
2025-05-04 13:26:20.578 [info] Laravel Extra Intellisense Resolved: Auth Data
2025-05-04 13:27:20.405 [info] Laravel Extra Intellisense command started: Application Models
2025-05-04 13:27:20.405 [info] Laravel Extra Intellisense command started: Auth Data
2025-05-04 13:27:20.469 [info] Laravel Extra Intellisense command started: Custom Blade Directives
2025-05-04 13:27:20.564 [info] Laravel Extra Intellisense Resolved: Application Models
2025-05-04 13:27:20.576 [info] Laravel Extra Intellisense Resolved: Auth Data
2025-05-04 13:27:20.616 [info] Laravel Extra Intellisense Resolved: Custom Blade Directives
2025-05-04 13:28:20.404 [info] Laravel Extra Intellisense command started: Application Models
2025-05-04 13:28:20.404 [info] Laravel Extra Intellisense command started: Auth Data
2025-05-04 13:28:20.567 [info] Laravel Extra Intellisense Resolved: Application Models
2025-05-04 13:28:20.579 [info] Laravel Extra Intellisense Resolved: Auth Data
2025-05-04 13:29:20.396 [info] Laravel Extra Intellisense command started: Application Models
2025-05-04 13:29:20.396 [info] Laravel Extra Intellisense command started: Auth Data
2025-05-04 13:29:20.589 [info] Laravel Extra Intellisense Resolved: Application Models
2025-05-04 13:29:20.609 [info] Laravel Extra Intellisense Resolved: Auth Data
2025-05-04 13:30:20.410 [info] Laravel Extra Intellisense command started: Application Models
2025-05-04 13:30:20.410 [info] Laravel Extra Intellisense command started: Auth Data
2025-05-04 13:30:20.573 [info] Laravel Extra Intellisense Resolved: Application Models
2025-05-04 13:30:20.588 [info] Laravel Extra Intellisense Resolved: Auth Data
2025-05-04 13:31:20.411 [info] Laravel Extra Intellisense command started: Application Models
2025-05-04 13:31:20.411 [info] Laravel Extra Intellisense command started: Auth Data
2025-05-04 13:31:20.567 [info] Laravel Extra Intellisense Resolved: Application Models
2025-05-04 13:31:20.577 [info] Laravel Extra Intellisense Resolved: Auth Data
2025-05-04 13:32:20.417 [info] Laravel Extra Intellisense command started: Application Models
2025-05-04 13:32:20.417 [info] Laravel Extra Intellisense command started: Auth Data
2025-05-04 13:32:20.587 [info] Laravel Extra Intellisense Resolved: Application Models
2025-05-04 13:32:20.599 [info] Laravel Extra Intellisense Resolved: Auth Data
2025-05-04 13:33:20.412 [info] Laravel Extra Intellisense command started: Application Models
2025-05-04 13:33:20.412 [info] Laravel Extra Intellisense command started: Auth Data
2025-05-04 13:33:20.572 [info] Laravel Extra Intellisense Resolved: Application Models
2025-05-04 13:33:20.583 [info] Laravel Extra Intellisense Resolved: Auth Data
2025-05-04 13:34:20.414 [info] Laravel Extra Intellisense command started: Application Models
2025-05-04 13:34:20.414 [info] Laravel Extra Intellisense command started: Auth Data
2025-05-04 13:34:20.573 [info] Laravel Extra Intellisense Resolved: Application Models
2025-05-04 13:34:20.585 [info] Laravel Extra Intellisense Resolved: Auth Data
2025-05-04 13:35:20.415 [info] Laravel Extra Intellisense command started: Application Models
2025-05-04 13:35:20.415 [info] Laravel Extra Intellisense command started: Auth Data
2025-05-04 13:35:20.574 [info] Laravel Extra Intellisense Resolved: Application Models
2025-05-04 13:35:20.585 [info] Laravel Extra Intellisense Resolved: Auth Data
2025-05-04 13:36:20.414 [info] Laravel Extra Intellisense command started: Application Models
2025-05-04 13:36:20.414 [info] Laravel Extra Intellisense command started: Auth Data
2025-05-04 13:36:20.573 [info] Laravel Extra Intellisense Resolved: Application Models
2025-05-04 13:36:20.587 [info] Laravel Extra Intellisense Resolved: Auth Data
2025-05-04 13:37:20.414 [info] Laravel Extra Intellisense command started: Application Models
2025-05-04 13:37:20.414 [info] Laravel Extra Intellisense command started: Auth Data
2025-05-04 13:37:20.472 [info] Laravel Extra Intellisense command started: Custom Blade Directives
2025-05-04 13:37:20.576 [info] Laravel Extra Intellisense Resolved: Application Models
2025-05-04 13:37:20.588 [info] Laravel Extra Intellisense Resolved: Auth Data
2025-05-04 13:37:20.625 [info] Laravel Extra Intellisense Resolved: Custom Blade Directives
2025-05-04 13:38:20.416 [info] Laravel Extra Intellisense command started: Application Models
2025-05-04 13:38:20.416 [info] Laravel Extra Intellisense command started: Auth Data
2025-05-04 13:38:20.574 [info] Laravel Extra Intellisense Resolved: Application Models
2025-05-04 13:38:20.586 [info] Laravel Extra Intellisense Resolved: Auth Data
2025-05-04 13:39:20.409 [info] Laravel Extra Intellisense command started: Application Models
2025-05-04 13:39:20.409 [info] Laravel Extra Intellisense command started: Auth Data
2025-05-04 13:39:20.567 [info] Laravel Extra Intellisense Resolved: Application Models
2025-05-04 13:39:20.579 [info] Laravel Extra Intellisense Resolved: Auth Data
2025-05-04 13:40:20.417 [info] Laravel Extra Intellisense command started: Application Models
2025-05-04 13:40:20.417 [info] Laravel Extra Intellisense command started: Auth Data
2025-05-04 13:40:20.577 [info] Laravel Extra Intellisense Resolved: Application Models
2025-05-04 13:40:20.587 [info] Laravel Extra Intellisense Resolved: Auth Data
2025-05-04 13:41:20.419 [info] Laravel Extra Intellisense command started: Application Models
2025-05-04 13:41:20.419 [info] Laravel Extra Intellisense command started: Auth Data
2025-05-04 13:41:20.579 [info] Laravel Extra Intellisense Resolved: Application Models
2025-05-04 13:41:20.588 [info] Laravel Extra Intellisense Resolved: Auth Data
2025-05-04 13:42:20.417 [info] Laravel Extra Intellisense command started: Application Models
2025-05-04 13:42:20.417 [info] Laravel Extra Intellisense command started: Auth Data
2025-05-04 13:42:20.576 [info] Laravel Extra Intellisense Resolved: Application Models
2025-05-04 13:42:20.590 [info] Laravel Extra Intellisense Resolved: Auth Data
2025-05-04 13:43:20.412 [info] Laravel Extra Intellisense command started: Application Models
2025-05-04 13:43:20.412 [info] Laravel Extra Intellisense command started: Auth Data
2025-05-04 13:43:20.573 [info] Laravel Extra Intellisense Resolved: Application Models
2025-05-04 13:43:20.585 [info] Laravel Extra Intellisense Resolved: Auth Data
2025-05-04 13:44:20.414 [info] Laravel Extra Intellisense command started: Application Models
2025-05-04 13:44:20.414 [info] Laravel Extra Intellisense command started: Auth Data
2025-05-04 13:44:20.572 [info] Laravel Extra Intellisense Resolved: Application Models
2025-05-04 13:44:20.586 [info] Laravel Extra Intellisense Resolved: Auth Data
2025-05-04 13:45:20.400 [info] Laravel Extra Intellisense command started: Application Models
2025-05-04 13:45:20.401 [info] Laravel Extra Intellisense command started: Auth Data
2025-05-04 13:45:20.629 [info] Laravel Extra Intellisense Resolved: Application Models
2025-05-04 13:45:20.642 [info] Laravel Extra Intellisense Resolved: Auth Data
2025-05-04 13:46:20.420 [info] Laravel Extra Intellisense command started: Application Models
2025-05-04 13:46:20.420 [info] Laravel Extra Intellisense command started: Auth Data
2025-05-04 13:46:20.580 [info] Laravel Extra Intellisense Resolved: Application Models
2025-05-04 13:46:20.590 [info] Laravel Extra Intellisense Resolved: Auth Data
2025-05-04 13:47:20.422 [info] Laravel Extra Intellisense command started: Application Models
2025-05-04 13:47:20.422 [info] Laravel Extra Intellisense command started: Auth Data
2025-05-04 13:47:20.471 [info] Laravel Extra Intellisense command started: Custom Blade Directives
2025-05-04 13:47:20.576 [info] Laravel Extra Intellisense Resolved: Application Models
2025-05-04 13:47:20.587 [info] Laravel Extra Intellisense Resolved: Auth Data
2025-05-04 13:47:20.621 [info] Laravel Extra Intellisense Resolved: Custom Blade Directives
2025-05-04 13:48:20.422 [info] Laravel Extra Intellisense command started: Application Models
2025-05-04 13:48:20.422 [info] Laravel Extra Intellisense command started: Auth Data
2025-05-04 13:48:20.577 [info] Laravel Extra Intellisense Resolved: Application Models
2025-05-04 13:48:20.591 [info] Laravel Extra Intellisense Resolved: Auth Data
2025-05-04 13:49:20.419 [info] Laravel Extra Intellisense command started: Application Models
2025-05-04 13:49:20.419 [info] Laravel Extra Intellisense command started: Auth Data
2025-05-04 13:49:20.590 [info] Laravel Extra Intellisense Resolved: Auth Data
2025-05-04 13:49:20.598 [info] Laravel Extra Intellisense Resolved: Application Models
2025-05-04 13:50:20.422 [info] Laravel Extra Intellisense command started: Application Models
2025-05-04 13:50:20.422 [info] Laravel Extra Intellisense command started: Auth Data
2025-05-04 13:50:20.586 [info] Laravel Extra Intellisense Resolved: Application Models
2025-05-04 13:50:20.602 [info] Laravel Extra Intellisense Resolved: Auth Data
2025-05-04 13:51:20.436 [info] Laravel Extra Intellisense command started: Application Models
2025-05-04 13:51:20.436 [info] Laravel Extra Intellisense command started: Auth Data
2025-05-04 13:51:20.608 [info] Laravel Extra Intellisense Resolved: Application Models
2025-05-04 13:51:20.612 [info] Laravel Extra Intellisense Resolved: Auth Data
2025-05-04 13:52:20.423 [info] Laravel Extra Intellisense command started: Application Models
2025-05-04 13:52:20.423 [info] Laravel Extra Intellisense command started: Auth Data
2025-05-04 13:52:20.590 [info] Laravel Extra Intellisense Resolved: Application Models
2025-05-04 13:52:20.606 [info] Laravel Extra Intellisense Resolved: Auth Data
2025-05-04 13:53:20.420 [info] Laravel Extra Intellisense command started: Application Models
2025-05-04 13:53:20.420 [info] Laravel Extra Intellisense command started: Auth Data
2025-05-04 13:53:20.578 [info] Laravel Extra Intellisense Resolved: Application Models
2025-05-04 13:53:20.594 [info] Laravel Extra Intellisense Resolved: Auth Data
2025-05-04 13:54:20.408 [info] Laravel Extra Intellisense command started: Application Models
2025-05-04 13:54:20.409 [info] Laravel Extra Intellisense command started: Auth Data
2025-05-04 13:54:20.538 [info] Laravel Extra Intellisense Resolved: Application Models
2025-05-04 13:54:20.553 [info] Laravel Extra Intellisense Resolved: Auth Data
2025-05-04 13:55:20.422 [info] Laravel Extra Intellisense command started: Application Models
2025-05-04 13:55:20.423 [info] Laravel Extra Intellisense command started: Auth Data
2025-05-04 13:55:20.587 [info] Laravel Extra Intellisense Resolved: Application Models
2025-05-04 13:55:20.600 [info] Laravel Extra Intellisense Resolved: Auth Data
2025-05-04 13:56:20.415 [info] Laravel Extra Intellisense command started: Application Models
2025-05-04 13:56:20.416 [info] Laravel Extra Intellisense command started: Auth Data
2025-05-04 13:56:20.592 [info] Laravel Extra Intellisense Resolved: Application Models
2025-05-04 13:56:20.611 [info] Laravel Extra Intellisense Resolved: Auth Data
2025-05-04 13:57:20.436 [info] Laravel Extra Intellisense command started: Application Models
2025-05-04 13:57:20.437 [info] Laravel Extra Intellisense command started: Auth Data
2025-05-04 13:57:20.485 [info] Laravel Extra Intellisense command started: Custom Blade Directives
2025-05-04 13:57:20.685 [info] Laravel Extra Intellisense Resolved: Application Models
2025-05-04 13:57:20.711 [info] Laravel Extra Intellisense Resolved: Auth Data
2025-05-04 13:57:20.728 [info] Laravel Extra Intellisense Resolved: Custom Blade Directives
2025-05-04 13:58:20.426 [info] Laravel Extra Intellisense command started: Application Models
2025-05-04 13:58:20.426 [info] Laravel Extra Intellisense command started: Auth Data
2025-05-04 13:58:20.623 [info] Laravel Extra Intellisense Resolved: Application Models
2025-05-04 13:58:20.641 [info] Laravel Extra Intellisense Resolved: Auth Data
2025-05-04 13:59:20.438 [info] Laravel Extra Intellisense command started: Application Models
2025-05-04 13:59:20.438 [info] Laravel Extra Intellisense command started: Auth Data
2025-05-04 13:59:20.608 [info] Laravel Extra Intellisense Resolved: Application Models
2025-05-04 13:59:20.625 [info] Laravel Extra Intellisense Resolved: Auth Data
2025-05-04 14:00:20.428 [info] Laravel Extra Intellisense command started: Application Models
2025-05-04 14:00:20.428 [info] Laravel Extra Intellisense command started: Auth Data
2025-05-04 14:00:20.593 [info] Laravel Extra Intellisense Resolved: Application Models
2025-05-04 14:00:20.599 [info] Laravel Extra Intellisense Resolved: Auth Data
2025-05-04 14:01:20.423 [info] Laravel Extra Intellisense command started: Application Models
2025-05-04 14:01:20.423 [info] Laravel Extra Intellisense command started: Auth Data
2025-05-04 14:01:20.645 [info] Laravel Extra Intellisense Resolved: Auth Data
2025-05-04 14:01:20.647 [info] Laravel Extra Intellisense Resolved: Application Models
2025-05-04 14:02:20.426 [info] Laravel Extra Intellisense command started: Application Models
2025-05-04 14:02:20.426 [info] Laravel Extra Intellisense command started: Auth Data
2025-05-04 14:02:20.585 [info] Laravel Extra Intellisense Resolved: Application Models
2025-05-04 14:02:20.599 [info] Laravel Extra Intellisense Resolved: Auth Data
2025-05-04 14:03:20.426 [info] Laravel Extra Intellisense command started: Application Models
2025-05-04 14:03:20.426 [info] Laravel Extra Intellisense command started: Auth Data
2025-05-04 14:03:20.585 [info] Laravel Extra Intellisense Resolved: Application Models
2025-05-04 14:03:20.596 [info] Laravel Extra Intellisense Resolved: Auth Data
2025-05-04 14:04:20.428 [info] Laravel Extra Intellisense command started: Application Models
2025-05-04 14:04:20.428 [info] Laravel Extra Intellisense command started: Auth Data
2025-05-04 14:04:20.589 [info] Laravel Extra Intellisense Resolved: Application Models
2025-05-04 14:04:20.604 [info] Laravel Extra Intellisense Resolved: Auth Data
2025-05-04 14:05:20.427 [info] Laravel Extra Intellisense command started: Application Models
2025-05-04 14:05:20.427 [info] Laravel Extra Intellisense command started: Auth Data
2025-05-04 14:05:20.585 [info] Laravel Extra Intellisense Resolved: Application Models
2025-05-04 14:05:20.601 [info] Laravel Extra Intellisense Resolved: Auth Data
2025-05-04 14:06:20.436 [info] Laravel Extra Intellisense command started: Application Models
2025-05-04 14:06:20.436 [info] Laravel Extra Intellisense command started: Auth Data
2025-05-04 14:06:20.633 [info] Laravel Extra Intellisense Resolved: Application Models
2025-05-04 14:06:20.648 [info] Laravel Extra Intellisense Resolved: Auth Data
2025-05-04 14:07:20.431 [info] Laravel Extra Intellisense command started: Application Models
2025-05-04 14:07:20.431 [info] Laravel Extra Intellisense command started: Auth Data
2025-05-04 14:07:20.484 [info] Laravel Extra Intellisense command started: Custom Blade Directives
2025-05-04 14:07:20.623 [info] Laravel Extra Intellisense Resolved: Application Models
2025-05-04 14:07:20.634 [info] Laravel Extra Intellisense Resolved: Auth Data
2025-05-04 14:07:20.667 [info] Laravel Extra Intellisense Resolved: Custom Blade Directives
2025-05-04 14:08:20.412 [info] Laravel Extra Intellisense command started: Application Models
2025-05-04 14:08:20.412 [info] Laravel Extra Intellisense command started: Auth Data
2025-05-04 14:08:20.551 [info] Laravel Extra Intellisense Resolved: Auth Data
2025-05-04 14:08:20.552 [info] Laravel Extra Intellisense Resolved: Application Models
2025-05-04 14:09:20.420 [info] Laravel Extra Intellisense command started: Application Models
2025-05-04 14:09:20.421 [info] Laravel Extra Intellisense command started: Auth Data
2025-05-04 14:09:20.547 [info] Laravel Extra Intellisense Resolved: Application Models
2025-05-04 14:09:20.554 [info] Laravel Extra Intellisense Resolved: Auth Data
2025-05-04 14:10:20.420 [info] Laravel Extra Intellisense command started: Application Models
2025-05-04 14:10:20.420 [info] Laravel Extra Intellisense command started: Auth Data
2025-05-04 14:10:20.530 [info] Laravel Extra Intellisense Resolved: Application Models
2025-05-04 14:10:20.538 [info] Laravel Extra Intellisense Resolved: Auth Data
2025-05-04 14:11:20.415 [info] Laravel Extra Intellisense command started: Application Models
2025-05-04 14:11:20.415 [info] Laravel Extra Intellisense command started: Auth Data
2025-05-04 14:11:20.522 [info] Laravel Extra Intellisense Resolved: Application Models
2025-05-04 14:11:20.527 [info] Laravel Extra Intellisense Resolved: Auth Data
2025-05-04 14:12:20.416 [info] Laravel Extra Intellisense command started: Application Models
2025-05-04 14:12:20.416 [info] Laravel Extra Intellisense command started: Auth Data
2025-05-04 14:12:20.524 [info] Laravel Extra Intellisense Resolved: Application Models
2025-05-04 14:12:20.533 [info] Laravel Extra Intellisense Resolved: Auth Data
2025-05-04 14:13:20.422 [info] Laravel Extra Intellisense command started: Application Models
2025-05-04 14:13:20.422 [info] Laravel Extra Intellisense command started: Auth Data
2025-05-04 14:13:20.533 [info] Laravel Extra Intellisense Resolved: Application Models
2025-05-04 14:13:20.549 [info] Laravel Extra Intellisense Resolved: Auth Data
2025-05-04 14:14:20.422 [info] Laravel Extra Intellisense command started: Application Models
2025-05-04 14:14:20.422 [info] Laravel Extra Intellisense command started: Auth Data
2025-05-04 14:14:20.546 [info] Laravel Extra Intellisense Resolved: Application Models
2025-05-04 14:14:20.547 [info] Laravel Extra Intellisense Resolved: Auth Data
2025-05-04 14:15:20.413 [info] Laravel Extra Intellisense command started: Application Models
2025-05-04 14:15:20.413 [info] Laravel Extra Intellisense command started: Auth Data
2025-05-04 14:15:20.517 [info] Laravel Extra Intellisense Resolved: Application Models
2025-05-04 14:15:20.526 [info] Laravel Extra Intellisense Resolved: Auth Data
2025-05-04 14:16:20.410 [info] Laravel Extra Intellisense command started: Application Models
2025-05-04 14:16:20.410 [info] Laravel Extra Intellisense command started: Auth Data
2025-05-04 14:16:20.512 [info] Laravel Extra Intellisense Resolved: Application Models
2025-05-04 14:16:20.524 [info] Laravel Extra Intellisense Resolved: Auth Data
2025-05-04 14:17:20.422 [info] Laravel Extra Intellisense command started: Application Models
2025-05-04 14:17:20.422 [info] Laravel Extra Intellisense command started: Auth Data
2025-05-04 14:17:20.469 [info] Laravel Extra Intellisense command started: Custom Blade Directives
2025-05-04 14:17:20.542 [info] Laravel Extra Intellisense Resolved: Application Models
2025-05-04 14:17:20.556 [info] Laravel Extra Intellisense Resolved: Auth Data
2025-05-04 14:17:20.603 [info] Laravel Extra Intellisense Resolved: Custom Blade Directives
2025-05-04 14:18:20.413 [info] Laravel Extra Intellisense command started: Application Models
2025-05-04 14:18:20.413 [info] Laravel Extra Intellisense command started: Auth Data
2025-05-04 14:18:20.537 [info] Laravel Extra Intellisense Resolved: Application Models
2025-05-04 14:18:20.557 [info] Laravel Extra Intellisense Resolved: Auth Data
2025-05-04 14:19:20.412 [info] Laravel Extra Intellisense command started: Application Models
2025-05-04 14:19:20.413 [info] Laravel Extra Intellisense command started: Auth Data
2025-05-04 14:19:20.525 [info] Laravel Extra Intellisense Resolved: Application Models
2025-05-04 14:19:20.538 [info] Laravel Extra Intellisense Resolved: Auth Data
2025-05-04 14:20:20.423 [info] Laravel Extra Intellisense command started: Application Models
2025-05-04 14:20:20.423 [info] Laravel Extra Intellisense command started: Auth Data
2025-05-04 14:20:20.525 [info] Laravel Extra Intellisense Resolved: Application Models
2025-05-04 14:20:20.535 [info] Laravel Extra Intellisense Resolved: Auth Data
2025-05-04 14:21:20.416 [info] Laravel Extra Intellisense command started: Application Models
2025-05-04 14:21:20.416 [info] Laravel Extra Intellisense command started: Auth Data
2025-05-04 14:21:20.557 [info] Laravel Extra Intellisense Resolved: Application Models
2025-05-04 14:21:20.579 [info] Laravel Extra Intellisense Resolved: Auth Data
2025-05-04 14:22:20.409 [info] Laravel Extra Intellisense command started: Application Models
2025-05-04 14:22:20.409 [info] Laravel Extra Intellisense command started: Auth Data
2025-05-04 14:22:20.537 [info] Laravel Extra Intellisense Resolved: Application Models
2025-05-04 14:22:20.549 [info] Laravel Extra Intellisense Resolved: Auth Data
2025-05-04 14:23:20.414 [info] Laravel Extra Intellisense command started: Application Models
2025-05-04 14:23:20.414 [info] Laravel Extra Intellisense command started: Auth Data
2025-05-04 14:23:20.529 [info] Laravel Extra Intellisense Resolved: Application Models
2025-05-04 14:23:20.545 [info] Laravel Extra Intellisense Resolved: Auth Data
2025-05-04 14:24:20.418 [info] Laravel Extra Intellisense command started: Application Models
2025-05-04 14:24:20.418 [info] Laravel Extra Intellisense command started: Auth Data
2025-05-04 14:24:20.517 [info] Laravel Extra Intellisense Resolved: Application Models
2025-05-04 14:24:20.527 [info] Laravel Extra Intellisense Resolved: Auth Data
2025-05-04 14:25:20.404 [info] Laravel Extra Intellisense command started: Application Models
2025-05-04 14:25:20.404 [info] Laravel Extra Intellisense command started: Auth Data
2025-05-04 14:25:20.522 [info] Laravel Extra Intellisense Resolved: Application Models
2025-05-04 14:25:20.534 [info] Laravel Extra Intellisense Resolved: Auth Data
2025-05-04 14:26:20.420 [info] Laravel Extra Intellisense command started: Application Models
2025-05-04 14:26:20.420 [info] Laravel Extra Intellisense command started: Auth Data
2025-05-04 14:26:20.538 [info] Laravel Extra Intellisense Resolved: Application Models
2025-05-04 14:26:20.547 [info] Laravel Extra Intellisense Resolved: Auth Data
2025-05-04 14:27:20.406 [info] Laravel Extra Intellisense command started: Application Models
2025-05-04 14:27:20.406 [info] Laravel Extra Intellisense command started: Auth Data
2025-05-04 14:27:20.467 [info] Laravel Extra Intellisense command started: Custom Blade Directives
2025-05-04 14:27:20.510 [info] Laravel Extra Intellisense Resolved: Application Models
2025-05-04 14:27:20.520 [info] Laravel Extra Intellisense Resolved: Auth Data
2025-05-04 14:27:20.579 [info] Laravel Extra Intellisense Resolved: Custom Blade Directives
2025-05-04 14:28:20.411 [info] Laravel Extra Intellisense command started: Application Models
2025-05-04 14:28:20.411 [info] Laravel Extra Intellisense command started: Auth Data
2025-05-04 14:28:20.514 [info] Laravel Extra Intellisense Resolved: Application Models
2025-05-04 14:28:20.522 [info] Laravel Extra Intellisense Resolved: Auth Data
2025-05-04 14:29:20.423 [info] Laravel Extra Intellisense command started: Application Models
2025-05-04 14:29:20.423 [info] Laravel Extra Intellisense command started: Auth Data
2025-05-04 14:29:20.531 [info] Laravel Extra Intellisense Resolved: Application Models
2025-05-04 14:29:20.540 [info] Laravel Extra Intellisense Resolved: Auth Data
2025-05-04 14:30:20.409 [info] Laravel Extra Intellisense command started: Application Models
2025-05-04 14:30:20.409 [info] Laravel Extra Intellisense command started: Auth Data
2025-05-04 14:30:20.509 [info] Laravel Extra Intellisense Resolved: Application Models
2025-05-04 14:30:20.521 [info] Laravel Extra Intellisense Resolved: Auth Data
2025-05-04 14:31:20.413 [info] Laravel Extra Intellisense command started: Application Models
2025-05-04 14:31:20.413 [info] Laravel Extra Intellisense command started: Auth Data
2025-05-04 14:31:20.514 [info] Laravel Extra Intellisense Resolved: Application Models
2025-05-04 14:31:20.523 [info] Laravel Extra Intellisense Resolved: Auth Data
2025-05-04 14:32:20.420 [info] Laravel Extra Intellisense command started: Application Models
2025-05-04 14:32:20.420 [info] Laravel Extra Intellisense command started: Auth Data
2025-05-04 14:32:20.540 [info] Laravel Extra Intellisense Resolved: Application Models
2025-05-04 14:32:20.547 [info] Laravel Extra Intellisense Resolved: Auth Data
2025-05-04 14:33:20.408 [info] Laravel Extra Intellisense command started: Application Models
2025-05-04 14:33:20.408 [info] Laravel Extra Intellisense command started: Auth Data
2025-05-04 14:33:20.527 [info] Laravel Extra Intellisense Resolved: Application Models
2025-05-04 14:33:20.544 [info] Laravel Extra Intellisense Resolved: Auth Data
2025-05-04 14:34:20.419 [info] Laravel Extra Intellisense command started: Application Models
2025-05-04 14:34:20.419 [info] Laravel Extra Intellisense command started: Auth Data
2025-05-04 14:34:20.521 [info] Laravel Extra Intellisense Resolved: Application Models
2025-05-04 14:34:20.530 [info] Laravel Extra Intellisense Resolved: Auth Data
2025-05-04 14:35:20.415 [info] Laravel Extra Intellisense command started: Application Models
2025-05-04 14:35:20.415 [info] Laravel Extra Intellisense command started: Auth Data
2025-05-04 14:35:20.517 [info] Laravel Extra Intellisense Resolved: Application Models
2025-05-04 14:35:20.525 [info] Laravel Extra Intellisense Resolved: Auth Data
2025-05-04 14:36:02.554 [info] Laravel Extra Intellisense command started: Views paths
2025-05-04 14:36:02.679 [info] Laravel Extra Intellisense Resolved: Views paths
2025-05-04 14:36:02.692 [info] Laravel Extra Intellisense command started: Views
2025-05-04 14:36:02.807 [info] Laravel Extra Intellisense Resolved: Views
2025-05-04 14:36:20.417 [info] Laravel Extra Intellisense command started: Application Models
2025-05-04 14:36:20.418 [info] Laravel Extra Intellisense command started: Auth Data
2025-05-04 14:36:20.519 [info] Laravel Extra Intellisense Resolved: Application Models
2025-05-04 14:36:20.528 [info] Laravel Extra Intellisense Resolved: Auth Data
2025-05-04 14:36:22.808 [info] Laravel Extra Intellisense command started: Views paths
2025-05-04 14:36:22.917 [info] Laravel Extra Intellisense Resolved: Views paths
2025-05-04 14:36:22.930 [info] Laravel Extra Intellisense command started: Views
2025-05-04 14:36:23.036 [info] Laravel Extra Intellisense Resolved: Views
2025-05-04 14:37:19.576 [info] Laravel Extra Intellisense command started: Views paths
2025-05-04 14:37:19.698 [info] Laravel Extra Intellisense Resolved: Views paths
2025-05-04 14:37:19.711 [info] Laravel Extra Intellisense command started: Views
2025-05-04 14:37:19.821 [info] Laravel Extra Intellisense Resolved: Views
2025-05-04 14:37:20.424 [info] Laravel Extra Intellisense command started: Application Models
2025-05-04 14:37:20.424 [info] Laravel Extra Intellisense command started: Auth Data
2025-05-04 14:37:20.472 [info] Laravel Extra Intellisense command started: Custom Blade Directives
2025-05-04 14:37:20.537 [info] Laravel Extra Intellisense Resolved: Application Models
2025-05-04 14:37:20.545 [info] Laravel Extra Intellisense Resolved: Auth Data
2025-05-04 14:37:20.593 [info] Laravel Extra Intellisense Resolved: Custom Blade Directives
2025-05-04 14:38:07.493 [info] Laravel Extra Intellisense command started: Views paths
2025-05-04 14:38:07.609 [info] Laravel Extra Intellisense Resolved: Views paths
2025-05-04 14:38:07.621 [info] Laravel Extra Intellisense command started: Views
2025-05-04 14:38:07.730 [info] Laravel Extra Intellisense Resolved: Views
2025-05-04 14:38:20.416 [info] Laravel Extra Intellisense command started: Application Models
2025-05-04 14:38:20.416 [info] Laravel Extra Intellisense command started: Auth Data
2025-05-04 14:38:20.513 [info] Laravel Extra Intellisense Resolved: Application Models
2025-05-04 14:38:20.526 [info] Laravel Extra Intellisense Resolved: Auth Data
2025-05-04 14:38:50.680 [info] Laravel Extra Intellisense command started: Views paths
2025-05-04 14:38:50.799 [info] Laravel Extra Intellisense Resolved: Views paths
2025-05-04 14:38:50.811 [info] Laravel Extra Intellisense command started: Views
2025-05-04 14:38:50.925 [info] Laravel Extra Intellisense Resolved: Views
2025-05-04 14:39:20.410 [info] Laravel Extra Intellisense command started: Application Models
2025-05-04 14:39:20.410 [info] Laravel Extra Intellisense command started: Auth Data
2025-05-04 14:39:20.524 [info] Laravel Extra Intellisense Resolved: Application Models
2025-05-04 14:39:20.534 [info] Laravel Extra Intellisense Resolved: Auth Data
2025-05-04 14:39:39.023 [info] Laravel Extra Intellisense command started: Views paths
2025-05-04 14:39:39.150 [info] Laravel Extra Intellisense Resolved: Views paths
2025-05-04 14:39:39.162 [info] Laravel Extra Intellisense command started: Views
2025-05-04 14:39:39.282 [info] Laravel Extra Intellisense Resolved: Views
2025-05-04 14:40:06.277 [info] Laravel Extra Intellisense command started: Views paths
2025-05-04 14:40:06.399 [info] Laravel Extra Intellisense Resolved: Views paths
2025-05-04 14:40:06.414 [info] Laravel Extra Intellisense command started: Views
2025-05-04 14:40:06.531 [info] Laravel Extra Intellisense Resolved: Views
2025-05-04 14:40:20.415 [info] Laravel Extra Intellisense command started: Application Models
2025-05-04 14:40:20.415 [info] Laravel Extra Intellisense command started: Auth Data
2025-05-04 14:40:20.516 [info] Laravel Extra Intellisense Resolved: Application Models
2025-05-04 14:40:20.529 [info] Laravel Extra Intellisense Resolved: Auth Data
2025-05-04 14:40:43.986 [info] Laravel Extra Intellisense command started: Views paths
2025-05-04 14:40:44.112 [info] Laravel Extra Intellisense Resolved: Views paths
2025-05-04 14:40:44.126 [info] Laravel Extra Intellisense command started: Views
2025-05-04 14:40:44.243 [info] Laravel Extra Intellisense Resolved: Views
2025-05-04 14:41:20.429 [info] Laravel Extra Intellisense command started: Application Models
2025-05-04 14:41:20.429 [info] Laravel Extra Intellisense command started: Auth Data
2025-05-04 14:41:20.531 [info] Laravel Extra Intellisense Resolved: Application Models
2025-05-04 14:41:20.540 [info] Laravel Extra Intellisense Resolved: Auth Data
2025-05-04 14:41:44.743 [info] Laravel Extra Intellisense command started: Views paths
2025-05-04 14:41:44.862 [info] Laravel Extra Intellisense Resolved: Views paths
2025-05-04 14:41:44.875 [info] Laravel Extra Intellisense command started: Views
2025-05-04 14:41:44.990 [info] Laravel Extra Intellisense Resolved: Views
2025-05-04 14:42:20.205 [info] Laravel Extra Intellisense command started: Views paths
2025-05-04 14:42:20.325 [info] Laravel Extra Intellisense Resolved: Views paths
2025-05-04 14:42:20.337 [info] Laravel Extra Intellisense command started: Views
2025-05-04 14:42:20.408 [info] Laravel Extra Intellisense command started: Application Models
2025-05-04 14:42:20.408 [info] Laravel Extra Intellisense command started: Auth Data
2025-05-04 14:42:20.460 [info] Laravel Extra Intellisense Resolved: Views
2025-05-04 14:42:20.523 [info] Laravel Extra Intellisense Resolved: Application Models
2025-05-04 14:42:20.538 [info] Laravel Extra Intellisense Resolved: Auth Data
2025-05-04 14:42:49.862 [info] Laravel Extra Intellisense command started: HTTP Routes
2025-05-04 14:42:49.985 [info] Laravel Extra Intellisense Resolved: HTTP Routes
2025-05-04 14:43:20.429 [info] Laravel Extra Intellisense command started: Application Models
2025-05-04 14:43:20.429 [info] Laravel Extra Intellisense command started: Auth Data
2025-05-04 14:43:20.530 [info] Laravel Extra Intellisense Resolved: Application Models
2025-05-04 14:43:20.541 [info] Laravel Extra Intellisense Resolved: Auth Data
2025-05-04 14:44:20.428 [info] Laravel Extra Intellisense command started: Application Models
2025-05-04 14:44:20.428 [info] Laravel Extra Intellisense command started: Auth Data
2025-05-04 14:44:20.536 [info] Laravel Extra Intellisense Resolved: Application Models
2025-05-04 14:44:20.545 [info] Laravel Extra Intellisense Resolved: Auth Data
2025-05-04 14:45:20.411 [info] Laravel Extra Intellisense command started: Application Models
2025-05-04 14:45:20.411 [info] Laravel Extra Intellisense command started: Auth Data
2025-05-04 14:45:20.513 [info] Laravel Extra Intellisense Resolved: Application Models
2025-05-04 14:45:20.523 [info] Laravel Extra Intellisense Resolved: Auth Data
2025-05-04 14:46:20.430 [info] Laravel Extra Intellisense command started: Application Models
2025-05-04 14:46:20.430 [info] Laravel Extra Intellisense command started: Auth Data
2025-05-04 14:46:20.530 [info] Laravel Extra Intellisense Resolved: Application Models
2025-05-04 14:46:20.542 [info] Laravel Extra Intellisense Resolved: Auth Data
2025-05-04 14:46:52.320 [info] Laravel Extra Intellisense command started: Views paths
2025-05-04 14:46:52.427 [info] Laravel Extra Intellisense Resolved: Views paths
2025-05-04 14:46:52.440 [info] Laravel Extra Intellisense command started: Views
2025-05-04 14:46:52.544 [info] Laravel Extra Intellisense Resolved: Views
2025-05-04 14:47:20.428 [info] Laravel Extra Intellisense command started: Application Models
2025-05-04 14:47:20.428 [info] Laravel Extra Intellisense command started: Auth Data
2025-05-04 14:47:20.472 [info] Laravel Extra Intellisense command started: Custom Blade Directives
2025-05-04 14:47:20.548 [info] Laravel Extra Intellisense Resolved: Application Models
2025-05-04 14:47:20.556 [info] Laravel Extra Intellisense Resolved: Auth Data
2025-05-04 14:47:20.598 [info] Laravel Extra Intellisense Resolved: Custom Blade Directives
2025-05-04 14:48:20.431 [info] Laravel Extra Intellisense command started: Application Models
2025-05-04 14:48:20.431 [info] Laravel Extra Intellisense command started: Auth Data
2025-05-04 14:48:20.532 [info] Laravel Extra Intellisense Resolved: Application Models
2025-05-04 14:48:20.542 [info] Laravel Extra Intellisense Resolved: Auth Data
2025-05-04 14:49:20.428 [info] Laravel Extra Intellisense command started: Application Models
2025-05-04 14:49:20.428 [info] Laravel Extra Intellisense command started: Auth Data
2025-05-04 14:49:20.533 [info] Laravel Extra Intellisense Resolved: Application Models
2025-05-04 14:49:20.546 [info] Laravel Extra Intellisense Resolved: Auth Data
2025-05-04 14:50:20.424 [info] Laravel Extra Intellisense command started: Application Models
2025-05-04 14:50:20.424 [info] Laravel Extra Intellisense command started: Auth Data
2025-05-04 14:50:20.526 [info] Laravel Extra Intellisense Resolved: Application Models
2025-05-04 14:50:20.533 [info] Laravel Extra Intellisense Resolved: Auth Data
2025-05-04 14:51:20.420 [info] Laravel Extra Intellisense command started: Application Models
2025-05-04 14:51:20.420 [info] Laravel Extra Intellisense command started: Auth Data
2025-05-04 14:51:20.519 [info] Laravel Extra Intellisense Resolved: Application Models
2025-05-04 14:51:20.531 [info] Laravel Extra Intellisense Resolved: Auth Data
2025-05-04 14:52:20.434 [info] Laravel Extra Intellisense command started: Application Models
2025-05-04 14:52:20.434 [info] Laravel Extra Intellisense command started: Auth Data
2025-05-04 14:52:20.542 [info] Laravel Extra Intellisense Resolved: Application Models
2025-05-04 14:52:20.558 [info] Laravel Extra Intellisense Resolved: Auth Data
2025-05-04 14:53:20.429 [info] Laravel Extra Intellisense command started: Application Models
2025-05-04 14:53:20.429 [info] Laravel Extra Intellisense command started: Auth Data
2025-05-04 14:53:20.528 [info] Laravel Extra Intellisense Resolved: Application Models
2025-05-04 14:53:20.540 [info] Laravel Extra Intellisense Resolved: Auth Data
2025-05-04 14:54:20.420 [info] Laravel Extra Intellisense command started: Application Models
2025-05-04 14:54:20.420 [info] Laravel Extra Intellisense command started: Auth Data
2025-05-04 14:54:20.519 [info] Laravel Extra Intellisense Resolved: Application Models
2025-05-04 14:54:20.530 [info] Laravel Extra Intellisense Resolved: Auth Data
2025-05-04 14:55:20.434 [info] Laravel Extra Intellisense command started: Application Models
2025-05-04 14:55:20.434 [info] Laravel Extra Intellisense command started: Auth Data
2025-05-04 14:55:20.559 [info] Laravel Extra Intellisense Resolved: Auth Data
2025-05-04 14:55:20.559 [info] Laravel Extra Intellisense Resolved: Application Models
2025-05-04 14:56:20.427 [info] Laravel Extra Intellisense command started: Application Models
2025-05-04 14:56:20.427 [info] Laravel Extra Intellisense command started: Auth Data
2025-05-04 14:56:20.524 [info] Laravel Extra Intellisense Resolved: Application Models
2025-05-04 14:56:20.536 [info] Laravel Extra Intellisense Resolved: Auth Data
2025-05-04 14:57:20.420 [info] Laravel Extra Intellisense command started: Application Models
2025-05-04 14:57:20.420 [info] Laravel Extra Intellisense command started: Auth Data
2025-05-04 14:57:20.468 [info] Laravel Extra Intellisense command started: Custom Blade Directives
2025-05-04 14:57:20.522 [info] Laravel Extra Intellisense Resolved: Application Models
2025-05-04 14:57:20.534 [info] Laravel Extra Intellisense Resolved: Auth Data
2025-05-04 14:57:20.581 [info] Laravel Extra Intellisense Resolved: Custom Blade Directives
2025-05-04 14:58:15.043 [info] Laravel Extra Intellisense command started: Views paths
2025-05-04 14:58:15.167 [info] Laravel Extra Intellisense Resolved: Views paths
2025-05-04 14:58:15.181 [info] Laravel Extra Intellisense command started: Views
2025-05-04 14:58:15.295 [info] Laravel Extra Intellisense Resolved: Views
2025-05-04 14:58:20.439 [info] Laravel Extra Intellisense command started: Application Models
2025-05-04 14:58:20.439 [info] Laravel Extra Intellisense command started: Auth Data
2025-05-04 14:58:20.540 [info] Laravel Extra Intellisense Resolved: Application Models
2025-05-04 14:58:20.555 [info] Laravel Extra Intellisense Resolved: Auth Data
