2025-05-18 01:10:03.984 [warning] /root/.ssh/config: ENOENT: no such file or directory, open '/root/.ssh/config'
2025-05-18 01:10:03.984 [info] [Activation] Extension version: 0.110.0
2025-05-18 01:10:04.481 [info] [Activation] Looking for git repository
2025-05-18 01:10:04.481 [info] [Activation] Found 0 repositories during activation
2025-05-18 01:10:04.481 [info] [Activation] Git repository found, initializing review manager and pr tree view.
2025-05-18 01:10:04.484 [info] [GitAPI] Registering git provider
2025-05-18 01:10:04.670 [info] [Activation] Git initialization state changed: state=initialized
2025-05-18 01:10:04.670 [info] [Review+0] Validate state in progress
2025-05-18 01:10:04.670 [info] [Review+0] Validating state...
2025-05-18 01:10:04.670 [info] [FolderRepositoryManager+0] Found GitHub remote for folder /home/nika/Documents/ENSIASD/tec_web/miniprojet/forum
2025-05-18 01:10:04.672 [info] [FolderRepositoryManager+0] Trying to use globalState for assignableUsers.
2025-05-18 01:10:04.684 [info] [FolderRepositoryManager+0] Using globalState assignableUsers for 0.
2025-05-18 01:10:04.685 [info] [Review+0] No matching pull request metadata found locally for current branch main
2025-05-18 01:10:04.686 [info] [Review+0] No matching pull request metadata found on GitHub for current branch main
2025-05-18 01:10:04.847 [info] [Activation] Repo state for file:///home/nika/Documents/ENSIASD/tec_web/miniprojet/forum changed.
2025-05-18 01:10:04.847 [info] [Activation] Repo file:///home/nika/Documents/ENSIASD/tec_web/miniprojet/forum has already been setup.
2025-05-18 01:10:30.747 [info] [Authentication] Creating hub for .com
2025-05-18 01:10:30.748 [info] [Authentication] Creating hub for .com
2025-05-18 01:10:30.748 [info] [Authentication] Creating hub for .com
2025-05-18 01:10:30.792 [info] [FolderRepositoryManager+0] Found GitHub remote for folder /home/nika/Documents/ENSIASD/tec_web/miniprojet/forum
2025-05-18 01:10:31.536 [info] [FolderRepositoryManager+0] Trying to use globalState for assignableUsers.
2025-05-18 01:10:31.592 [info] [FolderRepositoryManager+0] Using globalState assignableUsers for 1.
2025-05-18 01:10:46.008 [info] [Review+0] Validate state in progress
2025-05-18 01:10:46.008 [info] [Review+0] Validating state...
2025-05-18 01:10:46.070 [info] [FolderRepositoryManager+0] Found GitHub remote for folder /home/nika/Documents/ENSIASD/tec_web/miniprojet/forum
2025-05-18 01:10:46.071 [info] [FolderRepositoryManager+0] Using in-memory cached assignable users.
2025-05-18 01:10:46.085 [info] [Review+0] No matching pull request metadata found locally for current branch main
2025-05-18 01:10:47.397 [info] [Review+0] No matching pull request metadata found on GitHub for current branch main
