2025-05-04 13:07:59.542 [info] Reading sessions from keychain...
2025-05-04 13:07:59.542 [info] Getting sessions for all scopes...
2025-05-04 13:07:59.542 [info] Getting sessions for all scopes...
2025-05-04 13:07:59.542 [info] Getting sessions for all scopes...
2025-05-04 13:07:59.571 [info] Getting sessions for all scopes...
2025-05-04 13:07:59.572 [info] Getting sessions for all scopes...
2025-05-04 13:07:59.572 [info] Getting sessions for all scopes...
2025-05-04 13:07:59.572 [info] Getting sessions for all scopes...
2025-05-04 13:07:59.572 [info] Getting sessions for all scopes...
2025-05-04 13:07:59.629 [info] Got 0 sessions for ...
2025-05-04 13:07:59.629 [info] Got 0 sessions for ...
2025-05-04 13:07:59.629 [info] Got 0 sessions for ...
2025-05-04 13:07:59.629 [info] Got 0 sessions for ...
2025-05-04 13:07:59.629 [info] Got 0 sessions for ...
2025-05-04 13:07:59.629 [info] Got 0 sessions for ...
2025-05-04 13:07:59.629 [info] Got 0 sessions for ...
2025-05-04 13:07:59.629 [info] Got 0 sessions for ...
2025-05-04 13:08:00.353 [info] Getting sessions for all scopes...
2025-05-04 13:08:00.354 [info] Got 0 sessions for ...
2025-05-04 13:08:00.430 [info] Getting sessions for project,read:org,read:user,repo,user:email,workflow...
2025-05-04 13:08:00.430 [info] Got 0 sessions for project,read:org,read:user,repo,user:email,workflow...
2025-05-04 13:08:00.433 [info] Getting sessions for read:user,repo,user:email,workflow...
2025-05-04 13:08:00.433 [info] Got 0 sessions for read:user,repo,user:email,workflow...
2025-05-04 13:08:00.434 [info] Getting sessions for read:user,repo,user:email...
2025-05-04 13:08:00.434 [info] Got 0 sessions for read:user,repo,user:email...
2025-05-04 13:08:00.435 [info] Getting sessions for read:user,repo,user:email,workflow...
2025-05-04 13:08:00.435 [info] Got 0 sessions for read:user,repo,user:email,workflow...
2025-05-04 13:08:01.248 [info] Getting sessions for all scopes...
2025-05-04 13:08:01.248 [info] Got 0 sessions for ...
2025-05-04 13:08:03.941 [info] Getting sessions for all scopes...
2025-05-04 13:08:03.941 [info] Got 0 sessions for ...
2025-05-04 13:08:03.941 [info] Getting sessions for all scopes...
2025-05-04 13:08:03.941 [info] Got 0 sessions for ...
2025-05-04 13:08:04.103 [info] Getting sessions for read:user,repo,user:email,workflow...
2025-05-04 13:08:04.103 [info] Got 0 sessions for read:user,repo,user:email,workflow...
2025-05-04 13:08:04.123 [info] Getting sessions for user:email...
2025-05-04 13:08:04.123 [info] Got 0 sessions for user:email...
2025-05-04 13:08:04.123 [info] Getting sessions for read:user,repo,user:email,workflow...
2025-05-04 13:08:04.123 [info] Got 0 sessions for read:user,repo,user:email,workflow...
2025-05-04 13:08:04.164 [info] Getting sessions for read:user...
2025-05-04 13:08:04.164 [info] Got 0 sessions for read:user...
2025-05-04 13:08:04.168 [info] Getting sessions for all scopes...
2025-05-04 13:08:04.168 [info] Got 0 sessions for ...
2025-05-04 13:08:04.576 [info] Getting sessions for user:email...
2025-05-04 13:08:04.576 [info] Got 0 sessions for user:email...
2025-05-04 13:08:04.665 [info] Getting sessions for user:email...
2025-05-04 13:08:04.665 [info] Got 0 sessions for user:email...
2025-05-04 13:08:04.728 [info] Getting sessions for read:user,repo,user:email,workflow...
2025-05-04 13:08:04.728 [info] Got 0 sessions for read:user,repo,user:email,workflow...
2025-05-04 13:08:04.932 [info] Getting sessions for all scopes...
2025-05-04 13:08:04.932 [info] Got 0 sessions for ...
2025-05-04 13:08:05.077 [info] Getting sessions for user:email...
2025-05-04 13:08:05.077 [info] Got 0 sessions for user:email...
2025-05-04 13:08:11.103 [info] Getting sessions for all scopes...
2025-05-04 13:08:11.104 [info] Got 0 sessions for ...
2025-05-04 13:08:11.160 [info] Getting sessions for user:email...
2025-05-04 13:08:11.160 [info] Got 0 sessions for user:email...
2025-05-04 13:08:11.210 [info] Getting sessions for all scopes...
2025-05-04 13:08:11.210 [info] Got 0 sessions for ...
2025-05-04 13:08:11.215 [info] Getting sessions for all scopes...
2025-05-04 13:08:11.215 [info] Got 0 sessions for ...
2025-05-04 13:08:11.215 [info] Getting sessions for user:email...
2025-05-04 13:08:11.215 [info] Got 0 sessions for user:email...
2025-05-04 13:08:11.219 [info] Getting sessions for read:user,repo,user:email,workflow...
2025-05-04 13:08:11.219 [info] Got 0 sessions for read:user,repo,user:email,workflow...
2025-05-04 13:08:11.222 [info] Getting sessions for all scopes...
2025-05-04 13:08:11.222 [info] Got 0 sessions for ...
2025-05-04 13:08:11.223 [info] Getting sessions for user:email...
2025-05-04 13:08:11.223 [info] Got 0 sessions for user:email...
2025-05-04 13:09:27.616 [info] Getting sessions for read:user,repo,user:email,workflow...
2025-05-04 13:09:27.616 [info] Got 0 sessions for read:user,repo,user:email,workflow...
2025-05-04 13:09:27.619 [info] Getting sessions for read:user...
2025-05-04 13:09:27.619 [info] Got 0 sessions for read:user...
2025-05-04 13:09:27.621 [info] Getting sessions for user:email...
2025-05-04 13:09:27.621 [info] Got 0 sessions for user:email...
2025-05-04 13:09:27.717 [info] Getting sessions for read:user,repo,user:email,workflow...
2025-05-04 13:09:27.717 [info] Got 0 sessions for read:user,repo,user:email,workflow...
2025-05-04 13:09:27.720 [info] Getting sessions for read:user...
2025-05-04 13:09:27.720 [info] Got 0 sessions for read:user...
2025-05-04 13:09:27.721 [info] Getting sessions for user:email...
2025-05-04 13:09:27.721 [info] Got 0 sessions for user:email...
2025-05-04 13:09:27.933 [info] Getting sessions for read:user,repo,user:email,workflow...
2025-05-04 13:09:27.933 [info] Got 0 sessions for read:user,repo,user:email,workflow...
2025-05-04 13:09:27.935 [info] Getting sessions for read:user...
2025-05-04 13:09:27.935 [info] Got 0 sessions for read:user...
2025-05-04 13:09:27.937 [info] Getting sessions for user:email...
2025-05-04 13:09:27.937 [info] Got 0 sessions for user:email...
2025-05-04 13:09:28.257 [info] Getting sessions for read:user,repo,user:email,workflow...
2025-05-04 13:09:28.258 [info] Got 0 sessions for read:user,repo,user:email,workflow...
2025-05-04 13:09:28.260 [info] Getting sessions for read:user...
2025-05-04 13:09:28.260 [info] Got 0 sessions for read:user...
2025-05-04 13:09:28.265 [info] Getting sessions for user:email...
2025-05-04 13:09:28.265 [info] Got 0 sessions for user:email...
2025-05-04 13:09:28.970 [info] Getting sessions for read:user,repo,user:email,workflow...
2025-05-04 13:09:28.970 [info] Got 0 sessions for read:user,repo,user:email,workflow...
2025-05-04 13:09:28.973 [info] Getting sessions for read:user...
2025-05-04 13:09:28.973 [info] Got 0 sessions for read:user...
2025-05-04 13:09:28.975 [info] Getting sessions for user:email...
2025-05-04 13:09:28.975 [info] Got 0 sessions for user:email...
2025-05-04 13:09:29.219 [info] Getting sessions for read:user,repo,user:email,workflow...
2025-05-04 13:09:29.219 [info] Got 0 sessions for read:user,repo,user:email,workflow...
2025-05-04 13:09:29.221 [info] Getting sessions for read:user...
2025-05-04 13:09:29.221 [info] Got 0 sessions for read:user...
2025-05-04 13:09:29.224 [info] Getting sessions for user:email...
2025-05-04 13:09:29.224 [info] Got 0 sessions for user:email...
2025-05-04 13:09:32.023 [info] Getting sessions for read:user,repo,user:email,workflow...
2025-05-04 13:09:32.023 [info] Got 0 sessions for read:user,repo,user:email,workflow...
2025-05-04 13:09:32.026 [info] Getting sessions for read:user...
2025-05-04 13:09:32.026 [info] Got 0 sessions for read:user...
2025-05-04 13:09:32.029 [info] Getting sessions for user:email...
2025-05-04 13:09:32.029 [info] Got 0 sessions for user:email...
2025-05-04 13:09:32.195 [info] Getting sessions for read:user,repo,user:email,workflow...
2025-05-04 13:09:32.195 [info] Got 0 sessions for read:user,repo,user:email,workflow...
2025-05-04 13:09:32.197 [info] Getting sessions for read:user...
2025-05-04 13:09:32.197 [info] Got 0 sessions for read:user...
2025-05-04 13:09:32.199 [info] Getting sessions for user:email...
2025-05-04 13:09:32.199 [info] Got 0 sessions for user:email...
2025-05-04 13:09:33.973 [info] Getting sessions for read:user,repo,user:email,workflow...
2025-05-04 13:09:33.973 [info] Got 0 sessions for read:user,repo,user:email,workflow...
2025-05-04 13:09:33.976 [info] Getting sessions for read:user...
2025-05-04 13:09:33.976 [info] Got 0 sessions for read:user...
2025-05-04 13:09:33.979 [info] Getting sessions for user:email...
2025-05-04 13:09:33.979 [info] Got 0 sessions for user:email...
2025-05-04 13:09:34.199 [info] Getting sessions for read:user,repo,user:email,workflow...
2025-05-04 13:09:34.199 [info] Got 0 sessions for read:user,repo,user:email,workflow...
2025-05-04 13:09:34.202 [info] Getting sessions for read:user...
2025-05-04 13:09:34.202 [info] Got 0 sessions for read:user...
2025-05-04 13:09:34.205 [info] Getting sessions for user:email...
2025-05-04 13:09:34.205 [info] Got 0 sessions for user:email...
2025-05-04 13:09:35.961 [info] Getting sessions for read:user,repo,user:email,workflow...
2025-05-04 13:09:35.961 [info] Got 0 sessions for read:user,repo,user:email,workflow...
2025-05-04 13:09:35.963 [info] Getting sessions for read:user...
2025-05-04 13:09:35.963 [info] Got 0 sessions for read:user...
2025-05-04 13:09:35.965 [info] Getting sessions for user:email...
2025-05-04 13:09:35.965 [info] Got 0 sessions for user:email...
2025-05-04 13:09:36.152 [info] Getting sessions for read:user,repo,user:email,workflow...
2025-05-04 13:09:36.152 [info] Got 0 sessions for read:user,repo,user:email,workflow...
2025-05-04 13:09:36.154 [info] Getting sessions for read:user...
2025-05-04 13:09:36.154 [info] Got 0 sessions for read:user...
2025-05-04 13:09:36.157 [info] Getting sessions for user:email...
2025-05-04 13:09:36.157 [info] Got 0 sessions for user:email...
2025-05-04 13:09:38.164 [info] Getting sessions for read:user,repo,user:email,workflow...
2025-05-04 13:09:38.164 [info] Got 0 sessions for read:user,repo,user:email,workflow...
2025-05-04 13:09:38.166 [info] Getting sessions for read:user...
2025-05-04 13:09:38.166 [info] Got 0 sessions for read:user...
2025-05-04 13:09:38.168 [info] Getting sessions for user:email...
2025-05-04 13:09:38.168 [info] Got 0 sessions for user:email...
2025-05-04 13:09:38.418 [info] Getting sessions for read:user,repo,user:email,workflow...
2025-05-04 13:09:38.418 [info] Got 0 sessions for read:user,repo,user:email,workflow...
2025-05-04 13:09:38.446 [info] Getting sessions for read:user...
2025-05-04 13:09:38.446 [info] Got 0 sessions for read:user...
2025-05-04 13:09:38.513 [info] Getting sessions for user:email...
2025-05-04 13:09:38.513 [info] Got 0 sessions for user:email...
2025-05-04 13:09:40.013 [info] Getting sessions for read:user,repo,user:email,workflow...
2025-05-04 13:09:40.014 [info] Got 0 sessions for read:user,repo,user:email,workflow...
2025-05-04 13:09:40.016 [info] Getting sessions for read:user...
2025-05-04 13:09:40.016 [info] Got 0 sessions for read:user...
2025-05-04 13:09:40.018 [info] Getting sessions for user:email...
2025-05-04 13:09:40.018 [info] Got 0 sessions for user:email...
2025-05-04 13:09:40.596 [info] Getting sessions for read:user,repo,user:email,workflow...
2025-05-04 13:09:40.596 [info] Got 0 sessions for read:user,repo,user:email,workflow...
2025-05-04 13:09:40.598 [info] Getting sessions for read:user...
2025-05-04 13:09:40.598 [info] Got 0 sessions for read:user...
2025-05-04 13:09:40.600 [info] Getting sessions for user:email...
2025-05-04 13:09:40.600 [info] Got 0 sessions for user:email...
2025-05-04 13:09:42.605 [info] Getting sessions for read:user,repo,user:email,workflow...
2025-05-04 13:09:42.605 [info] Got 0 sessions for read:user,repo,user:email,workflow...
2025-05-04 13:09:42.608 [info] Getting sessions for read:user...
2025-05-04 13:09:42.608 [info] Got 0 sessions for read:user...
2025-05-04 13:09:42.610 [info] Getting sessions for user:email...
2025-05-04 13:09:42.610 [info] Got 0 sessions for user:email...
2025-05-04 13:09:43.774 [info] Getting sessions for read:user,repo,user:email,workflow...
2025-05-04 13:09:43.774 [info] Got 0 sessions for read:user,repo,user:email,workflow...
2025-05-04 13:09:43.776 [info] Getting sessions for read:user...
2025-05-04 13:09:43.776 [info] Got 0 sessions for read:user...
2025-05-04 13:09:43.778 [info] Getting sessions for user:email...
2025-05-04 13:09:43.778 [info] Got 0 sessions for user:email...
2025-05-04 13:09:43.918 [info] Getting sessions for read:user,repo,user:email,workflow...
2025-05-04 13:09:43.918 [info] Got 0 sessions for read:user,repo,user:email,workflow...
2025-05-04 13:09:43.920 [info] Getting sessions for read:user...
2025-05-04 13:09:43.920 [info] Got 0 sessions for read:user...
2025-05-04 13:09:43.922 [info] Getting sessions for user:email...
2025-05-04 13:09:43.922 [info] Got 0 sessions for user:email...
2025-05-04 13:09:44.947 [info] Getting sessions for read:user,repo,user:email,workflow...
2025-05-04 13:09:44.947 [info] Got 0 sessions for read:user,repo,user:email,workflow...
2025-05-04 13:09:44.950 [info] Getting sessions for read:user...
2025-05-04 13:09:44.950 [info] Got 0 sessions for read:user...
2025-05-04 13:09:44.952 [info] Getting sessions for user:email...
2025-05-04 13:09:44.952 [info] Got 0 sessions for user:email...
2025-05-04 13:09:45.290 [info] Getting sessions for read:user,repo,user:email,workflow...
2025-05-04 13:09:45.290 [info] Got 0 sessions for read:user,repo,user:email,workflow...
2025-05-04 13:09:45.293 [info] Getting sessions for read:user...
2025-05-04 13:09:45.293 [info] Got 0 sessions for read:user...
2025-05-04 13:09:45.297 [info] Getting sessions for user:email...
2025-05-04 13:09:45.297 [info] Got 0 sessions for user:email...
2025-05-04 13:09:46.250 [info] Getting sessions for read:user,repo,user:email,workflow...
2025-05-04 13:09:46.250 [info] Got 0 sessions for read:user,repo,user:email,workflow...
2025-05-04 13:09:46.266 [info] Getting sessions for read:user...
2025-05-04 13:09:46.266 [info] Got 0 sessions for read:user...
2025-05-04 13:09:46.289 [info] Getting sessions for user:email...
2025-05-04 13:09:46.289 [info] Got 0 sessions for user:email...
2025-05-04 13:09:46.571 [info] Getting sessions for read:user,repo,user:email,workflow...
2025-05-04 13:09:46.571 [info] Got 0 sessions for read:user,repo,user:email,workflow...
2025-05-04 13:09:46.573 [info] Getting sessions for read:user...
2025-05-04 13:09:46.573 [info] Got 0 sessions for read:user...
2025-05-04 13:09:46.575 [info] Getting sessions for user:email...
2025-05-04 13:09:46.575 [info] Got 0 sessions for user:email...
2025-05-04 13:09:46.750 [info] Getting sessions for read:user,repo,user:email,workflow...
2025-05-04 13:09:46.750 [info] Got 0 sessions for read:user,repo,user:email,workflow...
2025-05-04 13:09:46.752 [info] Getting sessions for read:user...
2025-05-04 13:09:46.752 [info] Got 0 sessions for read:user...
2025-05-04 13:09:46.755 [info] Getting sessions for user:email...
2025-05-04 13:09:46.755 [info] Got 0 sessions for user:email...
2025-05-04 13:09:46.925 [info] Getting sessions for read:user,repo,user:email,workflow...
2025-05-04 13:09:46.925 [info] Got 0 sessions for read:user,repo,user:email,workflow...
2025-05-04 13:09:46.931 [info] Getting sessions for read:user...
2025-05-04 13:09:46.931 [info] Got 0 sessions for read:user...
2025-05-04 13:09:46.933 [info] Getting sessions for user:email...
2025-05-04 13:09:46.933 [info] Got 0 sessions for user:email...
2025-05-04 13:09:47.127 [info] Getting sessions for read:user,repo,user:email,workflow...
2025-05-04 13:09:47.128 [info] Got 0 sessions for read:user,repo,user:email,workflow...
2025-05-04 13:09:47.130 [info] Getting sessions for read:user...
2025-05-04 13:09:47.130 [info] Got 0 sessions for read:user...
2025-05-04 13:09:47.133 [info] Getting sessions for user:email...
2025-05-04 13:09:47.133 [info] Got 0 sessions for user:email...
2025-05-04 13:09:48.777 [info] Getting sessions for read:user,repo,user:email,workflow...
2025-05-04 13:09:48.777 [info] Got 0 sessions for read:user,repo,user:email,workflow...
2025-05-04 13:09:48.786 [info] Getting sessions for read:user...
2025-05-04 13:09:48.786 [info] Got 0 sessions for read:user...
2025-05-04 13:09:48.788 [info] Getting sessions for user:email...
2025-05-04 13:09:48.788 [info] Got 0 sessions for user:email...
2025-05-04 13:09:48.908 [info] Getting sessions for read:user,repo,user:email,workflow...
2025-05-04 13:09:48.908 [info] Got 0 sessions for read:user,repo,user:email,workflow...
2025-05-04 13:09:48.910 [info] Getting sessions for read:user...
2025-05-04 13:09:48.910 [info] Got 0 sessions for read:user...
2025-05-04 13:09:48.914 [info] Getting sessions for user:email...
2025-05-04 13:09:48.914 [info] Got 0 sessions for user:email...
2025-05-04 13:09:49.085 [info] Getting sessions for read:user,repo,user:email,workflow...
2025-05-04 13:09:49.085 [info] Got 0 sessions for read:user,repo,user:email,workflow...
2025-05-04 13:09:49.088 [info] Getting sessions for read:user...
2025-05-04 13:09:49.088 [info] Got 0 sessions for read:user...
2025-05-04 13:09:49.089 [info] Getting sessions for user:email...
2025-05-04 13:09:49.089 [info] Got 0 sessions for user:email...
2025-05-04 13:09:49.298 [info] Getting sessions for read:user,repo,user:email,workflow...
2025-05-04 13:09:49.298 [info] Got 0 sessions for read:user,repo,user:email,workflow...
2025-05-04 13:09:49.300 [info] Getting sessions for read:user...
2025-05-04 13:09:49.300 [info] Got 0 sessions for read:user...
2025-05-04 13:09:49.302 [info] Getting sessions for user:email...
2025-05-04 13:09:49.302 [info] Got 0 sessions for user:email...
2025-05-04 13:17:52.293 [info] Getting sessions for read:user,repo,user:email,workflow...
2025-05-04 13:17:52.293 [info] Got 0 sessions for read:user,repo,user:email,workflow...
2025-05-04 13:17:52.294 [info] Getting sessions for read:user...
2025-05-04 13:17:52.294 [info] Got 0 sessions for read:user...
2025-05-04 13:17:52.296 [info] Getting sessions for user:email...
2025-05-04 13:17:52.296 [info] Got 0 sessions for user:email...
2025-05-04 13:17:52.563 [info] Getting sessions for read:user,repo,user:email,workflow...
2025-05-04 13:17:52.563 [info] Got 0 sessions for read:user,repo,user:email,workflow...
2025-05-04 13:17:52.570 [info] Getting sessions for read:user...
2025-05-04 13:17:52.570 [info] Got 0 sessions for read:user...
2025-05-04 13:17:52.573 [info] Getting sessions for user:email...
2025-05-04 13:17:52.573 [info] Got 0 sessions for user:email...
2025-05-04 13:18:20.905 [info] Getting sessions for read:user,repo,user:email,workflow...
2025-05-04 13:18:20.905 [info] Got 0 sessions for read:user,repo,user:email,workflow...
2025-05-04 13:18:20.906 [info] Getting sessions for read:user...
2025-05-04 13:18:20.906 [info] Got 0 sessions for read:user...
2025-05-04 13:18:20.908 [info] Getting sessions for user:email...
2025-05-04 13:18:20.908 [info] Got 0 sessions for user:email...
2025-05-04 13:19:35.946 [info] Getting sessions for read:user,repo,user:email,workflow...
2025-05-04 13:19:35.946 [info] Got 0 sessions for read:user,repo,user:email,workflow...
2025-05-04 13:19:35.949 [info] Getting sessions for read:user...
2025-05-04 13:19:35.949 [info] Got 0 sessions for read:user...
2025-05-04 13:19:35.950 [info] Getting sessions for user:email...
2025-05-04 13:19:35.950 [info] Got 0 sessions for user:email...
2025-05-04 13:19:36.119 [info] Getting sessions for read:user,repo,user:email,workflow...
2025-05-04 13:19:36.119 [info] Got 0 sessions for read:user,repo,user:email,workflow...
2025-05-04 13:19:36.130 [info] Getting sessions for read:user...
2025-05-04 13:19:36.130 [info] Got 0 sessions for read:user...
2025-05-04 13:19:36.144 [info] Getting sessions for user:email...
2025-05-04 13:19:36.144 [info] Got 0 sessions for user:email...
2025-05-04 13:19:36.711 [info] Getting sessions for read:user,repo,user:email,workflow...
2025-05-04 13:19:36.711 [info] Got 0 sessions for read:user,repo,user:email,workflow...
2025-05-04 13:19:36.713 [info] Getting sessions for read:user...
2025-05-04 13:19:36.713 [info] Got 0 sessions for read:user...
2025-05-04 13:19:36.715 [info] Getting sessions for user:email...
2025-05-04 13:19:36.715 [info] Got 0 sessions for user:email...
2025-05-04 13:20:44.229 [info] Getting sessions for read:user,repo,user:email,workflow...
2025-05-04 13:20:44.229 [info] Got 0 sessions for read:user,repo,user:email,workflow...
2025-05-04 13:20:44.231 [info] Getting sessions for read:user...
2025-05-04 13:20:44.231 [info] Got 0 sessions for read:user...
2025-05-04 13:20:44.237 [info] Getting sessions for user:email...
2025-05-04 13:20:44.237 [info] Got 0 sessions for user:email...
2025-05-04 13:20:44.376 [info] Getting sessions for read:user,repo,user:email,workflow...
2025-05-04 13:20:44.376 [info] Got 0 sessions for read:user,repo,user:email,workflow...
2025-05-04 13:20:44.379 [info] Getting sessions for read:user...
2025-05-04 13:20:44.379 [info] Got 0 sessions for read:user...
2025-05-04 13:20:44.381 [info] Getting sessions for user:email...
2025-05-04 13:20:44.381 [info] Got 0 sessions for user:email...
2025-05-04 13:20:45.179 [info] Getting sessions for read:user,repo,user:email,workflow...
2025-05-04 13:20:45.179 [info] Got 0 sessions for read:user,repo,user:email,workflow...
2025-05-04 13:20:45.181 [info] Getting sessions for read:user...
2025-05-04 13:20:45.181 [info] Got 0 sessions for read:user...
2025-05-04 13:20:45.185 [info] Getting sessions for user:email...
2025-05-04 13:20:45.185 [info] Got 0 sessions for user:email...
2025-05-04 13:21:26.385 [info] Getting sessions for read:user,repo,user:email,workflow...
2025-05-04 13:21:26.385 [info] Got 0 sessions for read:user,repo,user:email,workflow...
2025-05-04 13:21:26.457 [info] Getting sessions for read:user...
2025-05-04 13:21:26.457 [info] Got 0 sessions for read:user...
2025-05-04 13:21:26.474 [info] Getting sessions for user:email...
2025-05-04 13:21:26.474 [info] Got 0 sessions for user:email...
2025-05-04 13:21:57.085 [info] Getting sessions for read:user,repo,user:email,workflow...
2025-05-04 13:21:57.085 [info] Got 0 sessions for read:user,repo,user:email,workflow...
2025-05-04 13:21:57.088 [info] Getting sessions for read:user...
2025-05-04 13:21:57.088 [info] Got 0 sessions for read:user...
2025-05-04 13:21:57.090 [info] Getting sessions for user:email...
2025-05-04 13:21:57.090 [info] Got 0 sessions for user:email...
2025-05-04 13:21:57.232 [info] Getting sessions for read:user,repo,user:email,workflow...
2025-05-04 13:21:57.232 [info] Got 0 sessions for read:user,repo,user:email,workflow...
2025-05-04 13:21:57.234 [info] Getting sessions for read:user...
2025-05-04 13:21:57.234 [info] Got 0 sessions for read:user...
2025-05-04 13:21:57.235 [info] Getting sessions for user:email...
2025-05-04 13:21:57.235 [info] Got 0 sessions for user:email...
2025-05-04 13:21:57.905 [info] Getting sessions for read:user,repo,user:email,workflow...
2025-05-04 13:21:57.905 [info] Got 0 sessions for read:user,repo,user:email,workflow...
2025-05-04 13:21:57.907 [info] Getting sessions for read:user...
2025-05-04 13:21:57.907 [info] Got 0 sessions for read:user...
2025-05-04 13:21:57.909 [info] Getting sessions for user:email...
2025-05-04 13:21:57.909 [info] Got 0 sessions for user:email...
2025-05-04 13:23:11.222 [info] Getting sessions for all scopes...
2025-05-04 13:23:11.223 [info] Got 0 sessions for ...
2025-05-04 13:23:11.225 [info] Getting sessions for user:email...
2025-05-04 13:23:11.226 [info] Got 0 sessions for user:email...
2025-05-04 13:23:11.228 [info] Getting sessions for all scopes...
2025-05-04 13:23:11.228 [info] Got 0 sessions for ...
2025-05-04 13:23:11.230 [info] Getting sessions for user:email...
2025-05-04 13:23:11.230 [info] Got 0 sessions for user:email...
2025-05-04 13:27:27.299 [info] Getting sessions for read:user,repo,user:email,workflow...
2025-05-04 13:27:27.299 [info] Got 0 sessions for read:user,repo,user:email,workflow...
2025-05-04 13:27:27.301 [info] Getting sessions for read:user...
2025-05-04 13:27:27.301 [info] Got 0 sessions for read:user...
2025-05-04 13:27:27.302 [info] Getting sessions for user:email...
2025-05-04 13:27:27.302 [info] Got 0 sessions for user:email...
2025-05-04 13:28:32.047 [info] Getting sessions for read:user,repo,user:email,workflow...
2025-05-04 13:28:32.047 [info] Got 0 sessions for read:user,repo,user:email,workflow...
2025-05-04 13:28:32.049 [info] Getting sessions for read:user...
2025-05-04 13:28:32.049 [info] Got 0 sessions for read:user...
2025-05-04 13:28:32.052 [info] Getting sessions for user:email...
2025-05-04 13:28:32.052 [info] Got 0 sessions for user:email...
2025-05-04 13:28:33.102 [info] Getting sessions for read:user,repo,user:email,workflow...
2025-05-04 13:28:33.102 [info] Got 0 sessions for read:user,repo,user:email,workflow...
2025-05-04 13:28:33.105 [info] Getting sessions for read:user...
2025-05-04 13:28:33.105 [info] Got 0 sessions for read:user...
2025-05-04 13:28:33.107 [info] Getting sessions for user:email...
2025-05-04 13:28:33.107 [info] Got 0 sessions for user:email...
2025-05-04 13:29:08.688 [info] Logging in with 'any' account...
2025-05-04 13:29:08.688 [info] Logging in for the following scopes: read:user repo user:email workflow
2025-05-04 13:29:08.751 [info] Trying without local server... (read:user repo user:email workflow)
2025-05-04 13:29:17.854 [error] User Cancelled
2025-05-04 13:29:19.152 [info] Trying with local server... (read:user repo user:email workflow)
2025-05-04 13:29:22.395 [info] Exchanging code for token...
2025-05-04 13:29:22.964 [info] Token exchange success!
2025-05-04 13:29:22.965 [info] Getting user info...
2025-05-04 13:29:23.559 [info] Got account info!
2025-05-04 13:29:23.560 [info] Storing 1 sessions...
2025-05-04 13:29:23.565 [info] Reading sessions from keychain...
2025-05-04 13:29:23.565 [info] Stored 1 sessions!
2025-05-04 13:29:23.566 [info] Login success!
2025-05-04 13:29:23.589 [info] Got stored sessions!
2025-05-04 13:29:23.589 [info] Got 1 verified sessions.
2025-05-04 13:29:23.589 [info] Getting sessions for all scopes...
2025-05-04 13:29:23.589 [info] Got 1 sessions for ...
2025-05-04 13:29:23.594 [info] Getting sessions for all scopes...
2025-05-04 13:29:23.594 [info] Got 1 sessions for ...
2025-05-04 13:29:23.594 [info] Getting sessions for all scopes...
2025-05-04 13:29:23.594 [info] Got 1 sessions for ...
2025-05-04 13:29:23.595 [info] Getting sessions for all scopes...
2025-05-04 13:29:23.595 [info] Got 1 sessions for ...
2025-05-04 13:29:23.616 [info] Getting sessions for project,read:org,read:user,repo,user:email,workflow...
2025-05-04 13:29:23.616 [info] Got 0 sessions for project,read:org,read:user,repo,user:email,workflow...
2025-05-04 13:29:23.616 [info] Getting sessions for all scopes...
2025-05-04 13:29:23.616 [info] Got 1 sessions for ...
2025-05-04 13:29:23.616 [info] Getting sessions for all scopes...
2025-05-04 13:29:23.616 [info] Got 1 sessions for ...
2025-05-04 13:29:23.616 [info] Getting sessions for read:user,repo,user:email,workflow...
2025-05-04 13:29:23.616 [info] Got 1 sessions for read:user,repo,user:email,workflow...
2025-05-04 13:29:23.617 [info] Getting sessions for read:user,repo,user:email,workflow...
2025-05-04 13:29:23.617 [info] Got 1 sessions for read:user,repo,user:email,workflow...
2025-05-04 13:29:23.695 [info] Getting sessions for read:user,repo,user:email,workflow...
2025-05-04 13:29:23.695 [info] Got 1 sessions for read:user,repo,user:email,workflow...
2025-05-04 13:29:23.695 [info] Getting sessions for read:user,repo,user:email,workflow...
2025-05-04 13:29:23.695 [info] Got 1 sessions for read:user,repo,user:email,workflow...
2025-05-04 13:29:23.786 [info] Getting sessions for all scopes...
2025-05-04 13:29:23.786 [info] Got 1 sessions for ...
2025-05-04 13:29:23.788 [info] Getting sessions for read:user,repo,user:email,workflow...
2025-05-04 13:29:23.789 [info] Got 1 sessions for read:user,repo,user:email,workflow...
2025-05-04 13:29:23.816 [info] Getting sessions for all scopes...
2025-05-04 13:29:23.816 [info] Got 1 sessions for ...
2025-05-04 13:29:23.817 [info] Getting sessions for read:user,repo,user:email,workflow...
2025-05-04 13:29:23.817 [info] Got 1 sessions for read:user,repo,user:email,workflow...
2025-05-04 13:29:24.333 [info] Getting sessions for read:user,repo,user:email,workflow...
2025-05-04 13:29:24.333 [info] Got 1 sessions for read:user,repo,user:email,workflow...
2025-05-04 13:29:24.486 [info] Getting sessions for read:user,repo,user:email,workflow...
2025-05-04 13:29:24.486 [info] Got 1 sessions for read:user,repo,user:email,workflow...
2025-05-04 13:29:24.612 [info] Getting sessions for all scopes...
2025-05-04 13:29:24.612 [info] Got 1 sessions for ...
2025-05-04 13:29:24.612 [info] Getting sessions for all scopes...
2025-05-04 13:29:24.612 [info] Got 1 sessions for ...
2025-05-04 13:29:24.614 [info] Getting sessions for read:user,repo,user:email,workflow...
2025-05-04 13:29:24.614 [info] Got 1 sessions for read:user,repo,user:email,workflow...
2025-05-04 13:29:24.615 [info] Getting sessions for all scopes...
2025-05-04 13:29:24.615 [info] Got 1 sessions for ...
2025-05-04 13:29:24.617 [info] Getting sessions for read:user,repo,user:email,workflow...
2025-05-04 13:29:24.617 [info] Got 1 sessions for read:user,repo,user:email,workflow...
2025-05-04 13:29:24.746 [info] Getting sessions for all scopes...
2025-05-04 13:29:24.746 [info] Got 1 sessions for ...
2025-05-04 13:29:24.746 [info] Getting sessions for all scopes...
2025-05-04 13:29:24.746 [info] Got 1 sessions for ...
2025-05-04 13:29:24.758 [info] Getting sessions for read:user,repo,user:email,workflow...
2025-05-04 13:29:24.758 [info] Got 1 sessions for read:user,repo,user:email,workflow...
2025-05-04 13:29:24.764 [info] Getting sessions for all scopes...
2025-05-04 13:29:24.764 [info] Got 1 sessions for ...
2025-05-04 13:29:24.766 [info] Getting sessions for read:user,repo,user:email,workflow...
2025-05-04 13:29:24.766 [info] Got 1 sessions for read:user,repo,user:email,workflow...
2025-05-04 13:29:46.689 [info] Getting sessions for read:user,repo,user:email,workflow...
2025-05-04 13:29:46.689 [info] Got 1 sessions for read:user,repo,user:email,workflow...
2025-05-04 13:29:47.678 [info] Getting sessions for read:user,repo,user:email,workflow...
2025-05-04 13:29:47.678 [info] Got 1 sessions for read:user,repo,user:email,workflow...
