2025-05-04 13:08:00.432 [warning] /root/.ssh/config: ENOENT: no such file or directory, open '/root/.ssh/config'
2025-05-04 13:08:00.432 [info] [Activation] Extension version: 0.108.0
2025-05-04 13:08:00.432 [info] [TemporaryState] Error in initialization: Unable to delete nonexistent file 'vscode-userdata:/home/nika/Documents/ENSIASD/tec_web/miniprojet/forum/no sandbox/User/globalStorage/github.vscode-pull-request-github/temp'
2025-05-04 13:08:00.445 [info] [Activation] Looking for git repository
2025-05-04 13:08:00.445 [info] [Activation] Found 0 repositories during activation
2025-05-04 13:08:00.445 [info] [Activation] Git repository found, initializing review manager and pr tree view.
2025-05-04 13:08:03.771 [info] [GitAPI] Registering git provider
2025-05-04 13:08:04.101 [info] [GitAPI] Repository file:///home/nika/Documents/ENSIASD/tec_web/miniprojet/forum has been opened
2025-05-04 13:08:04.558 [info] [Review+0] Validate state in progress
2025-05-04 13:08:04.558 [info] [Review+0] Validating state...
2025-05-04 13:08:04.558 [info] [FolderRepositoryManager+0] Cannot updates repositories as git is uninitialized
2025-05-04 13:08:04.558 [info] [Activation] Repo state for file:///home/nika/Documents/ENSIASD/tec_web/miniprojet/forum changed.
2025-05-04 13:08:04.558 [info] [Activation] Repo file:///home/nika/Documents/ENSIASD/tec_web/miniprojet/forum has already been setup.
2025-05-04 13:08:05.246 [info] [Activation] Git initialization state changed: state=initialized
2025-05-04 13:08:05.246 [info] [Review+0] Validate state in progress
2025-05-04 13:08:05.246 [info] [Review+0] Validating state...
2025-05-04 13:08:05.263 [info] [FolderRepositoryManager+0] Found GitHub remote for folder /home/nika/Documents/ENSIASD/tec_web/miniprojet/forum
2025-05-04 13:08:05.264 [info] [FolderRepositoryManager+0] Trying to use globalState for assignableUsers.
2025-05-04 13:08:05.376 [info] [Review+0] No matching pull request metadata found locally for current branch main
2025-05-04 13:08:05.376 [info] [Review+0] No matching pull request metadata found on GitHub for current branch main
2025-05-04 13:08:05.407 [info] [FolderRepositoryManager+0] GlobalState does not exist for assignableUsers.
2025-05-04 13:29:23.791 [info] [FolderRepositoryManager+0] Found GitHub remote for folder /home/nika/Documents/ENSIASD/tec_web/miniprojet/forum
2025-05-04 13:29:24.532 [info] [FolderRepositoryManager+0] Trying to use globalState for assignableUsers.
2025-05-04 13:29:24.587 [info] [FolderRepositoryManager+0] GlobalState does not exist for assignableUsers.
