2025-05-04 13:08:04.118 [info] [main] Log level: Info
2025-05-04 13:08:04.118 [info] [main] Validating found git in: "git"
2025-05-04 13:08:04.118 [info] [main] Using git "2.47.2" from "git"
2025-05-04 13:08:04.118 [info] [Model][doInitialScan] Initial repository scan started
2025-05-04 13:08:04.118 [info] > git rev-parse --show-toplevel [46ms]
2025-05-04 13:08:04.118 [info] > git rev-parse --git-dir --git-common-dir [4ms]
2025-05-04 13:08:04.118 [info] [Model][openRepository] Opened repository: /home/nika/Documents/ENSIASD/tec_web/miniprojet/forum
2025-05-04 13:08:04.119 [info] > git config --get commit.template [4ms]
2025-05-04 13:08:04.167 [info] > git for-each-ref --format=%(refname)%00%(upstream:short)%00%(objectname)%00%(upstream:track)%00%(upstream:remotename)%00%(upstream:remoteref) refs/heads/main refs/remotes/main [4ms]
2025-05-04 13:08:04.501 [warning] [Git][revParse] Unable to read file: ENOENT: no such file or directory, open '/home/nika/Documents/ENSIASD/tec_web/miniprojet/forum/.git/refs/remotes/origin/main'
2025-05-04 13:08:04.514 [info] > git rev-parse refs/remotes/origin/main [13ms]
2025-05-04 13:08:04.548 [info] > git status -z -uall [22ms]
2025-05-04 13:08:04.548 [info] > git for-each-ref --sort -committerdate --format %(refname)%00%(objectname)%00%(*objectname) [7ms]
2025-05-04 13:08:04.576 [info] > git rev-parse --show-toplevel [63ms]
2025-05-04 13:08:04.602 [info] > git for-each-ref --format=%(refname)%00%(upstream:short)%00%(objectname)%00%(upstream:track)%00%(upstream:remotename)%00%(upstream:remoteref) refs/heads/main refs/remotes/main [29ms]
2025-05-04 13:08:04.623 [info] > git config --get --local branch.main.vscode-merge-base [6ms]
2025-05-04 13:08:04.623 [warning] [Git][config] git config failed: Failed to execute git
2025-05-04 13:08:04.638 [info] > git rev-parse --show-toplevel [36ms]
2025-05-04 13:08:04.638 [info] > git config --get commit.template [49ms]
2025-05-04 13:08:04.683 [info] > git check-ignore -v -z --stdin [27ms]
2025-05-04 13:08:04.684 [info] > git reflog main --grep-reflog=branch: Created from *. [46ms]
2025-05-04 13:08:04.745 [info] > git symbolic-ref --short refs/remotes/origin/HEAD [42ms]
2025-05-04 13:08:04.761 [info] > git rev-parse --show-toplevel [79ms]
2025-05-04 13:08:04.777 [info] > git for-each-ref --format=%(refname)%00%(upstream:short)%00%(objectname)%00%(upstream:track)%00%(upstream:remotename)%00%(upstream:remoteref) refs/heads/main refs/remotes/main [33ms]
2025-05-04 13:08:04.798 [warning] [Git][revParse] Unable to read file: ENOENT: no such file or directory, open '/home/nika/Documents/ENSIASD/tec_web/miniprojet/forum/.git/refs/remotes/origin/main'
2025-05-04 13:08:04.799 [info] > git rev-parse --show-toplevel [23ms]
2025-05-04 13:08:04.799 [info] > git for-each-ref --format=%(refname)%00%(upstream:short)%00%(objectname)%00%(upstream:track)%00%(upstream:remotename)%00%(upstream:remoteref) refs/heads/origin/main refs/remotes/origin/main [39ms]
2025-05-04 13:08:04.909 [info] > git rev-parse refs/remotes/origin/main [111ms]
2025-05-04 13:08:04.932 [info] > git status -z -uall [13ms]
2025-05-04 13:08:04.933 [info] > git rev-parse --show-toplevel [25ms]
2025-05-04 13:08:04.933 [info] > git config --add --local branch.main.vscode-merge-base origin/main [115ms]
2025-05-04 13:08:04.934 [info] > git for-each-ref --sort -committerdate --format %(refname)%00%(objectname)%00%(*objectname) [3ms] (cancelled)
2025-05-04 13:08:04.978 [info] > git for-each-ref --format=%(refname)%00%(upstream:short)%00%(objectname)%00%(upstream:track)%00%(upstream:remotename)%00%(upstream:remoteref) refs/heads/main refs/remotes/main [31ms]
2025-05-04 13:08:05.012 [info] > git config --get --local branch.main.vscode-merge-base [17ms]
2025-05-04 13:08:05.030 [info] > git config --get commit.template [53ms]
2025-05-04 13:08:05.031 [info] > git rev-parse --show-toplevel [68ms]
2025-05-04 13:08:05.045 [info] > git for-each-ref --format=%(refname)%00%(upstream:short)%00%(objectname)%00%(upstream:track)%00%(upstream:remotename)%00%(upstream:remoteref) refs/heads/origin/main refs/remotes/origin/main [15ms]
2025-05-04 13:08:05.075 [info] > git rev-parse --show-toplevel [29ms]
2025-05-04 13:08:05.110 [info] > git for-each-ref --format=%(refname)%00%(upstream:short)%00%(objectname)%00%(upstream:track)%00%(upstream:remotename)%00%(upstream:remoteref) refs/heads/main refs/remotes/main [36ms]
2025-05-04 13:08:05.110 [info] > git merge-base refs/heads/main refs/remotes/origin/main [48ms]
2025-05-04 13:08:05.150 [warning] [Git][revParse] Unable to read file: ENOENT: no such file or directory, open '/home/nika/Documents/ENSIASD/tec_web/miniprojet/forum/.git/refs/remotes/origin/main'
2025-05-04 13:08:05.155 [info] > git diff --name-status -z --diff-filter=ADMR 01dc55254699b0fde0896206aacff3ad89aafa9d...refs/remotes/origin/main [27ms]
2025-05-04 13:08:05.156 [info] > git rev-parse --show-toplevel [47ms]
2025-05-04 13:08:05.173 [info] > git rev-parse refs/remotes/origin/main [23ms]
2025-05-04 13:08:05.214 [info] > git status -z -uall [23ms]
2025-05-04 13:08:05.216 [info] > git rev-parse --show-toplevel [44ms]
2025-05-04 13:08:05.237 [info] > git for-each-ref --sort -committerdate --format %(refname)%00%(objectname)%00%(*objectname) [24ms]
2025-05-04 13:08:05.242 [info] > git rev-parse --show-toplevel [6ms]
2025-05-04 13:08:05.245 [info] [Model][doInitialScan] Initial repository scan completed - repositories (1), closed repositories (0), parent repositories (0), unsafe repositories (0)
2025-05-04 13:08:05.375 [info] > git config --get --local branch.main.github-pr-owner-number [96ms]
2025-05-04 13:08:05.375 [warning] [Git][config] git config failed: Failed to execute git
2025-05-04 13:08:06.086 [info] > git show --textconv :.env.example [15ms]
2025-05-04 13:08:06.090 [info] > git ls-files --stage -- .env.example [5ms]
2025-05-04 13:08:06.114 [info] > git cat-file -s 35db1ddf0e04fb9f138a372b17d0bfc8480bef38 [4ms]
2025-05-04 13:08:06.163 [info] > git ls-files --stage -- .env.example [12ms]
2025-05-04 13:08:06.188 [info] > git cat-file -s 35db1ddf0e04fb9f138a372b17d0bfc8480bef38 [3ms]
2025-05-04 13:08:07.867 [info] > git config --get commit.template [23ms]
2025-05-04 13:08:07.868 [info] > git for-each-ref --format=%(refname)%00%(upstream:short)%00%(objectname)%00%(upstream:track)%00%(upstream:remotename)%00%(upstream:remoteref) refs/heads/main refs/remotes/main [2ms]
2025-05-04 13:08:07.890 [warning] [Git][revParse] Unable to read file: ENOENT: no such file or directory, open '/home/nika/Documents/ENSIASD/tec_web/miniprojet/forum/.git/refs/remotes/origin/main'
2025-05-04 13:08:07.891 [info] > git rev-parse refs/remotes/origin/main [1ms]
2025-05-04 13:08:07.936 [info] > git status -z -uall [23ms]
2025-05-04 13:08:07.939 [info] > git for-each-ref --sort -committerdate --format %(refname)%00%(objectname)%00%(*objectname) [3ms]
2025-05-04 13:08:11.103 [info] > git config --get commit.template [20ms]
2025-05-04 13:08:11.124 [info] > git for-each-ref --format=%(refname)%00%(upstream:short)%00%(objectname)%00%(upstream:track)%00%(upstream:remotename)%00%(upstream:remoteref) refs/heads/main refs/remotes/main [3ms]
2025-05-04 13:08:11.144 [warning] [Git][revParse] Unable to read file: ENOENT: no such file or directory, open '/home/nika/Documents/ENSIASD/tec_web/miniprojet/forum/.git/refs/remotes/origin/main'
2025-05-04 13:08:11.167 [info] > git rev-parse refs/remotes/origin/main [23ms]
2025-05-04 13:08:11.201 [info] > git status -z -uall [16ms]
2025-05-04 13:08:11.203 [info] > git for-each-ref --sort -committerdate --format %(refname)%00%(objectname)%00%(*objectname) [3ms]
2025-05-04 13:08:13.006 [info] > git config --get commit.template [27ms]
2025-05-04 13:08:13.007 [info] > git for-each-ref --format=%(refname)%00%(upstream:short)%00%(objectname)%00%(upstream:track)%00%(upstream:remotename)%00%(upstream:remoteref) refs/heads/main refs/remotes/main [3ms]
2025-05-04 13:08:13.034 [warning] [Git][revParse] Unable to read file: ENOENT: no such file or directory, open '/home/nika/Documents/ENSIASD/tec_web/miniprojet/forum/.git/refs/remotes/origin/main'
2025-05-04 13:08:13.036 [info] > git rev-parse refs/remotes/origin/main [2ms]
2025-05-04 13:08:13.084 [info] > git status -z -uall [25ms]
2025-05-04 13:08:13.086 [info] > git for-each-ref --sort -committerdate --format %(refname)%00%(objectname)%00%(*objectname) [3ms]
2025-05-04 13:08:18.144 [info] > git config --get commit.template [24ms]
2025-05-04 13:08:18.145 [info] > git for-each-ref --format=%(refname)%00%(upstream:short)%00%(objectname)%00%(upstream:track)%00%(upstream:remotename)%00%(upstream:remoteref) refs/heads/main refs/remotes/main [2ms]
2025-05-04 13:08:18.168 [warning] [Git][revParse] Unable to read file: ENOENT: no such file or directory, open '/home/nika/Documents/ENSIASD/tec_web/miniprojet/forum/.git/refs/remotes/origin/main'
2025-05-04 13:08:18.170 [info] > git rev-parse refs/remotes/origin/main [2ms]
2025-05-04 13:08:18.220 [info] > git status -z -uall [25ms]
2025-05-04 13:08:18.222 [info] > git for-each-ref --sort -committerdate --format %(refname)%00%(objectname)%00%(*objectname) [4ms]
2025-05-04 13:08:22.786 [info] > git check-ignore -v -z --stdin [1ms]
2025-05-04 13:08:23.258 [info] > git config --get commit.template [3ms]
2025-05-04 13:08:23.282 [info] > git for-each-ref --format=%(refname)%00%(upstream:short)%00%(objectname)%00%(upstream:track)%00%(upstream:remotename)%00%(upstream:remoteref) refs/heads/main refs/remotes/main [2ms]
2025-05-04 13:08:23.304 [warning] [Git][revParse] Unable to read file: ENOENT: no such file or directory, open '/home/nika/Documents/ENSIASD/tec_web/miniprojet/forum/.git/refs/remotes/origin/main'
2025-05-04 13:08:23.306 [info] > git rev-parse refs/remotes/origin/main [2ms]
2025-05-04 13:08:23.353 [info] > git status -z -uall [24ms]
2025-05-04 13:08:23.355 [info] > git for-each-ref --sort -committerdate --format %(refname)%00%(objectname)%00%(*objectname) [3ms]
2025-05-04 13:08:24.173 [info] > git check-ignore -v -z --stdin [2ms]
2025-05-04 13:08:25.578 [info] > git check-ignore -v -z --stdin [2ms]
2025-05-04 13:08:27.864 [info] > git check-ignore -v -z --stdin [2ms]
2025-05-04 13:08:28.412 [info] > git config --get commit.template [25ms]
2025-05-04 13:08:28.413 [info] > git for-each-ref --format=%(refname)%00%(upstream:short)%00%(objectname)%00%(upstream:track)%00%(upstream:remotename)%00%(upstream:remoteref) refs/heads/main refs/remotes/main [2ms]
2025-05-04 13:08:28.436 [warning] [Git][revParse] Unable to read file: ENOENT: no such file or directory, open '/home/nika/Documents/ENSIASD/tec_web/miniprojet/forum/.git/refs/remotes/origin/main'
2025-05-04 13:08:28.437 [info] > git rev-parse refs/remotes/origin/main [2ms]
2025-05-04 13:08:28.484 [info] > git status -z -uall [24ms]
2025-05-04 13:08:28.487 [info] > git for-each-ref --sort -committerdate --format %(refname)%00%(objectname)%00%(*objectname) [4ms]
2025-05-04 13:08:33.545 [info] > git config --get commit.template [23ms]
2025-05-04 13:08:33.546 [info] > git for-each-ref --format=%(refname)%00%(upstream:short)%00%(objectname)%00%(upstream:track)%00%(upstream:remotename)%00%(upstream:remoteref) refs/heads/main refs/remotes/main [2ms]
2025-05-04 13:08:33.568 [warning] [Git][revParse] Unable to read file: ENOENT: no such file or directory, open '/home/nika/Documents/ENSIASD/tec_web/miniprojet/forum/.git/refs/remotes/origin/main'
2025-05-04 13:08:33.570 [info] > git rev-parse refs/remotes/origin/main [2ms]
2025-05-04 13:08:33.615 [info] > git status -z -uall [23ms]
2025-05-04 13:08:33.617 [info] > git for-each-ref --sort -committerdate --format %(refname)%00%(objectname)%00%(*objectname) [3ms]
2025-05-04 13:08:36.331 [info] > git check-ignore -v -z --stdin [2ms]
2025-05-04 13:08:38.095 [info] > git check-ignore -v -z --stdin [2ms]
2025-05-04 13:08:38.673 [info] > git config --get commit.template [23ms]
2025-05-04 13:08:38.674 [info] > git for-each-ref --format=%(refname)%00%(upstream:short)%00%(objectname)%00%(upstream:track)%00%(upstream:remotename)%00%(upstream:remoteref) refs/heads/main refs/remotes/main [2ms]
2025-05-04 13:08:38.696 [warning] [Git][revParse] Unable to read file: ENOENT: no such file or directory, open '/home/nika/Documents/ENSIASD/tec_web/miniprojet/forum/.git/refs/remotes/origin/main'
2025-05-04 13:08:38.698 [info] > git rev-parse refs/remotes/origin/main [2ms]
2025-05-04 13:08:38.744 [info] > git status -z -uall [24ms]
2025-05-04 13:08:38.746 [info] > git for-each-ref --sort -committerdate --format %(refname)%00%(objectname)%00%(*objectname) [3ms]
2025-05-04 13:08:43.807 [info] > git config --get commit.template [30ms]
2025-05-04 13:08:43.808 [info] > git for-each-ref --format=%(refname)%00%(upstream:short)%00%(objectname)%00%(upstream:track)%00%(upstream:remotename)%00%(upstream:remoteref) refs/heads/main refs/remotes/main [2ms]
2025-05-04 13:08:43.835 [warning] [Git][revParse] Unable to read file: ENOENT: no such file or directory, open '/home/nika/Documents/ENSIASD/tec_web/miniprojet/forum/.git/refs/remotes/origin/main'
2025-05-04 13:08:43.836 [info] > git rev-parse refs/remotes/origin/main [1ms]
2025-05-04 13:08:43.878 [info] > git status -z -uall [21ms]
2025-05-04 13:08:43.880 [info] > git for-each-ref --sort -committerdate --format %(refname)%00%(objectname)%00%(*objectname) [3ms]
2025-05-04 13:08:48.934 [info] > git config --get commit.template [24ms]
2025-05-04 13:08:48.935 [info] > git for-each-ref --format=%(refname)%00%(upstream:short)%00%(objectname)%00%(upstream:track)%00%(upstream:remotename)%00%(upstream:remoteref) refs/heads/main refs/remotes/main [2ms]
2025-05-04 13:08:48.958 [warning] [Git][revParse] Unable to read file: ENOENT: no such file or directory, open '/home/nika/Documents/ENSIASD/tec_web/miniprojet/forum/.git/refs/remotes/origin/main'
2025-05-04 13:08:48.960 [info] > git rev-parse refs/remotes/origin/main [2ms]
2025-05-04 13:08:49.005 [info] > git status -z -uall [24ms]
2025-05-04 13:08:49.007 [info] > git for-each-ref --sort -committerdate --format %(refname)%00%(objectname)%00%(*objectname) [3ms]
2025-05-04 13:08:56.990 [info] > git config --get commit.template [23ms]
2025-05-04 13:08:56.991 [info] > git for-each-ref --format=%(refname)%00%(upstream:short)%00%(objectname)%00%(upstream:track)%00%(upstream:remotename)%00%(upstream:remoteref) refs/heads/main refs/remotes/main [2ms]
2025-05-04 13:08:57.013 [warning] [Git][revParse] Unable to read file: ENOENT: no such file or directory, open '/home/nika/Documents/ENSIASD/tec_web/miniprojet/forum/.git/refs/remotes/origin/main'
2025-05-04 13:08:57.014 [info] > git rev-parse refs/remotes/origin/main [1ms]
2025-05-04 13:08:57.059 [info] > git status -z -uall [23ms]
2025-05-04 13:08:57.061 [info] > git for-each-ref --sort -committerdate --format %(refname)%00%(objectname)%00%(*objectname) [3ms]
2025-05-04 13:09:01.971 [info] > git check-ignore -v -z --stdin [2ms]
2025-05-04 13:09:02.117 [info] > git config --get commit.template [26ms]
2025-05-04 13:09:02.118 [info] > git for-each-ref --format=%(refname)%00%(upstream:short)%00%(objectname)%00%(upstream:track)%00%(upstream:remotename)%00%(upstream:remoteref) refs/heads/main refs/remotes/main [3ms]
2025-05-04 13:09:02.141 [warning] [Git][revParse] Unable to read file: ENOENT: no such file or directory, open '/home/nika/Documents/ENSIASD/tec_web/miniprojet/forum/.git/refs/remotes/origin/main'
2025-05-04 13:09:02.142 [info] > git rev-parse refs/remotes/origin/main [2ms]
2025-05-04 13:09:02.190 [info] > git status -z -uall [25ms]
2025-05-04 13:09:02.191 [info] > git for-each-ref --sort -committerdate --format %(refname)%00%(objectname)%00%(*objectname) [2ms]
2025-05-04 13:09:07.245 [info] > git config --get commit.template [23ms]
2025-05-04 13:09:07.247 [info] > git for-each-ref --format=%(refname)%00%(upstream:short)%00%(objectname)%00%(upstream:track)%00%(upstream:remotename)%00%(upstream:remoteref) refs/heads/main refs/remotes/main [3ms]
2025-05-04 13:09:07.270 [warning] [Git][revParse] Unable to read file: ENOENT: no such file or directory, open '/home/nika/Documents/ENSIASD/tec_web/miniprojet/forum/.git/refs/remotes/origin/main'
2025-05-04 13:09:07.272 [info] > git rev-parse refs/remotes/origin/main [2ms]
2025-05-04 13:09:07.319 [info] > git status -z -uall [24ms]
2025-05-04 13:09:07.320 [info] > git for-each-ref --sort -committerdate --format %(refname)%00%(objectname)%00%(*objectname) [2ms]
2025-05-04 13:09:12.376 [info] > git config --get commit.template [24ms]
2025-05-04 13:09:12.377 [info] > git for-each-ref --format=%(refname)%00%(upstream:short)%00%(objectname)%00%(upstream:track)%00%(upstream:remotename)%00%(upstream:remoteref) refs/heads/main refs/remotes/main [2ms]
2025-05-04 13:09:12.406 [warning] [Git][revParse] Unable to read file: ENOENT: no such file or directory, open '/home/nika/Documents/ENSIASD/tec_web/miniprojet/forum/.git/refs/remotes/origin/main'
2025-05-04 13:09:12.408 [info] > git rev-parse refs/remotes/origin/main [2ms]
2025-05-04 13:09:12.458 [info] > git status -z -uall [25ms]
2025-05-04 13:09:12.460 [info] > git for-each-ref --sort -committerdate --format %(refname)%00%(objectname)%00%(*objectname) [3ms]
2025-05-04 13:09:13.005 [info] > git check-ignore -v -z --stdin [1ms]
2025-05-04 13:09:17.515 [info] > git config --get commit.template [24ms]
2025-05-04 13:09:17.516 [info] > git for-each-ref --format=%(refname)%00%(upstream:short)%00%(objectname)%00%(upstream:track)%00%(upstream:remotename)%00%(upstream:remoteref) refs/heads/main refs/remotes/main [2ms]
2025-05-04 13:09:17.538 [warning] [Git][revParse] Unable to read file: ENOENT: no such file or directory, open '/home/nika/Documents/ENSIASD/tec_web/miniprojet/forum/.git/refs/remotes/origin/main'
2025-05-04 13:09:17.540 [info] > git rev-parse refs/remotes/origin/main [2ms]
2025-05-04 13:09:17.584 [info] > git status -z -uall [23ms]
2025-05-04 13:09:17.586 [info] > git for-each-ref --sort -committerdate --format %(refname)%00%(objectname)%00%(*objectname) [3ms]
2025-05-04 13:09:22.999 [info] > git config --get commit.template [26ms]
2025-05-04 13:09:23.000 [info] > git for-each-ref --format=%(refname)%00%(upstream:short)%00%(objectname)%00%(upstream:track)%00%(upstream:remotename)%00%(upstream:remoteref) refs/heads/main refs/remotes/main [2ms]
2025-05-04 13:09:23.024 [warning] [Git][revParse] Unable to read file: ENOENT: no such file or directory, open '/home/nika/Documents/ENSIASD/tec_web/miniprojet/forum/.git/refs/remotes/origin/main'
2025-05-04 13:09:23.026 [info] > git rev-parse refs/remotes/origin/main [2ms]
2025-05-04 13:09:23.074 [info] > git status -z -uall [25ms]
2025-05-04 13:09:23.077 [info] > git for-each-ref --sort -committerdate --format %(refname)%00%(objectname)%00%(*objectname) [4ms]
2025-05-04 13:09:24.189 [info] > git show --textconv :.env [26ms]
2025-05-04 13:09:24.215 [info] > git ls-files --stage -- .env [27ms]
2025-05-04 13:09:24.241 [info] > git hash-object -t tree /dev/null [27ms]
2025-05-04 13:09:24.241 [warning] [GitFileSystemProvider][readFile] File not found - git:/home/nika/Documents/ENSIASD/tec_web/miniprojet/forum/.env.git?%7B%22path%22%3A%22%2Fhome%2Fnika%2FDocuments%2FENSIASD%2Ftec_web%2Fminiprojet%2Fforum%2F.env%22%2C%22ref%22%3A%22%22%7D
2025-05-04 13:09:24.253 [info] > git hash-object -t tree /dev/null [14ms]
2025-05-04 13:09:24.253 [warning] [GitFileSystemProvider][stat] File not found - git:/home/nika/Documents/ENSIASD/tec_web/miniprojet/forum/.env.git?%7B%22path%22%3A%22%2Fhome%2Fnika%2FDocuments%2FENSIASD%2Ftec_web%2Fminiprojet%2Fforum%2F.env%22%2C%22ref%22%3A%22%22%7D
2025-05-04 13:09:26.814 [info] > git blame --root --incremental 01dc55254699b0fde0896206aacff3ad89aafa9d -- .env [2ms]
2025-05-04 13:09:26.814 [info] fatal: no such path .env in 01dc55254699b0fde0896206aacff3ad89aafa9d
2025-05-04 13:09:28.138 [info] > git config --get commit.template [25ms]
2025-05-04 13:09:28.140 [info] > git for-each-ref --format=%(refname)%00%(upstream:short)%00%(objectname)%00%(upstream:track)%00%(upstream:remotename)%00%(upstream:remoteref) refs/heads/main refs/remotes/main [3ms]
2025-05-04 13:09:28.164 [warning] [Git][revParse] Unable to read file: ENOENT: no such file or directory, open '/home/nika/Documents/ENSIASD/tec_web/miniprojet/forum/.git/refs/remotes/origin/main'
2025-05-04 13:09:28.166 [info] > git rev-parse refs/remotes/origin/main [2ms]
2025-05-04 13:09:28.222 [info] > git status -z -uall [32ms]
2025-05-04 13:09:28.226 [info] > git for-each-ref --sort -committerdate --format %(refname)%00%(objectname)%00%(*objectname) [5ms]
2025-05-04 13:09:33.286 [info] > git config --get commit.template [24ms]
2025-05-04 13:09:33.287 [info] > git for-each-ref --format=%(refname)%00%(upstream:short)%00%(objectname)%00%(upstream:track)%00%(upstream:remotename)%00%(upstream:remoteref) refs/heads/main refs/remotes/main [2ms]
2025-05-04 13:09:33.309 [warning] [Git][revParse] Unable to read file: ENOENT: no such file or directory, open '/home/nika/Documents/ENSIASD/tec_web/miniprojet/forum/.git/refs/remotes/origin/main'
2025-05-04 13:09:33.311 [info] > git rev-parse refs/remotes/origin/main [2ms]
2025-05-04 13:09:33.355 [info] > git status -z -uall [22ms]
2025-05-04 13:09:33.357 [info] > git for-each-ref --sort -committerdate --format %(refname)%00%(objectname)%00%(*objectname) [2ms]
2025-05-04 13:09:38.392 [info] > git config --get commit.template [2ms]
2025-05-04 13:09:38.419 [info] > git for-each-ref --format=%(refname)%00%(upstream:short)%00%(objectname)%00%(upstream:track)%00%(upstream:remotename)%00%(upstream:remoteref) refs/heads/main refs/remotes/main [3ms]
2025-05-04 13:09:38.444 [warning] [Git][revParse] Unable to read file: ENOENT: no such file or directory, open '/home/nika/Documents/ENSIASD/tec_web/miniprojet/forum/.git/refs/remotes/origin/main'
2025-05-04 13:09:38.446 [info] > git rev-parse refs/remotes/origin/main [2ms]
2025-05-04 13:09:38.497 [info] > git status -z -uall [26ms]
2025-05-04 13:09:38.500 [info] > git for-each-ref --sort -committerdate --format %(refname)%00%(objectname)%00%(*objectname) [4ms]
2025-05-04 13:09:43.538 [info] > git config --get commit.template [2ms]
2025-05-04 13:09:43.562 [info] > git for-each-ref --format=%(refname)%00%(upstream:short)%00%(objectname)%00%(upstream:track)%00%(upstream:remotename)%00%(upstream:remoteref) refs/heads/main refs/remotes/main [2ms]
2025-05-04 13:09:43.584 [warning] [Git][revParse] Unable to read file: ENOENT: no such file or directory, open '/home/nika/Documents/ENSIASD/tec_web/miniprojet/forum/.git/refs/remotes/origin/main'
2025-05-04 13:09:43.586 [info] > git rev-parse refs/remotes/origin/main [2ms]
2025-05-04 13:09:43.632 [info] > git status -z -uall [24ms]
2025-05-04 13:09:43.634 [info] > git for-each-ref --sort -committerdate --format %(refname)%00%(objectname)%00%(*objectname) [4ms]
2025-05-04 13:09:48.697 [info] > git config --get commit.template [28ms]
2025-05-04 13:09:48.698 [info] > git for-each-ref --format=%(refname)%00%(upstream:short)%00%(objectname)%00%(upstream:track)%00%(upstream:remotename)%00%(upstream:remoteref) refs/heads/main refs/remotes/main [2ms]
2025-05-04 13:09:48.721 [warning] [Git][revParse] Unable to read file: ENOENT: no such file or directory, open '/home/nika/Documents/ENSIASD/tec_web/miniprojet/forum/.git/refs/remotes/origin/main'
2025-05-04 13:09:48.723 [info] > git rev-parse refs/remotes/origin/main [2ms]
2025-05-04 13:09:48.768 [info] > git status -z -uall [24ms]
2025-05-04 13:09:48.770 [info] > git for-each-ref --sort -committerdate --format %(refname)%00%(objectname)%00%(*objectname) [3ms]
2025-05-04 13:09:53.807 [info] > git config --get commit.template [2ms]
2025-05-04 13:09:53.843 [info] > git for-each-ref --format=%(refname)%00%(upstream:short)%00%(objectname)%00%(upstream:track)%00%(upstream:remotename)%00%(upstream:remoteref) refs/heads/main refs/remotes/main [3ms]
2025-05-04 13:09:53.868 [warning] [Git][revParse] Unable to read file: ENOENT: no such file or directory, open '/home/nika/Documents/ENSIASD/tec_web/miniprojet/forum/.git/refs/remotes/origin/main'
2025-05-04 13:09:53.870 [info] > git rev-parse refs/remotes/origin/main [2ms]
2025-05-04 13:09:53.920 [info] > git status -z -uall [25ms]
2025-05-04 13:09:53.922 [info] > git for-each-ref --sort -committerdate --format %(refname)%00%(objectname)%00%(*objectname) [3ms]
2025-05-04 13:09:58.976 [info] > git config --get commit.template [24ms]
2025-05-04 13:09:58.977 [info] > git for-each-ref --format=%(refname)%00%(upstream:short)%00%(objectname)%00%(upstream:track)%00%(upstream:remotename)%00%(upstream:remoteref) refs/heads/main refs/remotes/main [2ms]
2025-05-04 13:09:58.999 [warning] [Git][revParse] Unable to read file: ENOENT: no such file or directory, open '/home/nika/Documents/ENSIASD/tec_web/miniprojet/forum/.git/refs/remotes/origin/main'
2025-05-04 13:09:59.001 [info] > git rev-parse refs/remotes/origin/main [2ms]
2025-05-04 13:09:59.045 [info] > git status -z -uall [23ms]
2025-05-04 13:09:59.047 [info] > git for-each-ref --sort -committerdate --format %(refname)%00%(objectname)%00%(*objectname) [3ms]
2025-05-04 13:11:00.044 [info] > git config --get commit.template [3ms]
2025-05-04 13:11:00.078 [info] > git for-each-ref --format=%(refname)%00%(upstream:short)%00%(objectname)%00%(upstream:track)%00%(upstream:remotename)%00%(upstream:remoteref) refs/heads/main refs/remotes/main [2ms]
2025-05-04 13:11:00.102 [warning] [Git][revParse] Unable to read file: ENOENT: no such file or directory, open '/home/nika/Documents/ENSIASD/tec_web/miniprojet/forum/.git/refs/remotes/origin/main'
2025-05-04 13:11:00.104 [info] > git rev-parse refs/remotes/origin/main [3ms]
2025-05-04 13:11:00.154 [info] > git status -z -uall [27ms]
2025-05-04 13:11:00.154 [info] > git for-each-ref --sort -committerdate --format %(refname)%00%(objectname)%00%(*objectname) [3ms]
2025-05-04 13:11:09.652 [info] > git config --get commit.template [24ms]
2025-05-04 13:11:09.653 [info] > git for-each-ref --format=%(refname)%00%(upstream:short)%00%(objectname)%00%(upstream:track)%00%(upstream:remotename)%00%(upstream:remoteref) refs/heads/main refs/remotes/main [2ms]
2025-05-04 13:11:09.675 [warning] [Git][revParse] Unable to read file: ENOENT: no such file or directory, open '/home/nika/Documents/ENSIASD/tec_web/miniprojet/forum/.git/refs/remotes/origin/main'
2025-05-04 13:11:09.677 [info] > git rev-parse refs/remotes/origin/main [2ms]
2025-05-04 13:11:09.723 [info] > git status -z -uall [24ms]
2025-05-04 13:11:09.725 [info] > git for-each-ref --sort -committerdate --format %(refname)%00%(objectname)%00%(*objectname) [2ms]
2025-05-04 13:11:15.057 [info] > git check-ignore -v -z --stdin [2ms]
2025-05-04 13:11:16.546 [info] > git config --get commit.template [24ms]
2025-05-04 13:11:16.548 [info] > git for-each-ref --format=%(refname)%00%(upstream:short)%00%(objectname)%00%(upstream:track)%00%(upstream:remotename)%00%(upstream:remoteref) refs/heads/main refs/remotes/main [3ms]
2025-05-04 13:11:16.570 [warning] [Git][revParse] Unable to read file: ENOENT: no such file or directory, open '/home/nika/Documents/ENSIASD/tec_web/miniprojet/forum/.git/refs/remotes/origin/main'
2025-05-04 13:11:16.572 [info] > git rev-parse refs/remotes/origin/main [2ms]
2025-05-04 13:11:16.619 [info] > git status -z -uall [24ms]
2025-05-04 13:11:16.623 [info] > git for-each-ref --sort -committerdate --format %(refname)%00%(objectname)%00%(*objectname) [5ms]
2025-05-04 13:11:17.354 [info] > git check-ignore -v -z --stdin [2ms]
2025-05-04 13:11:21.687 [info] > git config --get commit.template [27ms]
2025-05-04 13:11:21.689 [info] > git for-each-ref --format=%(refname)%00%(upstream:short)%00%(objectname)%00%(upstream:track)%00%(upstream:remotename)%00%(upstream:remoteref) refs/heads/main refs/remotes/main [3ms]
2025-05-04 13:11:21.716 [warning] [Git][revParse] Unable to read file: ENOENT: no such file or directory, open '/home/nika/Documents/ENSIASD/tec_web/miniprojet/forum/.git/refs/remotes/origin/main'
2025-05-04 13:11:21.719 [info] > git rev-parse refs/remotes/origin/main [3ms]
2025-05-04 13:11:21.766 [info] > git status -z -uall [26ms]
2025-05-04 13:11:21.769 [info] > git for-each-ref --sort -committerdate --format %(refname)%00%(objectname)%00%(*objectname) [4ms]
2025-05-04 13:11:31.341 [info] > git config --get commit.template [27ms]
2025-05-04 13:11:31.342 [info] > git for-each-ref --format=%(refname)%00%(upstream:short)%00%(objectname)%00%(upstream:track)%00%(upstream:remotename)%00%(upstream:remoteref) refs/heads/main refs/remotes/main [2ms]
2025-05-04 13:11:31.367 [warning] [Git][revParse] Unable to read file: ENOENT: no such file or directory, open '/home/nika/Documents/ENSIASD/tec_web/miniprojet/forum/.git/refs/remotes/origin/main'
2025-05-04 13:11:31.369 [info] > git rev-parse refs/remotes/origin/main [2ms]
2025-05-04 13:11:31.424 [info] > git status -z -uall [29ms]
2025-05-04 13:11:31.430 [info] > git for-each-ref --sort -committerdate --format %(refname)%00%(objectname)%00%(*objectname) [8ms]
2025-05-04 13:11:48.503 [info] > git config --get commit.template [21ms]
2025-05-04 13:11:48.503 [info] > git for-each-ref --format=%(refname)%00%(upstream:short)%00%(objectname)%00%(upstream:track)%00%(upstream:remotename)%00%(upstream:remoteref) refs/heads/main refs/remotes/main [1ms]
2025-05-04 13:11:48.524 [warning] [Git][revParse] Unable to read file: ENOENT: no such file or directory, open '/home/nika/Documents/ENSIASD/tec_web/miniprojet/forum/.git/refs/remotes/origin/main'
2025-05-04 13:11:48.526 [info] > git rev-parse refs/remotes/origin/main [2ms]
2025-05-04 13:11:48.568 [info] > git status -z -uall [19ms]
2025-05-04 13:11:48.569 [info] > git for-each-ref --sort -committerdate --format %(refname)%00%(objectname)%00%(*objectname) [2ms]
2025-05-04 13:17:15.606 [info] > git config --get commit.template [15ms]
2025-05-04 13:17:15.607 [info] > git for-each-ref --format=%(refname)%00%(upstream:short)%00%(objectname)%00%(upstream:track)%00%(upstream:remotename)%00%(upstream:remoteref) refs/heads/main refs/remotes/main [2ms]
2025-05-04 13:17:15.628 [warning] [Git][revParse] Unable to read file: ENOENT: no such file or directory, open '/home/nika/Documents/ENSIASD/tec_web/miniprojet/forum/.git/refs/remotes/origin/main'
2025-05-04 13:17:15.629 [info] > git rev-parse refs/remotes/origin/main [2ms]
2025-05-04 13:17:15.675 [info] > git status -z -uall [24ms]
2025-05-04 13:17:15.679 [info] > git for-each-ref --sort -committerdate --format %(refname)%00%(objectname)%00%(*objectname) [5ms]
2025-05-04 13:17:20.797 [info] > git show --textconv :app/Models/User.php [52ms]
2025-05-04 13:17:20.802 [info] > git ls-files --stage -- app/Models/User.php [17ms]
2025-05-04 13:17:20.961 [info] > git cat-file -s 749c7b77d9befa8c8726db91a4ba38ff777cc8ff [119ms]
2025-05-04 13:17:20.970 [info] > git config --get commit.template [17ms]
2025-05-04 13:17:21.032 [info] > git for-each-ref --format=%(refname)%00%(upstream:short)%00%(objectname)%00%(upstream:track)%00%(upstream:remotename)%00%(upstream:remoteref) refs/heads/main refs/remotes/main [10ms]
2025-05-04 13:17:21.064 [warning] [Git][revParse] Unable to read file: ENOENT: no such file or directory, open '/home/nika/Documents/ENSIASD/tec_web/miniprojet/forum/.git/refs/remotes/origin/main'
2025-05-04 13:17:21.067 [info] > git rev-parse refs/remotes/origin/main [3ms]
2025-05-04 13:17:21.168 [info] > git status -z -uall [54ms]
2025-05-04 13:17:21.168 [info] > git for-each-ref --sort -committerdate --format %(refname)%00%(objectname)%00%(*objectname) [5ms]
2025-05-04 13:17:26.210 [info] > git config --get commit.template [15ms]
2025-05-04 13:17:26.211 [info] > git for-each-ref --format=%(refname)%00%(upstream:short)%00%(objectname)%00%(upstream:track)%00%(upstream:remotename)%00%(upstream:remoteref) refs/heads/main refs/remotes/main [1ms]
2025-05-04 13:17:26.228 [warning] [Git][revParse] Unable to read file: ENOENT: no such file or directory, open '/home/nika/Documents/ENSIASD/tec_web/miniprojet/forum/.git/refs/remotes/origin/main'
2025-05-04 13:17:26.229 [info] > git rev-parse refs/remotes/origin/main [2ms]
2025-05-04 13:17:26.280 [info] > git status -z -uall [29ms]
2025-05-04 13:17:26.282 [info] > git for-each-ref --sort -committerdate --format %(refname)%00%(objectname)%00%(*objectname) [3ms]
2025-05-04 13:17:31.343 [info] > git config --get commit.template [25ms]
2025-05-04 13:17:31.344 [info] > git for-each-ref --format=%(refname)%00%(upstream:short)%00%(objectname)%00%(upstream:track)%00%(upstream:remotename)%00%(upstream:remoteref) refs/heads/main refs/remotes/main [2ms]
2025-05-04 13:17:31.366 [warning] [Git][revParse] Unable to read file: ENOENT: no such file or directory, open '/home/nika/Documents/ENSIASD/tec_web/miniprojet/forum/.git/refs/remotes/origin/main'
2025-05-04 13:17:31.368 [info] > git rev-parse refs/remotes/origin/main [2ms]
2025-05-04 13:17:31.412 [info] > git status -z -uall [22ms]
2025-05-04 13:17:31.414 [info] > git for-each-ref --sort -committerdate --format %(refname)%00%(objectname)%00%(*objectname) [3ms]
2025-05-04 13:17:36.471 [info] > git config --get commit.template [23ms]
2025-05-04 13:17:36.472 [info] > git for-each-ref --format=%(refname)%00%(upstream:short)%00%(objectname)%00%(upstream:track)%00%(upstream:remotename)%00%(upstream:remoteref) refs/heads/main refs/remotes/main [2ms]
2025-05-04 13:17:36.493 [warning] [Git][revParse] Unable to read file: ENOENT: no such file or directory, open '/home/nika/Documents/ENSIASD/tec_web/miniprojet/forum/.git/refs/remotes/origin/main'
2025-05-04 13:17:36.495 [info] > git rev-parse refs/remotes/origin/main [2ms]
2025-05-04 13:17:36.539 [info] > git status -z -uall [22ms]
2025-05-04 13:17:36.541 [info] > git for-each-ref --sort -committerdate --format %(refname)%00%(objectname)%00%(*objectname) [3ms]
2025-05-04 13:17:41.599 [info] > git config --get commit.template [24ms]
2025-05-04 13:17:41.601 [info] > git for-each-ref --format=%(refname)%00%(upstream:short)%00%(objectname)%00%(upstream:track)%00%(upstream:remotename)%00%(upstream:remoteref) refs/heads/main refs/remotes/main [3ms]
2025-05-04 13:17:41.624 [warning] [Git][revParse] Unable to read file: ENOENT: no such file or directory, open '/home/nika/Documents/ENSIASD/tec_web/miniprojet/forum/.git/refs/remotes/origin/main'
2025-05-04 13:17:41.626 [info] > git rev-parse refs/remotes/origin/main [2ms]
2025-05-04 13:17:41.674 [info] > git status -z -uall [25ms]
2025-05-04 13:17:41.675 [info] > git for-each-ref --sort -committerdate --format %(refname)%00%(objectname)%00%(*objectname) [2ms]
2025-05-04 13:17:46.710 [info] > git config --get commit.template [3ms]
2025-05-04 13:17:46.739 [info] > git for-each-ref --format=%(refname)%00%(upstream:short)%00%(objectname)%00%(upstream:track)%00%(upstream:remotename)%00%(upstream:remoteref) refs/heads/main refs/remotes/main [3ms]
2025-05-04 13:17:46.769 [warning] [Git][revParse] Unable to read file: ENOENT: no such file or directory, open '/home/nika/Documents/ENSIASD/tec_web/miniprojet/forum/.git/refs/remotes/origin/main'
2025-05-04 13:17:46.771 [info] > git rev-parse refs/remotes/origin/main [2ms]
2025-05-04 13:17:46.820 [info] > git status -z -uall [23ms]
2025-05-04 13:17:46.823 [info] > git for-each-ref --sort -committerdate --format %(refname)%00%(objectname)%00%(*objectname) [6ms]
2025-05-04 13:17:51.806 [info] > git blame --root --incremental 01dc55254699b0fde0896206aacff3ad89aafa9d -- app/Models/User.php [2ms]
2025-05-04 13:17:51.863 [info] > git config --get commit.template [2ms]
2025-05-04 13:17:51.892 [info] > git for-each-ref --format=%(refname)%00%(upstream:short)%00%(objectname)%00%(upstream:track)%00%(upstream:remotename)%00%(upstream:remoteref) refs/heads/main refs/remotes/main [3ms]
2025-05-04 13:17:51.917 [warning] [Git][revParse] Unable to read file: ENOENT: no such file or directory, open '/home/nika/Documents/ENSIASD/tec_web/miniprojet/forum/.git/refs/remotes/origin/main'
2025-05-04 13:17:51.919 [info] > git rev-parse refs/remotes/origin/main [3ms]
2025-05-04 13:17:51.968 [info] > git status -z -uall [25ms]
2025-05-04 13:17:51.970 [info] > git for-each-ref --sort -committerdate --format %(refname)%00%(objectname)%00%(*objectname) [4ms]
2025-05-04 13:18:14.470 [info] > git config --get commit.template [28ms]
2025-05-04 13:18:14.471 [info] > git for-each-ref --format=%(refname)%00%(upstream:short)%00%(objectname)%00%(upstream:track)%00%(upstream:remotename)%00%(upstream:remoteref) refs/heads/main refs/remotes/main [2ms]
2025-05-04 13:18:14.489 [warning] [Git][revParse] Unable to read file: ENOENT: no such file or directory, open '/home/nika/Documents/ENSIASD/tec_web/miniprojet/forum/.git/refs/remotes/origin/main'
2025-05-04 13:18:14.490 [info] > git rev-parse refs/remotes/origin/main [1ms]
2025-05-04 13:18:14.532 [info] > git status -z -uall [25ms]
2025-05-04 13:18:14.535 [info] > git for-each-ref --sort -committerdate --format %(refname)%00%(objectname)%00%(*objectname) [5ms]
2025-05-04 13:18:19.589 [info] > git config --get commit.template [24ms]
2025-05-04 13:18:19.591 [info] > git for-each-ref --format=%(refname)%00%(upstream:short)%00%(objectname)%00%(upstream:track)%00%(upstream:remotename)%00%(upstream:remoteref) refs/heads/main refs/remotes/main [2ms]
2025-05-04 13:18:19.612 [warning] [Git][revParse] Unable to read file: ENOENT: no such file or directory, open '/home/nika/Documents/ENSIASD/tec_web/miniprojet/forum/.git/refs/remotes/origin/main'
2025-05-04 13:18:19.614 [info] > git rev-parse refs/remotes/origin/main [2ms]
2025-05-04 13:18:19.659 [info] > git status -z -uall [23ms]
2025-05-04 13:18:19.661 [info] > git for-each-ref --sort -committerdate --format %(refname)%00%(objectname)%00%(*objectname) [3ms]
2025-05-04 13:18:40.396 [info] > git config --get commit.template [25ms]
2025-05-04 13:18:40.397 [info] > git for-each-ref --format=%(refname)%00%(upstream:short)%00%(objectname)%00%(upstream:track)%00%(upstream:remotename)%00%(upstream:remoteref) refs/heads/main refs/remotes/main [2ms]
2025-05-04 13:18:40.430 [warning] [Git][revParse] Unable to read file: ENOENT: no such file or directory, open '/home/nika/Documents/ENSIASD/tec_web/miniprojet/forum/.git/refs/remotes/origin/main'
2025-05-04 13:18:40.435 [info] > git rev-parse refs/remotes/origin/main [5ms]
2025-05-04 13:18:40.502 [info] > git status -z -uall [32ms]
2025-05-04 13:18:40.502 [info] > git for-each-ref --sort -committerdate --format %(refname)%00%(objectname)%00%(*objectname) [2ms]
2025-05-04 13:18:45.569 [info] > git config --get commit.template [25ms]
2025-05-04 13:18:45.570 [info] > git for-each-ref --format=%(refname)%00%(upstream:short)%00%(objectname)%00%(upstream:track)%00%(upstream:remotename)%00%(upstream:remoteref) refs/heads/main refs/remotes/main [2ms]
2025-05-04 13:18:45.592 [warning] [Git][revParse] Unable to read file: ENOENT: no such file or directory, open '/home/nika/Documents/ENSIASD/tec_web/miniprojet/forum/.git/refs/remotes/origin/main'
2025-05-04 13:18:45.594 [info] > git rev-parse refs/remotes/origin/main [2ms]
2025-05-04 13:18:45.638 [info] > git status -z -uall [22ms]
2025-05-04 13:18:45.640 [info] > git for-each-ref --sort -committerdate --format %(refname)%00%(objectname)%00%(*objectname) [3ms]
2025-05-04 13:19:03.715 [info] > git check-ignore -v -z --stdin [2ms]
2025-05-04 13:19:04.272 [info] > git config --get commit.template [26ms]
2025-05-04 13:19:04.273 [info] > git for-each-ref --format=%(refname)%00%(upstream:short)%00%(objectname)%00%(upstream:track)%00%(upstream:remotename)%00%(upstream:remoteref) refs/heads/main refs/remotes/main [3ms]
2025-05-04 13:19:04.301 [warning] [Git][revParse] Unable to read file: ENOENT: no such file or directory, open '/home/nika/Documents/ENSIASD/tec_web/miniprojet/forum/.git/refs/remotes/origin/main'
2025-05-04 13:19:04.304 [info] > git rev-parse refs/remotes/origin/main [3ms]
2025-05-04 13:19:04.354 [info] > git status -z -uall [25ms]
2025-05-04 13:19:04.358 [info] > git for-each-ref --sort -committerdate --format %(refname)%00%(objectname)%00%(*objectname) [5ms]
2025-05-04 13:19:09.414 [info] > git config --get commit.template [24ms]
2025-05-04 13:19:09.415 [info] > git for-each-ref --format=%(refname)%00%(upstream:short)%00%(objectname)%00%(upstream:track)%00%(upstream:remotename)%00%(upstream:remoteref) refs/heads/main refs/remotes/main [2ms]
2025-05-04 13:19:09.437 [warning] [Git][revParse] Unable to read file: ENOENT: no such file or directory, open '/home/nika/Documents/ENSIASD/tec_web/miniprojet/forum/.git/refs/remotes/origin/main'
2025-05-04 13:19:09.439 [info] > git rev-parse refs/remotes/origin/main [2ms]
2025-05-04 13:19:09.485 [info] > git status -z -uall [24ms]
2025-05-04 13:19:09.487 [info] > git for-each-ref --sort -committerdate --format %(refname)%00%(objectname)%00%(*objectname) [3ms]
2025-05-04 13:19:32.056 [info] > git config --get commit.template [2ms]
2025-05-04 13:19:32.108 [info] > git for-each-ref --format=%(refname)%00%(upstream:short)%00%(objectname)%00%(upstream:track)%00%(upstream:remotename)%00%(upstream:remoteref) refs/heads/main refs/remotes/main [6ms]
2025-05-04 13:19:32.144 [warning] [Git][revParse] Unable to read file: ENOENT: no such file or directory, open '/home/nika/Documents/ENSIASD/tec_web/miniprojet/forum/.git/refs/remotes/origin/main'
2025-05-04 13:19:32.145 [info] > git rev-parse refs/remotes/origin/main [1ms]
2025-05-04 13:19:32.188 [info] > git status -z -uall [17ms]
2025-05-04 13:19:32.189 [info] > git for-each-ref --sort -committerdate --format %(refname)%00%(objectname)%00%(*objectname) [2ms]
2025-05-04 13:19:38.794 [info] > git config --get commit.template [28ms]
2025-05-04 13:19:38.795 [info] > git for-each-ref --format=%(refname)%00%(upstream:short)%00%(objectname)%00%(upstream:track)%00%(upstream:remotename)%00%(upstream:remoteref) refs/heads/main refs/remotes/main [3ms]
2025-05-04 13:19:38.825 [warning] [Git][revParse] Unable to read file: ENOENT: no such file or directory, open '/home/nika/Documents/ENSIASD/tec_web/miniprojet/forum/.git/refs/remotes/origin/main'
2025-05-04 13:19:38.826 [info] > git rev-parse refs/remotes/origin/main [2ms]
2025-05-04 13:19:38.876 [info] > git status -z -uall [30ms]
2025-05-04 13:19:38.879 [info] > git for-each-ref --sort -committerdate --format %(refname)%00%(objectname)%00%(*objectname) [5ms]
2025-05-04 13:19:47.692 [info] > git config --get commit.template [30ms]
2025-05-04 13:19:47.693 [info] > git for-each-ref --format=%(refname)%00%(upstream:short)%00%(objectname)%00%(upstream:track)%00%(upstream:remotename)%00%(upstream:remoteref) refs/heads/main refs/remotes/main [2ms]
2025-05-04 13:19:47.709 [warning] [Git][revParse] Unable to read file: ENOENT: no such file or directory, open '/home/nika/Documents/ENSIASD/tec_web/miniprojet/forum/.git/refs/remotes/origin/main'
2025-05-04 13:19:47.710 [info] > git rev-parse refs/remotes/origin/main [1ms]
2025-05-04 13:19:47.742 [info] > git status -z -uall [15ms]
2025-05-04 13:19:47.743 [info] > git for-each-ref --sort -committerdate --format %(refname)%00%(objectname)%00%(*objectname) [1ms]
2025-05-04 13:20:18.109 [info] > git check-ignore -v -z --stdin [2ms]
2025-05-04 13:20:18.664 [info] > git config --get commit.template [24ms]
2025-05-04 13:20:18.665 [info] > git for-each-ref --format=%(refname)%00%(upstream:short)%00%(objectname)%00%(upstream:track)%00%(upstream:remotename)%00%(upstream:remoteref) refs/heads/main refs/remotes/main [2ms]
2025-05-04 13:20:18.689 [warning] [Git][revParse] Unable to read file: ENOENT: no such file or directory, open '/home/nika/Documents/ENSIASD/tec_web/miniprojet/forum/.git/refs/remotes/origin/main'
2025-05-04 13:20:18.691 [info] > git rev-parse refs/remotes/origin/main [1ms]
2025-05-04 13:20:18.739 [info] > git status -z -uall [25ms]
2025-05-04 13:20:18.741 [info] > git for-each-ref --sort -committerdate --format %(refname)%00%(objectname)%00%(*objectname) [3ms]
2025-05-04 13:20:39.590 [info] > git config --get commit.template [31ms]
2025-05-04 13:20:39.592 [info] > git for-each-ref --format=%(refname)%00%(upstream:short)%00%(objectname)%00%(upstream:track)%00%(upstream:remotename)%00%(upstream:remoteref) refs/heads/main refs/remotes/main [3ms]
2025-05-04 13:20:39.615 [warning] [Git][revParse] Unable to read file: ENOENT: no such file or directory, open '/home/nika/Documents/ENSIASD/tec_web/miniprojet/forum/.git/refs/remotes/origin/main'
2025-05-04 13:20:39.618 [info] > git rev-parse refs/remotes/origin/main [3ms]
2025-05-04 13:20:39.674 [info] > git status -z -uall [29ms]
2025-05-04 13:20:39.678 [info] > git for-each-ref --sort -committerdate --format %(refname)%00%(objectname)%00%(*objectname) [7ms]
2025-05-04 13:20:47.238 [info] > git config --get commit.template [20ms]
2025-05-04 13:20:47.239 [info] > git for-each-ref --format=%(refname)%00%(upstream:short)%00%(objectname)%00%(upstream:track)%00%(upstream:remotename)%00%(upstream:remoteref) refs/heads/main refs/remotes/main [2ms]
2025-05-04 13:20:47.261 [warning] [Git][revParse] Unable to read file: ENOENT: no such file or directory, open '/home/nika/Documents/ENSIASD/tec_web/miniprojet/forum/.git/refs/remotes/origin/main'
2025-05-04 13:20:47.263 [info] > git rev-parse refs/remotes/origin/main [2ms]
2025-05-04 13:20:47.311 [info] > git status -z -uall [26ms]
2025-05-04 13:20:47.312 [info] > git for-each-ref --sort -committerdate --format %(refname)%00%(objectname)%00%(*objectname) [4ms]
2025-05-04 13:20:58.659 [info] > git config --get commit.template [23ms]
2025-05-04 13:20:58.660 [info] > git for-each-ref --format=%(refname)%00%(upstream:short)%00%(objectname)%00%(upstream:track)%00%(upstream:remotename)%00%(upstream:remoteref) refs/heads/main refs/remotes/main [1ms]
2025-05-04 13:20:58.678 [warning] [Git][revParse] Unable to read file: ENOENT: no such file or directory, open '/home/nika/Documents/ENSIASD/tec_web/miniprojet/forum/.git/refs/remotes/origin/main'
2025-05-04 13:20:58.679 [info] > git rev-parse refs/remotes/origin/main [2ms]
2025-05-04 13:20:58.719 [info] > git status -z -uall [23ms]
2025-05-04 13:20:58.720 [info] > git for-each-ref --sort -committerdate --format %(refname)%00%(objectname)%00%(*objectname) [2ms]
2025-05-04 13:21:07.350 [info] > git check-ignore -v -z --stdin [2ms]
2025-05-04 13:21:07.933 [info] > git config --get commit.template [24ms]
2025-05-04 13:21:07.934 [info] > git for-each-ref --format=%(refname)%00%(upstream:short)%00%(objectname)%00%(upstream:track)%00%(upstream:remotename)%00%(upstream:remoteref) refs/heads/main refs/remotes/main [3ms]
2025-05-04 13:21:07.958 [warning] [Git][revParse] Unable to read file: ENOENT: no such file or directory, open '/home/nika/Documents/ENSIASD/tec_web/miniprojet/forum/.git/refs/remotes/origin/main'
2025-05-04 13:21:07.959 [info] > git rev-parse refs/remotes/origin/main [1ms]
2025-05-04 13:21:08.008 [info] > git status -z -uall [25ms]
2025-05-04 13:21:08.010 [info] > git for-each-ref --sort -committerdate --format %(refname)%00%(objectname)%00%(*objectname) [3ms]
2025-05-04 13:21:21.245 [info] > git config --get commit.template [27ms]
2025-05-04 13:21:21.247 [info] > git for-each-ref --format=%(refname)%00%(upstream:short)%00%(objectname)%00%(upstream:track)%00%(upstream:remotename)%00%(upstream:remoteref) refs/heads/main refs/remotes/main [3ms]
2025-05-04 13:21:21.269 [warning] [Git][revParse] Unable to read file: ENOENT: no such file or directory, open '/home/nika/Documents/ENSIASD/tec_web/miniprojet/forum/.git/refs/remotes/origin/main'
2025-05-04 13:21:21.271 [info] > git rev-parse refs/remotes/origin/main [2ms]
2025-05-04 13:21:21.322 [info] > git status -z -uall [26ms]
2025-05-04 13:21:21.325 [info] > git for-each-ref --sort -committerdate --format %(refname)%00%(objectname)%00%(*objectname) [4ms]
2025-05-04 13:21:26.361 [info] > git config --get commit.template [2ms]
2025-05-04 13:21:26.386 [info] > git for-each-ref --format=%(refname)%00%(upstream:short)%00%(objectname)%00%(upstream:track)%00%(upstream:remotename)%00%(upstream:remoteref) refs/heads/main refs/remotes/main [2ms]
2025-05-04 13:21:26.409 [warning] [Git][revParse] Unable to read file: ENOENT: no such file or directory, open '/home/nika/Documents/ENSIASD/tec_web/miniprojet/forum/.git/refs/remotes/origin/main'
2025-05-04 13:21:26.410 [info] > git rev-parse refs/remotes/origin/main [2ms]
2025-05-04 13:21:26.458 [info] > git status -z -uall [24ms]
2025-05-04 13:21:26.460 [info] > git for-each-ref --sort -committerdate --format %(refname)%00%(objectname)%00%(*objectname) [4ms]
2025-05-04 13:21:44.293 [info] > git config --get commit.template [22ms]
2025-05-04 13:21:44.295 [info] > git for-each-ref --format=%(refname)%00%(upstream:short)%00%(objectname)%00%(upstream:track)%00%(upstream:remotename)%00%(upstream:remoteref) refs/heads/main refs/remotes/main [2ms]
2025-05-04 13:21:44.311 [warning] [Git][revParse] Unable to read file: ENOENT: no such file or directory, open '/home/nika/Documents/ENSIASD/tec_web/miniprojet/forum/.git/refs/remotes/origin/main'
2025-05-04 13:21:44.312 [info] > git rev-parse refs/remotes/origin/main [1ms]
2025-05-04 13:21:44.357 [info] > git status -z -uall [26ms]
2025-05-04 13:21:44.359 [info] > git for-each-ref --sort -committerdate --format %(refname)%00%(objectname)%00%(*objectname) [4ms]
2025-05-04 13:21:49.420 [info] > git config --get commit.template [23ms]
2025-05-04 13:21:49.421 [info] > git for-each-ref --format=%(refname)%00%(upstream:short)%00%(objectname)%00%(upstream:track)%00%(upstream:remotename)%00%(upstream:remoteref) refs/heads/main refs/remotes/main [2ms]
2025-05-04 13:21:49.442 [warning] [Git][revParse] Unable to read file: ENOENT: no such file or directory, open '/home/nika/Documents/ENSIASD/tec_web/miniprojet/forum/.git/refs/remotes/origin/main'
2025-05-04 13:21:49.444 [info] > git rev-parse refs/remotes/origin/main [2ms]
2025-05-04 13:21:49.489 [info] > git status -z -uall [23ms]
2025-05-04 13:21:49.491 [info] > git for-each-ref --sort -committerdate --format %(refname)%00%(objectname)%00%(*objectname) [3ms]
2025-05-04 13:21:53.475 [info] > git check-ignore -v -z --stdin [3ms]
2025-05-04 13:21:54.523 [info] > git config --get commit.template [2ms]
2025-05-04 13:21:54.549 [info] > git for-each-ref --format=%(refname)%00%(upstream:short)%00%(objectname)%00%(upstream:track)%00%(upstream:remotename)%00%(upstream:remoteref) refs/heads/main refs/remotes/main [2ms]
2025-05-04 13:21:54.571 [warning] [Git][revParse] Unable to read file: ENOENT: no such file or directory, open '/home/nika/Documents/ENSIASD/tec_web/miniprojet/forum/.git/refs/remotes/origin/main'
2025-05-04 13:21:54.573 [info] > git rev-parse refs/remotes/origin/main [2ms]
2025-05-04 13:21:54.617 [info] > git status -z -uall [23ms]
2025-05-04 13:21:54.620 [info] > git for-each-ref --sort -committerdate --format %(refname)%00%(objectname)%00%(*objectname) [4ms]
2025-05-04 13:22:00.038 [info] > git config --get commit.template [23ms]
2025-05-04 13:22:00.039 [info] > git for-each-ref --format=%(refname)%00%(upstream:short)%00%(objectname)%00%(upstream:track)%00%(upstream:remotename)%00%(upstream:remoteref) refs/heads/main refs/remotes/main [2ms]
2025-05-04 13:22:00.061 [warning] [Git][revParse] Unable to read file: ENOENT: no such file or directory, open '/home/nika/Documents/ENSIASD/tec_web/miniprojet/forum/.git/refs/remotes/origin/main'
2025-05-04 13:22:00.063 [info] > git rev-parse refs/remotes/origin/main [2ms]
2025-05-04 13:22:00.109 [info] > git status -z -uall [23ms]
2025-05-04 13:22:00.110 [info] > git for-each-ref --sort -committerdate --format %(refname)%00%(objectname)%00%(*objectname) [2ms]
2025-05-04 13:22:05.911 [info] > git config --get commit.template [2ms]
2025-05-04 13:22:05.938 [info] > git for-each-ref --format=%(refname)%00%(upstream:short)%00%(objectname)%00%(upstream:track)%00%(upstream:remotename)%00%(upstream:remoteref) refs/heads/main refs/remotes/main [2ms]
2025-05-04 13:22:05.964 [warning] [Git][revParse] Unable to read file: ENOENT: no such file or directory, open '/home/nika/Documents/ENSIASD/tec_web/miniprojet/forum/.git/refs/remotes/origin/main'
2025-05-04 13:22:05.966 [info] > git rev-parse refs/remotes/origin/main [2ms]
2025-05-04 13:22:06.020 [info] > git status -z -uall [31ms]
2025-05-04 13:22:06.021 [info] > git for-each-ref --sort -committerdate --format %(refname)%00%(objectname)%00%(*objectname) [4ms]
2025-05-04 13:22:11.081 [info] > git config --get commit.template [26ms]
2025-05-04 13:22:11.082 [info] > git for-each-ref --format=%(refname)%00%(upstream:short)%00%(objectname)%00%(upstream:track)%00%(upstream:remotename)%00%(upstream:remoteref) refs/heads/main refs/remotes/main [2ms]
2025-05-04 13:22:11.105 [warning] [Git][revParse] Unable to read file: ENOENT: no such file or directory, open '/home/nika/Documents/ENSIASD/tec_web/miniprojet/forum/.git/refs/remotes/origin/main'
2025-05-04 13:22:11.107 [info] > git rev-parse refs/remotes/origin/main [2ms]
2025-05-04 13:22:11.155 [info] > git status -z -uall [24ms]
2025-05-04 13:22:11.157 [info] > git for-each-ref --sort -committerdate --format %(refname)%00%(objectname)%00%(*objectname) [2ms]
2025-05-04 13:22:14.434 [info] > git show --textconv :app/Models/User.php [27ms]
2025-05-04 13:22:14.437 [info] > git ls-files --stage -- app/Models/User.php [3ms]
2025-05-04 13:22:14.464 [info] > git cat-file -s 749c7b77d9befa8c8726db91a4ba38ff777cc8ff [3ms]
2025-05-04 13:22:16.215 [info] > git config --get commit.template [24ms]
2025-05-04 13:22:16.217 [info] > git for-each-ref --format=%(refname)%00%(upstream:short)%00%(objectname)%00%(upstream:track)%00%(upstream:remotename)%00%(upstream:remoteref) refs/heads/main refs/remotes/main [3ms]
2025-05-04 13:22:16.240 [warning] [Git][revParse] Unable to read file: ENOENT: no such file or directory, open '/home/nika/Documents/ENSIASD/tec_web/miniprojet/forum/.git/refs/remotes/origin/main'
2025-05-04 13:22:16.243 [info] > git rev-parse refs/remotes/origin/main [3ms]
2025-05-04 13:22:16.291 [info] > git status -z -uall [25ms]
2025-05-04 13:22:16.293 [info] > git for-each-ref --sort -committerdate --format %(refname)%00%(objectname)%00%(*objectname) [3ms]
2025-05-04 13:22:17.919 [info] > git show --textconv :.env [27ms]
2025-05-04 13:22:17.920 [warning] [GitFileSystemProvider][readFile] File not found - git:/home/nika/Documents/ENSIASD/tec_web/miniprojet/forum/.env.git?%7B%22path%22%3A%22%2Fhome%2Fnika%2FDocuments%2FENSIASD%2Ftec_web%2Fminiprojet%2Fforum%2F.env%22%2C%22ref%22%3A%22%22%7D
2025-05-04 13:22:17.921 [info] > git ls-files --stage -- .env [5ms]
2025-05-04 13:22:17.922 [warning] [GitFileSystemProvider][stat] File not found - git:/home/nika/Documents/ENSIASD/tec_web/miniprojet/forum/.env.git?%7B%22path%22%3A%22%2Fhome%2Fnika%2FDocuments%2FENSIASD%2Ftec_web%2Fminiprojet%2Fforum%2F.env%22%2C%22ref%22%3A%22%22%7D
2025-05-04 13:22:21.355 [info] > git config --get commit.template [25ms]
2025-05-04 13:22:21.357 [info] > git for-each-ref --format=%(refname)%00%(upstream:short)%00%(objectname)%00%(upstream:track)%00%(upstream:remotename)%00%(upstream:remoteref) refs/heads/main refs/remotes/main [3ms]
2025-05-04 13:22:21.379 [warning] [Git][revParse] Unable to read file: ENOENT: no such file or directory, open '/home/nika/Documents/ENSIASD/tec_web/miniprojet/forum/.git/refs/remotes/origin/main'
2025-05-04 13:22:21.380 [info] > git rev-parse refs/remotes/origin/main [2ms]
2025-05-04 13:22:21.425 [info] > git status -z -uall [23ms]
2025-05-04 13:22:21.427 [info] > git for-each-ref --sort -committerdate --format %(refname)%00%(objectname)%00%(*objectname) [3ms]
2025-05-04 13:22:26.285 [info] > git show --textconv :app/Models/User.php [26ms]
2025-05-04 13:22:26.287 [info] > git ls-files --stage -- app/Models/User.php [3ms]
2025-05-04 13:22:26.314 [info] > git cat-file -s 749c7b77d9befa8c8726db91a4ba38ff777cc8ff [3ms]
2025-05-04 13:22:26.472 [info] > git config --get commit.template [7ms]
2025-05-04 13:22:26.500 [info] > git for-each-ref --format=%(refname)%00%(upstream:short)%00%(objectname)%00%(upstream:track)%00%(upstream:remotename)%00%(upstream:remoteref) refs/heads/main refs/remotes/main [2ms]
2025-05-04 13:22:26.525 [warning] [Git][revParse] Unable to read file: ENOENT: no such file or directory, open '/home/nika/Documents/ENSIASD/tec_web/miniprojet/forum/.git/refs/remotes/origin/main'
2025-05-04 13:22:26.527 [info] > git rev-parse refs/remotes/origin/main [2ms]
2025-05-04 13:22:26.579 [info] > git status -z -uall [27ms]
2025-05-04 13:22:26.581 [info] > git for-each-ref --sort -committerdate --format %(refname)%00%(objectname)%00%(*objectname) [3ms]
2025-05-04 13:22:31.644 [info] > git config --get commit.template [26ms]
2025-05-04 13:22:31.645 [info] > git for-each-ref --format=%(refname)%00%(upstream:short)%00%(objectname)%00%(upstream:track)%00%(upstream:remotename)%00%(upstream:remoteref) refs/heads/main refs/remotes/main [3ms]
2025-05-04 13:22:31.671 [warning] [Git][revParse] Unable to read file: ENOENT: no such file or directory, open '/home/nika/Documents/ENSIASD/tec_web/miniprojet/forum/.git/refs/remotes/origin/main'
2025-05-04 13:22:31.673 [info] > git rev-parse refs/remotes/origin/main [2ms]
2025-05-04 13:22:31.722 [info] > git status -z -uall [26ms]
2025-05-04 13:22:31.725 [info] > git for-each-ref --sort -committerdate --format %(refname)%00%(objectname)%00%(*objectname) [5ms]
2025-05-04 13:22:36.760 [info] > git config --get commit.template [3ms]
2025-05-04 13:22:36.784 [info] > git for-each-ref --format=%(refname)%00%(upstream:short)%00%(objectname)%00%(upstream:track)%00%(upstream:remotename)%00%(upstream:remoteref) refs/heads/main refs/remotes/main [2ms]
2025-05-04 13:22:36.807 [warning] [Git][revParse] Unable to read file: ENOENT: no such file or directory, open '/home/nika/Documents/ENSIASD/tec_web/miniprojet/forum/.git/refs/remotes/origin/main'
2025-05-04 13:22:36.809 [info] > git rev-parse refs/remotes/origin/main [2ms]
2025-05-04 13:22:36.854 [info] > git status -z -uall [23ms]
2025-05-04 13:22:36.857 [info] > git for-each-ref --sort -committerdate --format %(refname)%00%(objectname)%00%(*objectname) [4ms]
2025-05-04 13:22:37.021 [info] > git check-ignore -v -z --stdin [2ms]
2025-05-04 13:22:37.665 [info] > git show --textconv :database/seeders/DatabaseSeeder.php [28ms]
2025-05-04 13:22:37.667 [info] > git ls-files --stage -- database/seeders/DatabaseSeeder.php [3ms]
2025-05-04 13:22:37.694 [info] > git cat-file -s d01a0ef2f7ffeb30b856a70a7daedf47d9b6b31b [3ms]
2025-05-04 13:27:05.057 [info] > git config --get commit.template [15ms]
2025-05-04 13:27:05.058 [info] > git for-each-ref --format=%(refname)%00%(upstream:short)%00%(objectname)%00%(upstream:track)%00%(upstream:remotename)%00%(upstream:remoteref) refs/heads/main refs/remotes/main [1ms]
2025-05-04 13:27:05.075 [warning] [Git][revParse] Unable to read file: ENOENT: no such file or directory, open '/home/nika/Documents/ENSIASD/tec_web/miniprojet/forum/.git/refs/remotes/origin/main'
2025-05-04 13:27:05.076 [info] > git rev-parse refs/remotes/origin/main [1ms]
2025-05-04 13:27:05.112 [info] > git status -z -uall [18ms]
2025-05-04 13:27:05.113 [info] > git for-each-ref --sort -committerdate --format %(refname)%00%(objectname)%00%(*objectname) [2ms]
2025-05-04 13:27:09.334 [info] > git show --textconv :app/Models/User.php [26ms]
2025-05-04 13:27:09.336 [info] > git ls-files --stage -- app/Models/User.php [3ms]
2025-05-04 13:27:09.364 [info] > git cat-file -s 749c7b77d9befa8c8726db91a4ba38ff777cc8ff [3ms]
2025-05-04 13:27:10.180 [info] > git config --get commit.template [32ms]
2025-05-04 13:27:10.182 [info] > git for-each-ref --format=%(refname)%00%(upstream:short)%00%(objectname)%00%(upstream:track)%00%(upstream:remotename)%00%(upstream:remoteref) refs/heads/main refs/remotes/main [2ms]
2025-05-04 13:27:10.208 [warning] [Git][revParse] Unable to read file: ENOENT: no such file or directory, open '/home/nika/Documents/ENSIASD/tec_web/miniprojet/forum/.git/refs/remotes/origin/main'
2025-05-04 13:27:10.210 [info] > git rev-parse refs/remotes/origin/main [2ms]
2025-05-04 13:27:10.264 [info] > git status -z -uall [27ms]
2025-05-04 13:27:10.267 [info] > git for-each-ref --sort -committerdate --format %(refname)%00%(objectname)%00%(*objectname) [4ms]
2025-05-04 13:27:16.193 [info] > git check-ignore -v -z --stdin [3ms]
2025-05-04 13:27:16.758 [info] > git config --get commit.template [25ms]
2025-05-04 13:27:16.760 [info] > git for-each-ref --format=%(refname)%00%(upstream:short)%00%(objectname)%00%(upstream:track)%00%(upstream:remotename)%00%(upstream:remoteref) refs/heads/main refs/remotes/main [3ms]
2025-05-04 13:27:16.785 [warning] [Git][revParse] Unable to read file: ENOENT: no such file or directory, open '/home/nika/Documents/ENSIASD/tec_web/miniprojet/forum/.git/refs/remotes/origin/main'
2025-05-04 13:27:16.787 [info] > git rev-parse refs/remotes/origin/main [2ms]
2025-05-04 13:27:16.836 [info] > git status -z -uall [25ms]
2025-05-04 13:27:16.841 [info] > git for-each-ref --sort -committerdate --format %(refname)%00%(objectname)%00%(*objectname) [6ms]
2025-05-04 13:27:25.062 [info] > git config --get commit.template [15ms]
2025-05-04 13:27:25.063 [info] > git for-each-ref --format=%(refname)%00%(upstream:short)%00%(objectname)%00%(upstream:track)%00%(upstream:remotename)%00%(upstream:remoteref) refs/heads/main refs/remotes/main [1ms]
2025-05-04 13:27:25.083 [warning] [Git][revParse] Unable to read file: ENOENT: no such file or directory, open '/home/nika/Documents/ENSIASD/tec_web/miniprojet/forum/.git/refs/remotes/origin/main'
2025-05-04 13:27:25.084 [info] > git rev-parse refs/remotes/origin/main [1ms]
2025-05-04 13:27:25.132 [info] > git status -z -uall [25ms]
2025-05-04 13:27:25.134 [info] > git for-each-ref --sort -committerdate --format %(refname)%00%(objectname)%00%(*objectname) [4ms]
2025-05-04 13:27:30.190 [info] > git config --get commit.template [24ms]
2025-05-04 13:27:30.191 [info] > git for-each-ref --format=%(refname)%00%(upstream:short)%00%(objectname)%00%(upstream:track)%00%(upstream:remotename)%00%(upstream:remoteref) refs/heads/main refs/remotes/main [2ms]
2025-05-04 13:27:30.213 [warning] [Git][revParse] Unable to read file: ENOENT: no such file or directory, open '/home/nika/Documents/ENSIASD/tec_web/miniprojet/forum/.git/refs/remotes/origin/main'
2025-05-04 13:27:30.215 [info] > git rev-parse refs/remotes/origin/main [2ms]
2025-05-04 13:27:30.261 [info] > git status -z -uall [24ms]
2025-05-04 13:27:30.262 [info] > git for-each-ref --sort -committerdate --format %(refname)%00%(objectname)%00%(*objectname) [2ms]
2025-05-04 13:27:35.321 [info] > git config --get commit.template [27ms]
2025-05-04 13:27:35.323 [info] > git for-each-ref --format=%(refname)%00%(upstream:short)%00%(objectname)%00%(upstream:track)%00%(upstream:remotename)%00%(upstream:remoteref) refs/heads/main refs/remotes/main [3ms]
2025-05-04 13:27:35.347 [warning] [Git][revParse] Unable to read file: ENOENT: no such file or directory, open '/home/nika/Documents/ENSIASD/tec_web/miniprojet/forum/.git/refs/remotes/origin/main'
2025-05-04 13:27:35.349 [info] > git rev-parse refs/remotes/origin/main [2ms]
2025-05-04 13:27:35.400 [info] > git status -z -uall [24ms]
2025-05-04 13:27:35.402 [info] > git for-each-ref --sort -committerdate --format %(refname)%00%(objectname)%00%(*objectname) [3ms]
2025-05-04 13:28:23.422 [info] > git config --get commit.template [26ms]
2025-05-04 13:28:23.423 [info] > git for-each-ref --format=%(refname)%00%(upstream:short)%00%(objectname)%00%(upstream:track)%00%(upstream:remotename)%00%(upstream:remoteref) refs/heads/main refs/remotes/main [2ms]
2025-05-04 13:28:23.444 [warning] [Git][revParse] Unable to read file: ENOENT: no such file or directory, open '/home/nika/Documents/ENSIASD/tec_web/miniprojet/forum/.git/refs/remotes/origin/main'
2025-05-04 13:28:23.445 [info] > git rev-parse refs/remotes/origin/main [1ms]
2025-05-04 13:28:23.493 [info] > git status -z -uall [27ms]
2025-05-04 13:28:23.495 [info] > git for-each-ref --sort -committerdate --format %(refname)%00%(objectname)%00%(*objectname) [2ms]
2025-05-04 13:28:24.677 [info] > git show --textconv :database/seeders/DatabaseSeeder.php [29ms]
2025-05-04 13:28:24.679 [info] > git ls-files --stage -- database/seeders/DatabaseSeeder.php [3ms]
2025-05-04 13:28:24.708 [info] > git cat-file -s d01a0ef2f7ffeb30b856a70a7daedf47d9b6b31b [3ms]
2025-05-04 13:28:27.771 [info] > git blame --root --incremental 01dc55254699b0fde0896206aacff3ad89aafa9d -- database/seeders/DatabaseSeeder.php [4ms]
2025-05-04 13:28:28.558 [info] > git config --get commit.template [26ms]
2025-05-04 13:28:28.559 [info] > git for-each-ref --format=%(refname)%00%(upstream:short)%00%(objectname)%00%(upstream:track)%00%(upstream:remotename)%00%(upstream:remoteref) refs/heads/main refs/remotes/main [2ms]
2025-05-04 13:28:28.588 [warning] [Git][revParse] Unable to read file: ENOENT: no such file or directory, open '/home/nika/Documents/ENSIASD/tec_web/miniprojet/forum/.git/refs/remotes/origin/main'
2025-05-04 13:28:28.590 [info] > git rev-parse refs/remotes/origin/main [2ms]
2025-05-04 13:28:28.636 [info] > git status -z -uall [23ms]
2025-05-04 13:28:28.640 [info] > git for-each-ref --sort -committerdate --format %(refname)%00%(objectname)%00%(*objectname) [5ms]
2025-05-04 13:28:35.174 [info] > git for-each-ref --format=%(refname)%00%(upstream:short)%00%(objectname)%00%(upstream:track)%00%(upstream:remotename)%00%(upstream:remoteref) refs/heads/main refs/remotes/main [2ms]
2025-05-04 13:28:35.174 [info] > git config --get commit.template [18ms]
2025-05-04 13:28:35.212 [warning] [Git][revParse] Unable to read file: ENOENT: no such file or directory, open '/home/nika/Documents/ENSIASD/tec_web/miniprojet/forum/.git/refs/remotes/origin/main'
2025-05-04 13:28:35.214 [info] > git rev-parse refs/remotes/origin/main [2ms]
2025-05-04 13:28:35.246 [info] > git status -z -uall [17ms]
2025-05-04 13:28:35.247 [info] > git for-each-ref --sort -committerdate --format %(refname)%00%(objectname)%00%(*objectname) [2ms]
2025-05-04 13:28:40.305 [info] > git for-each-ref --format=%(refname)%00%(upstream:short)%00%(objectname)%00%(upstream:track)%00%(upstream:remotename)%00%(upstream:remoteref) refs/heads/main refs/remotes/main [2ms]
2025-05-04 13:28:40.306 [info] > git config --get commit.template [26ms]
2025-05-04 13:28:40.328 [warning] [Git][revParse] Unable to read file: ENOENT: no such file or directory, open '/home/nika/Documents/ENSIASD/tec_web/miniprojet/forum/.git/refs/remotes/origin/main'
2025-05-04 13:28:40.330 [info] > git rev-parse refs/remotes/origin/main [2ms]
2025-05-04 13:28:40.375 [info] > git status -z -uall [22ms]
2025-05-04 13:28:40.376 [info] > git for-each-ref --sort -committerdate --format %(refname)%00%(objectname)%00%(*objectname) [2ms]
2025-05-04 13:28:50.970 [info] > git config --get commit.template [25ms]
2025-05-04 13:28:50.971 [info] > git for-each-ref --format=%(refname)%00%(upstream:short)%00%(objectname)%00%(upstream:track)%00%(upstream:remotename)%00%(upstream:remoteref) refs/heads/main refs/remotes/main [2ms]
2025-05-04 13:28:50.993 [warning] [Git][revParse] Unable to read file: ENOENT: no such file or directory, open '/home/nika/Documents/ENSIASD/tec_web/miniprojet/forum/.git/refs/remotes/origin/main'
2025-05-04 13:28:50.995 [info] > git rev-parse refs/remotes/origin/main [2ms]
2025-05-04 13:28:51.040 [info] > git status -z -uall [22ms]
2025-05-04 13:28:51.043 [info] > git for-each-ref --sort -committerdate --format %(refname)%00%(objectname)%00%(*objectname) [4ms]
2025-05-04 13:28:59.630 [info] > git config --get commit.template [27ms]
2025-05-04 13:28:59.631 [info] > git for-each-ref --format=%(refname)%00%(upstream:short)%00%(objectname)%00%(upstream:track)%00%(upstream:remotename)%00%(upstream:remoteref) refs/heads/main refs/remotes/main [2ms]
2025-05-04 13:28:59.655 [warning] [Git][revParse] Unable to read file: ENOENT: no such file or directory, open '/home/nika/Documents/ENSIASD/tec_web/miniprojet/forum/.git/refs/remotes/origin/main'
2025-05-04 13:28:59.657 [info] > git rev-parse refs/remotes/origin/main [2ms]
2025-05-04 13:28:59.708 [info] > git status -z -uall [26ms]
2025-05-04 13:28:59.710 [info] > git for-each-ref --sort -committerdate --format %(refname)%00%(objectname)%00%(*objectname) [3ms]
2025-05-04 13:29:06.076 [info] > git config --get commit.template [24ms]
2025-05-04 13:29:06.077 [info] > git for-each-ref --format=%(refname)%00%(upstream:short)%00%(objectname)%00%(upstream:track)%00%(upstream:remotename)%00%(upstream:remoteref) refs/heads/main refs/remotes/main [2ms]
2025-05-04 13:29:06.099 [warning] [Git][revParse] Unable to read file: ENOENT: no such file or directory, open '/home/nika/Documents/ENSIASD/tec_web/miniprojet/forum/.git/refs/remotes/origin/main'
2025-05-04 13:29:06.102 [info] > git rev-parse refs/remotes/origin/main [3ms]
2025-05-04 13:29:06.148 [info] > git status -z -uall [23ms]
2025-05-04 13:29:06.151 [info] > git for-each-ref --sort -committerdate --format %(refname)%00%(objectname)%00%(*objectname) [3ms]
2025-05-04 13:29:16.028 [info] > git config --get commit.template [35ms]
2025-05-04 13:29:16.029 [info] > git for-each-ref --format=%(refname)%00%(upstream:short)%00%(objectname)%00%(upstream:track)%00%(upstream:remotename)%00%(upstream:remoteref) refs/heads/main refs/remotes/main [2ms]
2025-05-04 13:29:16.056 [warning] [Git][revParse] Unable to read file: ENOENT: no such file or directory, open '/home/nika/Documents/ENSIASD/tec_web/miniprojet/forum/.git/refs/remotes/origin/main'
2025-05-04 13:29:16.059 [info] > git rev-parse refs/remotes/origin/main [2ms]
2025-05-04 13:29:16.108 [info] > git status -z -uall [27ms]
2025-05-04 13:29:16.111 [info] > git for-each-ref --sort -committerdate --format %(refname)%00%(objectname)%00%(*objectname) [4ms]
2025-05-04 13:29:26.364 [info] > git config --get commit.template [32ms]
2025-05-04 13:29:26.366 [info] > git for-each-ref --format=%(refname)%00%(upstream:short)%00%(objectname)%00%(upstream:track)%00%(upstream:remotename)%00%(upstream:remoteref) refs/heads/main refs/remotes/main [2ms]
2025-05-04 13:29:26.397 [warning] [Git][revParse] Unable to read file: ENOENT: no such file or directory, open '/home/nika/Documents/ENSIASD/tec_web/miniprojet/forum/.git/refs/remotes/origin/main'
2025-05-04 13:29:26.399 [info] > git rev-parse refs/remotes/origin/main [2ms]
2025-05-04 13:29:26.462 [info] > git status -z -uall [32ms]
2025-05-04 13:29:26.464 [info] > git for-each-ref --sort -committerdate --format %(refname)%00%(objectname)%00%(*objectname) [3ms]
2025-05-04 13:29:31.530 [info] > git config --get commit.template [26ms]
2025-05-04 13:29:31.531 [info] > git for-each-ref --format=%(refname)%00%(upstream:short)%00%(objectname)%00%(upstream:track)%00%(upstream:remotename)%00%(upstream:remoteref) refs/heads/main refs/remotes/main [2ms]
2025-05-04 13:29:31.555 [warning] [Git][revParse] Unable to read file: ENOENT: no such file or directory, open '/home/nika/Documents/ENSIASD/tec_web/miniprojet/forum/.git/refs/remotes/origin/main'
2025-05-04 13:29:31.557 [info] > git rev-parse refs/remotes/origin/main [2ms]
2025-05-04 13:29:31.607 [info] > git status -z -uall [26ms]
2025-05-04 13:29:31.612 [info] > git for-each-ref --sort -committerdate --format %(refname)%00%(objectname)%00%(*objectname) [6ms]
2025-05-04 13:29:36.672 [info] > git config --get commit.template [26ms]
2025-05-04 13:29:36.673 [info] > git for-each-ref --format=%(refname)%00%(upstream:short)%00%(objectname)%00%(upstream:track)%00%(upstream:remotename)%00%(upstream:remoteref) refs/heads/main refs/remotes/main [2ms]
2025-05-04 13:29:36.698 [warning] [Git][revParse] Unable to read file: ENOENT: no such file or directory, open '/home/nika/Documents/ENSIASD/tec_web/miniprojet/forum/.git/refs/remotes/origin/main'
2025-05-04 13:29:36.700 [info] > git rev-parse refs/remotes/origin/main [2ms]
2025-05-04 13:29:36.750 [info] > git status -z -uall [26ms]
2025-05-04 13:29:36.756 [info] > git for-each-ref --sort -committerdate --format %(refname)%00%(objectname)%00%(*objectname) [6ms]
2025-05-04 13:29:46.522 [info] > git log --format=%H%n%aN%n%aE%n%at%n%ct%n%P%n%D%n%B -z --shortstat --diff-merges=first-parent -n50 --skip=0 --topo-order --decorate=full --stdin [5ms]
2025-05-04 13:29:47.151 [info] > git check-ignore -v -z --stdin [2ms]
2025-05-04 13:29:49.743 [info] > git check-ignore -v -z --stdin [3ms]
2025-05-04 13:29:50.001 [info] > git config --get commit.template [23ms]
2025-05-04 13:29:50.001 [info] > git for-each-ref --format=%(refname)%00%(upstream:short)%00%(objectname)%00%(upstream:track)%00%(upstream:remotename)%00%(upstream:remoteref) refs/heads/main refs/remotes/main [2ms]
2025-05-04 13:29:50.027 [warning] [Git][revParse] Unable to read file: ENOENT: no such file or directory, open '/home/nika/Documents/ENSIASD/tec_web/miniprojet/forum/.git/refs/remotes/origin/main'
2025-05-04 13:29:50.029 [info] > git rev-parse refs/remotes/origin/main [2ms]
2025-05-04 13:29:50.080 [info] > git status -z -uall [25ms]
2025-05-04 13:29:50.082 [info] > git for-each-ref --sort -committerdate --format %(refname)%00%(objectname)%00%(*objectname) [3ms]
2025-05-04 13:29:50.477 [info] > git check-ignore -v -z --stdin [2ms]
2025-05-04 13:29:51.410 [info] > git check-ignore -v -z --stdin [2ms]
2025-05-04 13:29:52.346 [info] > git check-ignore -v -z --stdin [1ms]
