2025-05-17 01:46:43.219 [info] Reading sessions from keychain...
2025-05-17 01:46:43.219 [info] Getting sessions for all scopes...
2025-05-17 01:46:43.220 [info] Getting sessions for all scopes...
2025-05-17 01:46:43.220 [info] Got 0 sessions for ...
2025-05-17 01:46:43.220 [info] Got 0 sessions for ...
2025-05-17 01:46:43.220 [info] Getting sessions for all scopes...
2025-05-17 01:46:43.220 [info] Got 0 sessions for ...
2025-05-17 01:46:43.220 [info] Getting sessions for all scopes...
2025-05-17 01:46:43.220 [info] Got 0 sessions for ...
2025-05-17 01:46:43.220 [info] Getting sessions for all scopes...
2025-05-17 01:46:43.220 [info] Got 0 sessions for ...
2025-05-17 01:46:43.220 [info] Getting sessions for all scopes...
2025-05-17 01:46:43.220 [info] Got 0 sessions for ...
2025-05-17 01:46:43.220 [info] Getting sessions for all scopes...
2025-05-17 01:46:43.220 [info] Got 0 sessions for ...
2025-05-17 01:46:43.220 [info] Getting sessions for all scopes...
2025-05-17 01:46:43.220 [info] Got 0 sessions for ...
2025-05-17 01:46:43.220 [info] Getting sessions for all scopes...
2025-05-17 01:46:43.220 [info] Got 0 sessions for ...
2025-05-17 01:46:43.220 [info] Getting sessions for all scopes...
2025-05-17 01:46:43.220 [info] Got 0 sessions for ...
2025-05-17 01:46:43.220 [info] Getting sessions for all scopes...
2025-05-17 01:46:43.220 [info] Got 0 sessions for ...
2025-05-17 01:46:43.220 [info] Getting sessions for all scopes...
2025-05-17 01:46:43.220 [info] Got 0 sessions for ...
2025-05-17 01:46:43.220 [info] Getting sessions for all scopes...
2025-05-17 01:46:43.220 [info] Got 0 sessions for ...
2025-05-17 01:46:43.281 [info] Getting sessions for all scopes...
2025-05-17 01:46:43.281 [info] Got 0 sessions for ...
2025-05-17 01:46:43.762 [info] Getting sessions for all scopes...
2025-05-17 01:46:43.762 [info] Got 0 sessions for ...
2025-05-17 01:46:43.805 [info] Getting sessions for project,read:org,read:user,repo,user:email,workflow...
2025-05-17 01:46:43.805 [info] Got 0 sessions for project,read:org,read:user,repo,user:email,workflow...
2025-05-17 01:46:43.811 [info] Getting sessions for read:user,repo,user:email,workflow...
2025-05-17 01:46:43.811 [info] Got 0 sessions for read:user,repo,user:email,workflow...
2025-05-17 01:46:43.812 [info] Getting sessions for read:user,repo,user:email...
2025-05-17 01:46:43.812 [info] Got 0 sessions for read:user,repo,user:email...
2025-05-17 01:46:43.814 [info] Getting sessions for read:user,repo,user:email,workflow...
2025-05-17 01:46:43.814 [info] Got 0 sessions for read:user,repo,user:email,workflow...
2025-05-17 01:46:44.927 [info] Getting sessions for all scopes...
2025-05-17 01:46:44.927 [info] Got 0 sessions for ...
2025-05-17 01:46:53.416 [info] Getting sessions for all scopes...
2025-05-17 01:46:53.416 [info] Got 0 sessions for ...
2025-05-17 01:46:53.416 [info] Getting sessions for all scopes...
2025-05-17 01:46:53.416 [info] Got 0 sessions for ...
2025-05-17 01:46:53.416 [info] Getting sessions for all scopes...
2025-05-17 01:46:53.416 [info] Got 0 sessions for ...
2025-05-17 01:46:53.531 [info] Getting sessions for all scopes...
2025-05-17 01:46:53.531 [info] Got 0 sessions for ...
2025-05-17 01:46:53.540 [info] Getting sessions for read:user,repo,user:email,workflow...
2025-05-17 01:46:53.541 [info] Got 0 sessions for read:user,repo,user:email,workflow...
2025-05-17 01:46:53.574 [info] Getting sessions for user:email...
2025-05-17 01:46:53.574 [info] Got 0 sessions for user:email...
2025-05-17 01:46:53.574 [info] Getting sessions for read:user,repo,user:email,workflow...
2025-05-17 01:46:53.574 [info] Got 0 sessions for read:user,repo,user:email,workflow...
2025-05-17 01:46:53.659 [info] Getting sessions for read:user...
2025-05-17 01:46:53.659 [info] Got 0 sessions for read:user...
2025-05-17 01:46:53.905 [info] Getting sessions for all scopes...
2025-05-17 01:46:53.905 [info] Got 0 sessions for ...
2025-05-17 01:46:53.941 [info] Getting sessions for user:email...
2025-05-17 01:46:53.941 [info] Got 0 sessions for user:email...
2025-05-17 01:46:53.971 [info] Getting sessions for user:email...
2025-05-17 01:46:53.973 [info] Got 0 sessions for user:email...
2025-05-17 01:46:54.038 [info] Getting sessions for all scopes...
2025-05-17 01:46:54.038 [info] Got 0 sessions for ...
2025-05-17 01:46:54.118 [info] Getting sessions for user:email...
2025-05-17 01:46:54.118 [info] Got 0 sessions for user:email...
2025-05-17 01:46:54.383 [info] Getting sessions for read:user,repo,user:email,workflow...
2025-05-17 01:46:54.383 [info] Got 0 sessions for read:user,repo,user:email,workflow...
2025-05-17 01:46:54.555 [info] Getting sessions for all scopes...
2025-05-17 01:46:54.555 [info] Got 0 sessions for ...
2025-05-17 01:46:54.729 [info] Getting sessions for user:email...
2025-05-17 01:46:54.729 [info] Got 0 sessions for user:email...
2025-05-17 01:46:54.819 [info] Getting sessions for all scopes...
2025-05-17 01:46:54.819 [info] Got 0 sessions for ...
2025-05-17 01:46:54.882 [info] Getting sessions for user:email...
2025-05-17 01:46:54.882 [info] Got 0 sessions for user:email...
2025-05-17 01:46:54.960 [info] Getting sessions for all scopes...
2025-05-17 01:46:54.960 [info] Got 0 sessions for ...
2025-05-17 01:46:54.961 [info] Getting sessions for read:user,repo,user:email,workflow...
2025-05-17 01:46:54.961 [info] Got 0 sessions for read:user,repo,user:email,workflow...
2025-05-17 01:46:54.962 [info] Getting sessions for all scopes...
2025-05-17 01:46:54.962 [info] Got 0 sessions for ...
2025-05-17 01:46:54.962 [info] Getting sessions for user:email...
2025-05-17 01:46:54.962 [info] Got 0 sessions for user:email...
2025-05-17 01:47:26.154 [info] Logging in with 'any' account...
2025-05-17 01:47:26.154 [info] Logging in for the following scopes: read:user repo user:email workflow
2025-05-17 01:47:26.172 [info] Trying without local server... (read:user repo user:email workflow)
2025-05-17 01:47:32.006 [error] User Cancelled
2025-05-17 01:47:33.091 [info] Trying with local server... (read:user repo user:email workflow)
2025-05-17 01:47:35.763 [info] Exchanging code for token...
2025-05-17 01:47:36.467 [info] Token exchange success!
2025-05-17 01:47:36.468 [info] Getting user info...
2025-05-17 01:47:37.002 [info] Got account info!
2025-05-17 01:47:37.003 [info] Storing 1 sessions...
2025-05-17 01:47:37.009 [info] Reading sessions from keychain...
2025-05-17 01:47:37.009 [info] Stored 1 sessions!
2025-05-17 01:47:37.009 [info] Login success!
2025-05-17 01:47:37.025 [info] Got stored sessions!
2025-05-17 01:47:37.025 [info] Got 1 verified sessions.
2025-05-17 01:47:37.025 [info] Getting sessions for all scopes...
2025-05-17 01:47:37.025 [info] Got 1 sessions for ...
2025-05-17 01:47:37.027 [info] Getting sessions for all scopes...
2025-05-17 01:47:37.027 [info] Got 1 sessions for ...
2025-05-17 01:47:37.027 [info] Getting sessions for all scopes...
2025-05-17 01:47:37.027 [info] Got 1 sessions for ...
2025-05-17 01:47:37.027 [info] Getting sessions for all scopes...
2025-05-17 01:47:37.027 [info] Got 1 sessions for ...
2025-05-17 01:47:37.028 [info] Getting sessions for all scopes...
2025-05-17 01:47:37.028 [info] Got 1 sessions for ...
2025-05-17 01:47:37.028 [info] Getting sessions for all scopes...
2025-05-17 01:47:37.028 [info] Got 1 sessions for ...
2025-05-17 01:47:37.028 [info] Getting sessions for project,read:org,read:user,repo,user:email,workflow...
2025-05-17 01:47:37.028 [info] Got 0 sessions for project,read:org,read:user,repo,user:email,workflow...
2025-05-17 01:47:37.028 [info] Getting sessions for all scopes...
2025-05-17 01:47:37.028 [info] Got 1 sessions for ...
2025-05-17 01:47:37.029 [info] Getting sessions for all scopes...
2025-05-17 01:47:37.029 [info] Got 1 sessions for ...
2025-05-17 01:47:37.029 [info] Getting sessions for read:user,repo,user:email,workflow...
2025-05-17 01:47:37.029 [info] Got 1 sessions for read:user,repo,user:email,workflow...
2025-05-17 01:47:37.029 [info] Getting sessions for read:user,repo,user:email,workflow...
2025-05-17 01:47:37.029 [info] Got 1 sessions for read:user,repo,user:email,workflow...
2025-05-17 01:47:37.075 [info] Getting sessions for read:user,repo,user:email,workflow...
2025-05-17 01:47:37.075 [info] Got 1 sessions for read:user,repo,user:email,workflow...
2025-05-17 01:47:37.075 [info] Getting sessions for read:user,repo,user:email,workflow...
2025-05-17 01:47:37.075 [info] Got 1 sessions for read:user,repo,user:email,workflow...
2025-05-17 01:47:37.178 [info] Getting sessions for all scopes...
2025-05-17 01:47:37.178 [info] Got 1 sessions for ...
2025-05-17 01:47:37.249 [info] Getting sessions for read:user,repo,user:email,workflow...
2025-05-17 01:47:37.249 [info] Got 1 sessions for read:user,repo,user:email,workflow...
2025-05-17 01:47:37.253 [info] Getting sessions for all scopes...
2025-05-17 01:47:37.253 [info] Got 1 sessions for ...
2025-05-17 01:47:37.254 [info] Getting sessions for read:user,repo,user:email,workflow...
2025-05-17 01:47:37.254 [info] Got 1 sessions for read:user,repo,user:email,workflow...
2025-05-17 01:47:37.659 [info] Getting sessions for read:user,repo,user:email,workflow...
2025-05-17 01:47:37.659 [info] Got 1 sessions for read:user,repo,user:email,workflow...
2025-05-17 01:47:37.677 [info] Getting sessions for read:user,repo,user:email,workflow...
2025-05-17 01:47:37.677 [info] Got 1 sessions for read:user,repo,user:email,workflow...
2025-05-17 01:47:38.227 [info] Getting sessions for all scopes...
2025-05-17 01:47:38.227 [info] Got 1 sessions for ...
2025-05-17 01:47:38.227 [info] Getting sessions for all scopes...
2025-05-17 01:47:38.227 [info] Got 1 sessions for ...
2025-05-17 01:47:38.228 [info] Getting sessions for read:user,repo,user:email,workflow...
2025-05-17 01:47:38.228 [info] Got 1 sessions for read:user,repo,user:email,workflow...
2025-05-17 01:47:38.228 [info] Getting sessions for all scopes...
2025-05-17 01:47:38.228 [info] Got 1 sessions for ...
2025-05-17 01:47:38.229 [info] Getting sessions for read:user,repo,user:email,workflow...
2025-05-17 01:47:38.229 [info] Got 1 sessions for read:user,repo,user:email,workflow...
2025-05-17 01:47:38.280 [info] Getting sessions for all scopes...
2025-05-17 01:47:38.280 [info] Got 1 sessions for ...
2025-05-17 01:47:38.280 [info] Getting sessions for all scopes...
2025-05-17 01:47:38.280 [info] Got 1 sessions for ...
2025-05-17 01:47:38.280 [info] Getting sessions for read:user,repo,user:email,workflow...
2025-05-17 01:47:38.280 [info] Got 1 sessions for read:user,repo,user:email,workflow...
2025-05-17 01:47:38.283 [info] Getting sessions for all scopes...
2025-05-17 01:47:38.283 [info] Got 1 sessions for ...
2025-05-17 01:47:38.284 [info] Getting sessions for all scopes...
2025-05-17 01:47:38.284 [info] Got 1 sessions for ...
2025-05-17 01:47:38.284 [info] Getting sessions for all scopes...
2025-05-17 01:47:38.284 [info] Got 1 sessions for ...
2025-05-17 01:47:38.286 [info] Getting sessions for read:user,repo,user:email,workflow...
2025-05-17 01:47:38.286 [info] Got 1 sessions for read:user,repo,user:email,workflow...
